<?xml version="1.0" encoding="UTF-8"?>
<coverage generated="1505138271235" clover="3.2.0">
  <project timestamp="1505138271235" name="All files">
    <metrics statements="7041" coveredstatements="4505" conditionals="5914" coveredconditionals="2725" methods="2192" coveredmethods="1349" elements="15147" coveredelements="8579" complexity="0" loc="7041" ncloc="7041" packages="28" files="201" classes="201">
      <package name="src">
        <metrics statements="48" coveredstatements="48" conditionals="10" coveredconditionals="10" methods="2" coveredmethods="2"/>
        <file name="TimeshifterMoment.js" path="C:\Sandbox\WS_17.5\LightWeight_Static\react-app\src\main\resources\app\src\TimeshifterMoment.js">
          <metrics statements="38" coveredstatements="38" conditionals="10" coveredconditionals="10" methods="2" coveredmethods="2"/>
          <line num="10" count="272" type="stmt"/>
          <line num="12" count="272" type="stmt"/>
          <line num="14" count="3250" type="stmt"/>
          <line num="19" count="3250" type="cond" truecount="2" falsecount="0"/>
          <line num="20" count="775" type="stmt"/>
          <line num="23" count="2475" type="cond" truecount="4" falsecount="0"/>
          <line num="25" count="5" type="stmt"/>
          <line num="30" count="2470" type="stmt"/>
          <line num="33" count="3250" type="stmt"/>
          <line num="38" count="272" type="stmt"/>
          <line num="40" count="272" type="stmt"/>
          <line num="41" count="272" type="stmt"/>
          <line num="42" count="272" type="stmt"/>
          <line num="43" count="272" type="stmt"/>
          <line num="44" count="272" type="stmt"/>
          <line num="45" count="272" type="stmt"/>
          <line num="46" count="272" type="stmt"/>
          <line num="47" count="272" type="stmt"/>
          <line num="48" count="272" type="stmt"/>
          <line num="49" count="272" type="stmt"/>
          <line num="50" count="272" type="stmt"/>
          <line num="51" count="272" type="stmt"/>
          <line num="52" count="272" type="stmt"/>
          <line num="53" count="272" type="stmt"/>
          <line num="54" count="272" type="stmt"/>
          <line num="55" count="272" type="stmt"/>
          <line num="56" count="272" type="stmt"/>
          <line num="57" count="272" type="stmt"/>
          <line num="58" count="272" type="stmt"/>
          <line num="59" count="272" type="stmt"/>
          <line num="60" count="272" type="stmt"/>
          <line num="61" count="272" type="stmt"/>
          <line num="62" count="272" type="stmt"/>
          <line num="63" count="272" type="stmt"/>
          <line num="64" count="272" type="stmt"/>
          <line num="65" count="272" type="stmt"/>
          <line num="68" count="272" type="stmt"/>
          <line num="69" count="2414" type="cond" truecount="4" falsecount="0"/>
        </file>
        <file name="types.js" path="C:\Sandbox\WS_17.5\LightWeight_Static\react-app\src\main\resources\app\src\types.js">
          <metrics statements="10" coveredstatements="10" conditionals="0" coveredconditionals="0" methods="0" coveredmethods="0"/>
          <line num="3" count="223" type="stmt"/>
          <line num="5" count="223" type="stmt"/>
          <line num="18" count="223" type="stmt"/>
          <line num="32" count="223" type="stmt"/>
          <line num="47" count="223" type="stmt"/>
          <line num="52" count="223" type="stmt"/>
          <line num="56" count="223" type="stmt"/>
          <line num="60" count="223" type="stmt"/>
          <line num="68" count="223" type="stmt"/>
          <line num="78" count="223" type="stmt"/>
        </file>
      </package>
      <package name="src.Actions">
        <metrics statements="1125" coveredstatements="923" conditionals="850" coveredconditionals="545" methods="292" coveredmethods="266"/>
        <file name="AccountActions.js" path="C:\Sandbox\WS_17.5\LightWeight_Static\react-app\src\main\resources\app\src\Actions\AccountActions.js">
          <metrics statements="57" coveredstatements="45" conditionals="62" coveredconditionals="44" methods="8" coveredmethods="8"/>
          <line num="10" count="11" type="stmt"/>
          <line num="17" count="11" type="stmt"/>
          <line num="19" count="12" type="cond" truecount="1" falsecount="1"/>
          <line num="21" count="12" type="stmt"/>
          <line num="24" count="12" type="cond" truecount="1" falsecount="1"/>
          <line num="25" count="0" type="stmt"/>
          <line num="28" count="12" type="cond" truecount="3" falsecount="1"/>
          <line num="30" count="0" type="stmt"/>
          <line num="33" count="12" type="cond" truecount="2" falsecount="0"/>
          <line num="34" count="11" type="cond" truecount="1" falsecount="1"/>
          <line num="38" count="12" type="cond" truecount="2" falsecount="0"/>
          <line num="39" count="11" type="stmt"/>
          <line num="42" count="12" type="cond" truecount="2" falsecount="0"/>
          <line num="43" count="11" type="stmt"/>
          <line num="46" count="12" type="cond" truecount="3" falsecount="1"/>
          <line num="47" count="0" type="stmt"/>
          <line num="52" count="12" type="stmt"/>
          <line num="56" count="11" type="stmt"/>
          <line num="62" count="1" type="stmt"/>
          <line num="66" count="3" type="stmt"/>
          <line num="74" count="8" type="stmt"/>
          <line num="76" count="8" type="stmt"/>
          <line num="85" count="8" type="cond" truecount="4" falsecount="0"/>
          <line num="92" count="7" type="stmt"/>
          <line num="96" count="1" type="cond" truecount="1" falsecount="1"/>
          <line num="98" count="0" type="cond" truecount="0" falsecount="2"/>
          <line num="102" count="0" type="stmt"/>
          <line num="108" count="0" type="stmt"/>
          <line num="111" count="0" type="cond" truecount="0" falsecount="2"/>
          <line num="112" count="0" type="stmt"/>
          <line num="114" count="0" type="cond" truecount="0" falsecount="2"/>
          <line num="115" count="0" type="stmt"/>
          <line num="120" count="1" type="stmt"/>
          <line num="131" count="1" type="stmt"/>
          <line num="139" count="1" type="stmt"/>
          <line num="148" count="4" type="stmt"/>
          <line num="150" count="4" type="stmt"/>
          <line num="152" count="16" type="cond" truecount="2" falsecount="0"/>
          <line num="153" count="1" type="stmt"/>
          <line num="156" count="3" type="stmt"/>
          <line num="165" count="3" type="cond" truecount="2" falsecount="2"/>
          <line num="167" count="3" type="cond" truecount="4" falsecount="0"/>
          <line num="168" count="1" type="stmt"/>
          <line num="170" count="2" type="cond" truecount="4" falsecount="0"/>
          <line num="171" count="1" type="stmt"/>
          <line num="174" count="1" type="cond" truecount="2" falsecount="2"/>
          <line num="176" count="1" type="stmt"/>
          <line num="178" count="1" type="cond" truecount="3" falsecount="1"/>
          <line num="180" count="0" type="stmt"/>
          <line num="185" count="0" type="stmt"/>
          <line num="197" count="3" type="stmt"/>
          <line num="202" count="3" type="stmt"/>
          <line num="211" count="3" type="cond" truecount="4" falsecount="0"/>
          <line num="212" count="2" type="cond" truecount="2" falsecount="0"/>
          <line num="213" count="1" type="stmt"/>
          <line num="216" count="1" type="stmt"/>
          <line num="220" count="1" type="stmt"/>
        </file>
        <file name="AddressActions.js" path="C:\Sandbox\WS_17.5\LightWeight_Static\react-app\src\main\resources\app\src\Actions\AddressActions.js">
          <metrics statements="57" coveredstatements="49" conditionals="52" coveredconditionals="44" methods="12" coveredmethods="9"/>
          <line num="8" count="16" type="stmt"/>
          <line num="10" count="16" type="stmt"/>
          <line num="20" count="7" type="cond" truecount="1" falsecount="1"/>
          <line num="22" count="7" type="stmt"/>
          <line num="25" count="7" type="stmt"/>
          <line num="33" count="7" type="cond" truecount="3" falsecount="1"/>
          <line num="34" count="7" type="stmt"/>
          <line num="35" count="7" type="stmt"/>
          <line num="37" count="7" type="cond" truecount="4" falsecount="0"/>
          <line num="38" count="2" type="cond" truecount="2" falsecount="0"/>
          <line num="40" count="5" type="cond" truecount="2" falsecount="0"/>
          <line num="44" count="0" type="stmt"/>
          <line num="56" count="7" type="stmt"/>
          <line num="57" count="7" type="stmt"/>
          <line num="58" count="7" type="stmt"/>
          <line num="60" count="28" type="cond" truecount="1" falsecount="1"/>
          <line num="62" count="7" type="stmt"/>
          <line num="71" count="7" type="cond" truecount="3" falsecount="1"/>
          <line num="72" count="7" type="stmt"/>
          <line num="73" count="7" type="cond" truecount="4" falsecount="0"/>
          <line num="75" count="1" type="stmt"/>
          <line num="76" count="1" type="stmt"/>
          <line num="78" count="1" type="stmt"/>
          <line num="79" count="1" type="stmt"/>
          <line num="81" count="2" type="stmt"/>
          <line num="82" count="2" type="stmt"/>
          <line num="85" count="3" type="cond" truecount="4" falsecount="0"/>
          <line num="86" count="1" type="stmt"/>
          <line num="87" count="0" type="stmt"/>
          <line num="92" count="1" type="stmt"/>
          <line num="94" count="2" type="cond" truecount="4" falsecount="0"/>
          <line num="95" count="1" type="stmt"/>
          <line num="96" count="0" type="stmt"/>
          <line num="99" count="1" type="cond" truecount="3" falsecount="1"/>
          <line num="100" count="1" type="stmt"/>
          <line num="101" count="0" type="stmt"/>
          <line num="104" count="0" type="stmt"/>
          <line num="105" count="0" type="stmt"/>
          <line num="111" count="0" type="stmt"/>
          <line num="121" count="1" type="stmt"/>
          <line num="131" count="4" type="cond" truecount="1" falsecount="1"/>
          <line num="133" count="4" type="stmt"/>
          <line num="137" count="4" type="stmt"/>
          <line num="139" count="3" type="stmt"/>
          <line num="142" count="3" type="stmt"/>
          <line num="151" count="3" type="cond" truecount="3" falsecount="1"/>
          <line num="152" count="3" type="stmt"/>
          <line num="155" count="3" type="cond" truecount="4" falsecount="0"/>
          <line num="157" count="1" type="stmt"/>
          <line num="160" count="3" type="cond" truecount="2" falsecount="0"/>
          <line num="167" count="0" type="stmt"/>
          <line num="173" count="4" type="cond" truecount="2" falsecount="0"/>
          <line num="174" count="3" type="stmt"/>
          <line num="177" count="1" type="stmt"/>
          <line num="186" count="16" type="stmt"/>
          <line num="187" count="7" type="cond" truecount="1" falsecount="1"/>
          <line num="189" count="7" type="stmt"/>
        </file>
        <file name="ApplicationActions.js" path="C:\Sandbox\WS_17.5\LightWeight_Static\react-app\src\main\resources\app\src\Actions\ApplicationActions.js">
          <metrics statements="95" coveredstatements="88" conditionals="82" coveredconditionals="64" methods="21" coveredmethods="21"/>
          <line num="10" count="218" type="stmt"/>
          <line num="11" count="218" type="stmt"/>
          <line num="12" count="218" type="stmt"/>
          <line num="14" count="218" type="stmt"/>
          <line num="16" count="1" type="cond" truecount="1" falsecount="1"/>
          <line num="17" count="1" type="stmt"/>
          <line num="21" count="2" type="stmt"/>
          <line num="24" count="162" type="stmt"/>
          <line num="32" count="23" type="stmt"/>
          <line num="34" count="4" type="stmt"/>
          <line num="36" count="4" type="cond" truecount="1" falsecount="1"/>
          <line num="37" count="0" type="stmt"/>
          <line num="41" count="4" type="stmt"/>
          <line num="44" count="4" type="stmt"/>
          <line num="54" count="4" type="cond" truecount="3" falsecount="1"/>
          <line num="55" count="4" type="stmt"/>
          <line num="61" count="0" type="stmt"/>
          <line num="67" count="23" type="cond" truecount="4" falsecount="0"/>
          <line num="68" count="2" type="stmt"/>
          <line num="71" count="21" type="stmt"/>
          <line num="73" count="21" type="stmt"/>
          <line num="77" count="2" type="stmt"/>
          <line num="80" count="2" type="cond" truecount="1" falsecount="1"/>
          <line num="81" count="2" type="stmt"/>
          <line num="91" count="2" type="cond" truecount="4" falsecount="0"/>
          <line num="93" count="1" type="cond" truecount="3" falsecount="1"/>
          <line num="94" count="1" type="stmt"/>
          <line num="96" count="1" type="stmt"/>
          <line num="100" count="1" type="stmt"/>
          <line num="105" count="2" type="stmt"/>
          <line num="106" count="2" type="stmt"/>
          <line num="117" count="2" type="cond" truecount="4" falsecount="0"/>
          <line num="119" count="1" type="cond" truecount="3" falsecount="1"/>
          <line num="120" count="1" type="stmt"/>
          <line num="122" count="1" type="stmt"/>
          <line num="126" count="1" type="stmt"/>
          <line num="131" count="2" type="stmt"/>
          <line num="132" count="2" type="stmt"/>
          <line num="133" count="1" type="stmt"/>
          <line num="134" count="1" type="stmt"/>
          <line num="145" count="1" type="cond" truecount="3" falsecount="1"/>
          <line num="146" count="1" type="stmt"/>
          <line num="147" count="1" type="stmt"/>
          <line num="148" count="1" type="stmt"/>
          <line num="149" count="1" type="stmt"/>
          <line num="151" count="0" type="stmt"/>
          <line num="157" count="2" type="cond" truecount="2" falsecount="0"/>
          <line num="158" count="1" type="stmt"/>
          <line num="161" count="1" type="stmt"/>
          <line num="164" count="2" type="stmt"/>
          <line num="165" count="2" type="stmt"/>
          <line num="166" count="1" type="stmt"/>
          <line num="167" count="1" type="stmt"/>
          <line num="178" count="1" type="cond" truecount="3" falsecount="1"/>
          <line num="179" count="1" type="stmt"/>
          <line num="180" count="1" type="stmt"/>
          <line num="181" count="1" type="stmt"/>
          <line num="183" count="0" type="stmt"/>
          <line num="189" count="2" type="cond" truecount="2" falsecount="0"/>
          <line num="190" count="1" type="stmt"/>
          <line num="193" count="1" type="stmt"/>
          <line num="202" count="2" type="cond" truecount="1" falsecount="1"/>
          <line num="204" count="2" type="stmt"/>
          <line num="207" count="2" type="stmt"/>
          <line num="216" count="2" type="cond" truecount="3" falsecount="1"/>
          <line num="217" count="2" type="stmt"/>
          <line num="220" count="2" type="cond" truecount="4" falsecount="0"/>
          <line num="222" count="1" type="stmt"/>
          <line num="225" count="2" type="cond" truecount="2" falsecount="0"/>
          <line num="229" count="0" type="stmt"/>
          <line num="240" count="218" type="stmt"/>
          <line num="241" count="4" type="cond" truecount="1" falsecount="1"/>
          <line num="243" count="4" type="stmt"/>
          <line num="246" count="4" type="cond" truecount="1" falsecount="1"/>
          <line num="247" count="4" type="stmt"/>
          <line num="250" count="4" type="cond" truecount="1" falsecount="1"/>
          <line num="251" count="4" type="cond" truecount="1" falsecount="1"/>
          <line num="253" count="4" type="cond" truecount="3" falsecount="1"/>
          <line num="256" count="4" type="cond" truecount="3" falsecount="1"/>
          <line num="257" count="4" type="stmt"/>
          <line num="261" count="4" type="stmt"/>
          <line num="262" count="32" type="cond" truecount="3" falsecount="1"/>
          <line num="263" count="0" type="stmt"/>
          <line num="267" count="4" type="cond" truecount="1" falsecount="1"/>
          <line num="268" count="0" type="stmt"/>
          <line num="271" count="4" type="stmt"/>
          <line num="273" count="4" type="stmt"/>
          <line num="282" count="218" type="stmt"/>
          <line num="283" count="6" type="cond" truecount="2" falsecount="0"/>
          <line num="285" count="4" type="cond" truecount="2" falsecount="0"/>
          <line num="286" count="3" type="stmt"/>
          <line num="289" count="4" type="cond" truecount="2" falsecount="0"/>
          <line num="290" count="2" type="stmt"/>
          <line num="293" count="4" type="stmt"/>
          <line num="295" count="4" type="stmt"/>
        </file>
        <file name="DynamicPendingQuestionAction.js" path="C:\Sandbox\WS_17.5\LightWeight_Static\react-app\src\main\resources\app\src\Actions\DynamicPendingQuestionAction.js">
          <metrics statements="12" coveredstatements="12" conditionals="9" coveredconditionals="8" methods="4" coveredmethods="4"/>
          <line num="8" count="6" type="stmt"/>
          <line num="11" count="3" type="stmt"/>
          <line num="14" count="3" type="stmt"/>
          <line num="16" count="2" type="stmt"/>
          <line num="19" count="2" type="stmt"/>
          <line num="29" count="2" type="cond" truecount="4" falsecount="0"/>
          <line num="31" count="1" type="stmt"/>
          <line num="33" count="1" type="cond" truecount="2" falsecount="1"/>
          <line num="39" count="3" type="cond" truecount="2" falsecount="0"/>
          <line num="40" count="2" type="stmt"/>
          <line num="44" count="1" type="stmt"/>
          <line num="48" count="2" type="stmt"/>
        </file>
        <file name="DynamicQuestionsActions.js" path="C:\Sandbox\WS_17.5\LightWeight_Static\react-app\src\main\resources\app\src\Actions\DynamicQuestionsActions.js">
          <metrics statements="12" coveredstatements="12" conditionals="9" coveredconditionals="8" methods="4" coveredmethods="4"/>
          <line num="8" count="7" type="stmt"/>
          <line num="11" count="10" type="stmt"/>
          <line num="15" count="10" type="stmt"/>
          <line num="17" count="2" type="stmt"/>
          <line num="18" count="2" type="stmt"/>
          <line num="28" count="2" type="cond" truecount="4" falsecount="0"/>
          <line num="29" count="1" type="stmt"/>
          <line num="31" count="1" type="cond" truecount="2" falsecount="1"/>
          <line num="36" count="10" type="cond" truecount="2" falsecount="0"/>
          <line num="37" count="2" type="stmt"/>
          <line num="40" count="8" type="stmt"/>
          <line num="44" count="2" type="stmt"/>
        </file>
        <file name="DynamicQuestionsCheckPointoOneActions.js" path="C:\Sandbox\WS_17.5\LightWeight_Static\react-app\src\main\resources\app\src\Actions\DynamicQuestionsCheckPointoOneActions.js">
          <metrics statements="12" coveredstatements="12" conditionals="9" coveredconditionals="8" methods="4" coveredmethods="4"/>
          <line num="8" count="1" type="stmt"/>
          <line num="11" count="3" type="stmt"/>
          <line num="15" count="3" type="stmt"/>
          <line num="17" count="2" type="stmt"/>
          <line num="18" count="2" type="stmt"/>
          <line num="28" count="2" type="cond" truecount="4" falsecount="0"/>
          <line num="30" count="1" type="stmt"/>
          <line num="32" count="1" type="cond" truecount="2" falsecount="1"/>
          <line num="37" count="3" type="cond" truecount="2" falsecount="0"/>
          <line num="38" count="2" type="stmt"/>
          <line num="41" count="1" type="stmt"/>
          <line num="46" count="2" type="stmt"/>
        </file>
        <file name="DynamicQuestionsCheckPointoTwoActions.js" path="C:\Sandbox\WS_17.5\LightWeight_Static\react-app\src\main\resources\app\src\Actions\DynamicQuestionsCheckPointoTwoActions.js">
          <metrics statements="12" coveredstatements="12" conditionals="9" coveredconditionals="8" methods="4" coveredmethods="4"/>
          <line num="8" count="5" type="stmt"/>
          <line num="11" count="9" type="stmt"/>
          <line num="16" count="9" type="stmt"/>
          <line num="18" count="2" type="stmt"/>
          <line num="21" count="2" type="stmt"/>
          <line num="31" count="2" type="cond" truecount="4" falsecount="0"/>
          <line num="33" count="1" type="stmt"/>
          <line num="35" count="1" type="cond" truecount="2" falsecount="1"/>
          <line num="41" count="9" type="cond" truecount="2" falsecount="0"/>
          <line num="42" count="2" type="stmt"/>
          <line num="45" count="7" type="stmt"/>
          <line num="49" count="2" type="stmt"/>
        </file>
        <file name="DynamicSubsidizedStatusApplicationAction.js" path="C:\Sandbox\WS_17.5\LightWeight_Static\react-app\src\main\resources\app\src\Actions\DynamicSubsidizedStatusApplicationAction.js">
          <metrics statements="12" coveredstatements="12" conditionals="9" coveredconditionals="8" methods="4" coveredmethods="4"/>
          <line num="8" count="6" type="stmt"/>
          <line num="11" count="3" type="stmt"/>
          <line num="16" count="3" type="stmt"/>
          <line num="18" count="2" type="stmt"/>
          <line num="21" count="2" type="stmt"/>
          <line num="31" count="2" type="cond" truecount="4" falsecount="0"/>
          <line num="33" count="1" type="stmt"/>
          <line num="35" count="1" type="cond" truecount="2" falsecount="1"/>
          <line num="41" count="3" type="cond" truecount="2" falsecount="0"/>
          <line num="42" count="2" type="stmt"/>
          <line num="45" count="1" type="stmt"/>
          <line num="49" count="2" type="stmt"/>
        </file>
        <file name="EligibilityActions.js" path="C:\Sandbox\WS_17.5\LightWeight_Static\react-app\src\main\resources\app\src\Actions\EligibilityActions.js">
          <metrics statements="118" coveredstatements="82" conditionals="74" coveredconditionals="45" methods="29" coveredmethods="19"/>
          <line num="10" count="10" type="stmt"/>
          <line num="12" count="10" type="stmt"/>
          <line num="15" count="2" type="stmt"/>
          <line num="19" count="2" type="stmt"/>
          <line num="21" count="2" type="stmt"/>
          <line num="23" count="2" type="stmt"/>
          <line num="33" count="2" type="cond" truecount="4" falsecount="0"/>
          <line num="34" count="1" type="stmt"/>
          <line num="36" count="1" type="stmt"/>
          <line num="42" count="2" type="cond" truecount="1" falsecount="1"/>
          <line num="43" count="2" type="stmt"/>
          <line num="46" count="0" type="stmt"/>
          <line num="50" count="2" type="stmt"/>
          <line num="53" count="2" type="stmt"/>
          <line num="55" count="2" type="stmt"/>
          <line num="57" count="2" type="stmt"/>
          <line num="67" count="2" type="cond" truecount="4" falsecount="0"/>
          <line num="68" count="1" type="stmt"/>
          <line num="70" count="1" type="stmt"/>
          <line num="76" count="2" type="cond" truecount="1" falsecount="1"/>
          <line num="77" count="2" type="stmt"/>
          <line num="80" count="0" type="stmt"/>
          <line num="84" count="0" type="stmt"/>
          <line num="85" count="0" type="stmt"/>
          <line num="87" count="0" type="stmt"/>
          <line num="93" count="0" type="stmt"/>
          <line num="94" count="0" type="stmt"/>
          <line num="97" count="0" type="cond" truecount="0" falsecount="2"/>
          <line num="98" count="0" type="stmt"/>
          <line num="101" count="0" type="stmt"/>
          <line num="106" count="9" type="stmt"/>
          <line num="109" count="9" type="stmt"/>
          <line num="111" count="2" type="stmt"/>
          <line num="113" count="2" type="stmt"/>
          <line num="123" count="2" type="cond" truecount="4" falsecount="0"/>
          <line num="124" count="1" type="stmt"/>
          <line num="126" count="1" type="stmt"/>
          <line num="132" count="9" type="cond" truecount="2" falsecount="0"/>
          <line num="133" count="2" type="stmt"/>
          <line num="136" count="7" type="stmt"/>
          <line num="140" count="2" type="stmt"/>
          <line num="141" count="2" type="stmt"/>
          <line num="143" count="0" type="stmt"/>
          <line num="145" count="0" type="stmt"/>
          <line num="154" count="2" type="stmt"/>
          <line num="156" count="1" type="stmt"/>
          <line num="158" count="1" type="stmt"/>
          <line num="169" count="1" type="cond" truecount="2" falsecount="2"/>
          <line num="170" count="1" type="stmt"/>
          <line num="174" count="0" type="stmt"/>
          <line num="180" count="2" type="cond" truecount="2" falsecount="0"/>
          <line num="181" count="1" type="stmt"/>
          <line num="184" count="1" type="stmt"/>
          <line num="187" count="6" type="stmt"/>
          <line num="190" count="6" type="stmt"/>
          <line num="192" count="6" type="stmt"/>
          <line num="194" count="6" type="cond" truecount="4" falsecount="0"/>
          <line num="195" count="4" type="stmt"/>
          <line num="199" count="2" type="stmt"/>
          <line num="202" count="2" type="cond" truecount="1" falsecount="1"/>
          <line num="203" count="2" type="stmt"/>
          <line num="206" count="2" type="stmt"/>
          <line num="216" count="2" type="cond" truecount="4" falsecount="0"/>
          <line num="217" count="1" type="stmt"/>
          <line num="218" count="1" type="stmt"/>
          <line num="219" count="1" type="stmt"/>
          <line num="220" count="1" type="stmt"/>
          <line num="221" count="1" type="stmt"/>
          <line num="224" count="1" type="stmt"/>
          <line num="226" count="1" type="stmt"/>
          <line num="231" count="6" type="cond" truecount="5" falsecount="0"/>
          <line num="232" count="2" type="stmt"/>
          <line num="235" count="4" type="stmt"/>
          <line num="237" count="4" type="stmt"/>
          <line num="240" count="4" type="stmt"/>
          <line num="241" count="4" type="stmt"/>
          <line num="243" count="0" type="stmt"/>
          <line num="252" count="0" type="cond" truecount="0" falsecount="2"/>
          <line num="253" count="0" type="stmt"/>
          <line num="255" count="0" type="cond" truecount="0" falsecount="2"/>
          <line num="256" count="0" type="stmt"/>
          <line num="257" count="0" type="stmt"/>
          <line num="258" count="0" type="stmt"/>
          <line num="260" count="0" type="stmt"/>
          <line num="263" count="0" type="stmt"/>
          <line num="267" count="4" type="stmt"/>
          <line num="269" count="4" type="stmt"/>
          <line num="272" count="4" type="stmt"/>
          <line num="275" count="4" type="cond" truecount="1" falsecount="1"/>
          <line num="276" count="4" type="stmt"/>
          <line num="280" count="4" type="stmt"/>
          <line num="291" count="4" type="stmt"/>
          <line num="292" count="4" type="cond" truecount="5" falsecount="0"/>
          <line num="293" count="3" type="stmt"/>
          <line num="294" count="3" type="cond" truecount="1" falsecount="1"/>
          <line num="295" count="3" type="stmt"/>
          <line num="296" count="3" type="cond" truecount="1" falsecount="1"/>
          <line num="297" count="3" type="stmt"/>
          <line num="300" count="3" type="stmt"/>
          <line num="302" count="1" type="cond" truecount="1" falsecount="1"/>
          <line num="303" count="1" type="cond" truecount="1" falsecount="1"/>
          <line num="304" count="0" type="stmt"/>
          <line num="310" count="0" type="stmt"/>
          <line num="316" count="4" type="cond" truecount="1" falsecount="1"/>
          <line num="317" count="4" type="stmt"/>
          <line num="320" count="0" type="stmt"/>
          <line num="331" count="10" type="stmt"/>
          <line num="332" count="0" type="stmt"/>
          <line num="335" count="0" type="stmt"/>
          <line num="337" count="0" type="stmt"/>
          <line num="339" count="0" type="stmt"/>
          <line num="350" count="0" type="cond" truecount="0" falsecount="4"/>
          <line num="351" count="0" type="cond" truecount="0" falsecount="2"/>
          <line num="352" count="0" type="stmt"/>
          <line num="356" count="0" type="stmt"/>
          <line num="361" count="0" type="cond" truecount="0" falsecount="2"/>
          <line num="362" count="0" type="stmt"/>
          <line num="365" count="0" type="stmt"/>
        </file>
        <file name="EndpointActionUtils.js" path="C:\Sandbox\WS_17.5\LightWeight_Static\react-app\src\main\resources\app\src\Actions\EndpointActionUtils.js">
          <metrics statements="26" coveredstatements="24" conditionals="27" coveredconditionals="22" methods="8" coveredmethods="8"/>
          <line num="4" count="197" type="stmt"/>
          <line num="6" count="4" type="cond" truecount="1" falsecount="1"/>
          <line num="9" count="6" type="cond" truecount="2" falsecount="0"/>
          <line num="10" count="4" type="stmt"/>
          <line num="12" count="2" type="stmt"/>
          <line num="20" count="56" type="cond" truecount="3" falsecount="0"/>
          <line num="29" count="35" type="cond" truecount="2" falsecount="0"/>
          <line num="30" count="6" type="stmt"/>
          <line num="37" count="28" type="stmt"/>
          <line num="39" count="28" type="stmt"/>
          <line num="40" count="28" type="cond" truecount="1" falsecount="1"/>
          <line num="44" count="27" type="cond" truecount="1" falsecount="1"/>
          <line num="45" count="0" type="stmt"/>
          <line num="48" count="27" type="stmt"/>
          <line num="65" count="223" type="cond" truecount="4" falsecount="0"/>
          <line num="66" count="186" type="cond" truecount="2" falsecount="0"/>
          <line num="67" count="61" type="stmt"/>
          <line num="77" count="45" type="cond" truecount="2" falsecount="0"/>
          <line num="79" count="39" type="stmt"/>
          <line num="82" count="39" type="stmt"/>
          <line num="83" count="234" type="cond" truecount="2" falsecount="0"/>
          <line num="84" count="20" type="stmt"/>
          <line num="87" count="39" type="cond" truecount="1" falsecount="1"/>
          <line num="88" count="39" type="stmt"/>
          <line num="90" count="0" type="stmt"/>
          <line num="99" count="305" type="stmt"/>
        </file>
        <file name="EnrollmentGroupsActions.js" path="C:\Sandbox\WS_17.5\LightWeight_Static\react-app\src\main\resources\app\src\Actions\EnrollmentGroupsActions.js">
          <metrics statements="25" coveredstatements="17" conditionals="28" coveredconditionals="16" methods="8" coveredmethods="6"/>
          <line num="11" count="1" type="stmt"/>
          <line num="13" count="1" type="stmt"/>
          <line num="17" count="2" type="stmt"/>
          <line num="18" count="2" type="stmt"/>
          <line num="27" count="2" type="cond" truecount="4" falsecount="0"/>
          <line num="28" count="1" type="stmt"/>
          <line num="29" count="1" type="stmt"/>
          <line num="31" count="1" type="cond" truecount="2" falsecount="1"/>
          <line num="38" count="0" type="stmt"/>
          <line num="41" count="0" type="stmt"/>
          <line num="51" count="0" type="cond" truecount="0" falsecount="4"/>
          <line num="52" count="0" type="stmt"/>
          <line num="53" count="0" type="stmt"/>
          <line num="55" count="0" type="cond" truecount="0" falsecount="3"/>
          <line num="62" count="1" type="stmt"/>
          <line num="65" count="1" type="stmt"/>
          <line num="75" count="1" type="cond" truecount="2" falsecount="2"/>
          <line num="76" count="0" type="stmt"/>
          <line num="77" count="0" type="stmt"/>
          <line num="79" count="1" type="cond" truecount="2" falsecount="1"/>
          <line num="86" count="2" type="stmt"/>
          <line num="89" count="2" type="stmt"/>
          <line num="99" count="2" type="cond" truecount="4" falsecount="0"/>
          <line num="101" count="1" type="stmt"/>
          <line num="103" count="1" type="cond" truecount="2" falsecount="1"/>
        </file>
        <file name="ExampleActions.stub.js" path="C:\Sandbox\WS_17.5\LightWeight_Static\react-app\src\main\resources\app\src\Actions\ExampleActions.stub.js">
          <metrics statements="3" coveredstatements="3" conditionals="0" coveredconditionals="0" methods="2" coveredmethods="2"/>
          <line num="8" count="1" type="stmt"/>
          <line num="11" count="1" type="stmt"/>
          <line num="18" count="1" type="stmt"/>
        </file>
        <file name="HouseholdMemberActions.js" path="C:\Sandbox\WS_17.5\LightWeight_Static\react-app\src\main\resources\app\src\Actions\HouseholdMemberActions.js">
          <metrics statements="480" coveredstatements="374" conditionals="345" coveredconditionals="180" methods="114" coveredmethods="103"/>
          <line num="12" count="218" type="stmt"/>
          <line num="15" count="218" type="stmt"/>
          <line num="17" count="6" type="stmt"/>
          <line num="18" count="6" type="stmt"/>
          <line num="19" count="2" type="stmt"/>
          <line num="21" count="2" type="cond" truecount="2" falsecount="2"/>
          <line num="22" count="0" type="stmt"/>
          <line num="23" count="0" type="cond" truecount="0" falsecount="2"/>
          <line num="24" count="0" type="stmt"/>
          <line num="25" count="0" type="stmt"/>
          <line num="28" count="0" type="cond" truecount="0" falsecount="2"/>
          <line num="30" count="0" type="stmt"/>
          <line num="34" count="6" type="stmt"/>
          <line num="37" count="6" type="stmt"/>
          <line num="39" count="3" type="stmt"/>
          <line num="40" count="3" type="cond" truecount="1" falsecount="1"/>
          <line num="41" count="0" type="stmt"/>
          <line num="45" count="3" type="stmt"/>
          <line num="48" count="3" type="stmt"/>
          <line num="58" count="3" type="cond" truecount="4" falsecount="0"/>
          <line num="59" count="2" type="stmt"/>
          <line num="60" count="2" type="stmt"/>
          <line num="62" count="2" type="stmt"/>
          <line num="64" count="1" type="stmt"/>
          <line num="70" count="6" type="cond" truecount="4" falsecount="0"/>
          <line num="71" count="3" type="stmt"/>
          <line num="74" count="3" type="stmt"/>
          <line num="76" count="3" type="stmt"/>
          <line num="80" count="5" type="stmt"/>
          <line num="86" count="5" type="stmt"/>
          <line num="88" count="1" type="stmt"/>
          <line num="90" count="1" type="stmt"/>
          <line num="100" count="1" type="cond" truecount="2" falsecount="2"/>
          <line num="101" count="0" type="stmt"/>
          <line num="103" count="1" type="stmt"/>
          <line num="108" count="5" type="cond" truecount="2" falsecount="0"/>
          <line num="109" count="1" type="stmt"/>
          <line num="112" count="4" type="stmt"/>
          <line num="116" count="2" type="stmt"/>
          <line num="121" count="2" type="stmt"/>
          <line num="123" count="2" type="stmt"/>
          <line num="125" count="2" type="cond" truecount="1" falsecount="1"/>
          <line num="126" count="0" type="stmt"/>
          <line num="129" count="2" type="stmt"/>
          <line num="132" count="2" type="stmt"/>
          <line num="142" count="2" type="cond" truecount="4" falsecount="0"/>
          <line num="143" count="1" type="stmt"/>
          <line num="145" count="1" type="stmt"/>
          <line num="150" count="2" type="cond" truecount="3" falsecount="1"/>
          <line num="151" count="2" type="stmt"/>
          <line num="154" count="0" type="stmt"/>
          <line num="156" count="0" type="stmt"/>
          <line num="160" count="4" type="stmt"/>
          <line num="164" count="4" type="stmt"/>
          <line num="166" count="2" type="stmt"/>
          <line num="168" count="2" type="cond" truecount="1" falsecount="1"/>
          <line num="169" count="0" type="stmt"/>
          <line num="172" count="2" type="stmt"/>
          <line num="175" count="2" type="stmt"/>
          <line num="185" count="2" type="cond" truecount="4" falsecount="0"/>
          <line num="186" count="1" type="stmt"/>
          <line num="187" count="1" type="stmt"/>
          <line num="188" count="1" type="stmt"/>
          <line num="190" count="1" type="stmt"/>
          <line num="196" count="4" type="cond" truecount="4" falsecount="0"/>
          <line num="197" count="2" type="stmt"/>
          <line num="200" count="2" type="stmt"/>
          <line num="202" count="2" type="stmt"/>
          <line num="206" count="2" type="stmt"/>
          <line num="207" count="2" type="stmt"/>
          <line num="209" count="2" type="stmt"/>
          <line num="211" count="4" type="cond" truecount="1" falsecount="1"/>
          <line num="212" count="4" type="stmt"/>
          <line num="216" count="2" type="cond" truecount="1" falsecount="1"/>
          <line num="218" count="2" type="stmt"/>
          <line num="221" count="2" type="stmt"/>
          <line num="222" count="2" type="stmt"/>
          <line num="226" count="2" type="cond" truecount="1" falsecount="1"/>
          <line num="227" count="0" type="stmt"/>
          <line num="231" count="2" type="stmt"/>
          <line num="234" count="2" type="stmt"/>
          <line num="236" count="2" type="stmt"/>
          <line num="238" count="2" type="stmt"/>
          <line num="249" count="2" type="cond" truecount="2" falsecount="2"/>
          <line num="250" count="2" type="stmt"/>
          <line num="254" count="2" type="stmt"/>
          <line num="257" count="0" type="stmt"/>
          <line num="262" count="2" type="cond" truecount="1" falsecount="1"/>
          <line num="263" count="2" type="stmt"/>
          <line num="266" count="0" type="stmt"/>
          <line num="269" count="2" type="cond" truecount="3" falsecount="1"/>
          <line num="271" count="2" type="cond" truecount="1" falsecount="1"/>
          <line num="273" count="2" type="stmt"/>
          <line num="278" count="2" type="stmt"/>
          <line num="280" count="2" type="stmt"/>
          <line num="282" count="2" type="stmt"/>
          <line num="292" count="2" type="cond" truecount="3" falsecount="1"/>
          <line num="294" count="2" type="stmt"/>
          <line num="297" count="0" type="stmt"/>
          <line num="302" count="2" type="stmt"/>
          <line num="305" count="2" type="cond" truecount="1" falsecount="1"/>
          <line num="306" count="2" type="stmt"/>
          <line num="309" count="0" type="stmt"/>
          <line num="312" count="1" type="stmt"/>
          <line num="313" count="1" type="stmt"/>
          <line num="315" count="1" type="stmt"/>
          <line num="320" count="1" type="stmt"/>
          <line num="323" count="1" type="stmt"/>
          <line num="324" count="1" type="stmt"/>
          <line num="326" count="1" type="stmt"/>
          <line num="331" count="1" type="stmt"/>
          <line num="334" count="1" type="stmt"/>
          <line num="335" count="1" type="stmt"/>
          <line num="337" count="1" type="stmt"/>
          <line num="343" count="1" type="stmt"/>
          <line num="346" count="1" type="stmt"/>
          <line num="347" count="1" type="stmt"/>
          <line num="349" count="1" type="cond" truecount="1" falsecount="1"/>
          <line num="350" count="0" type="cond" truecount="0" falsecount="2"/>
          <line num="351" count="0" type="cond" truecount="0" falsecount="2"/>
          <line num="353" count="1" type="cond" truecount="1" falsecount="1"/>
          <line num="354" count="1" type="stmt"/>
          <line num="355" count="0" type="cond" truecount="0" falsecount="2"/>
          <line num="357" count="0" type="cond" truecount="0" falsecount="4"/>
          <line num="358" count="0" type="stmt"/>
          <line num="361" count="1" type="cond" truecount="2" falsecount="2"/>
          <line num="362" count="0" type="stmt"/>
          <line num="365" count="1" type="stmt"/>
          <line num="372" count="1" type="cond" truecount="1" falsecount="1"/>
          <line num="373" count="1" type="stmt"/>
          <line num="376" count="0" type="cond" truecount="0" falsecount="2"/>
          <line num="379" count="2" type="stmt"/>
          <line num="380" count="2" type="stmt"/>
          <line num="382" count="2" type="cond" truecount="1" falsecount="1"/>
          <line num="383" count="2" type="cond" truecount="2" falsecount="2"/>
          <line num="384" count="2" type="cond" truecount="2" falsecount="2"/>
          <line num="386" count="2" type="stmt"/>
          <line num="393" count="2" type="cond" truecount="1" falsecount="1"/>
          <line num="394" count="0" type="stmt"/>
          <line num="397" count="2" type="cond" truecount="1" falsecount="1"/>
          <line num="400" count="0" type="stmt"/>
          <line num="403" count="0" type="stmt"/>
          <line num="405" count="0" type="stmt"/>
          <line num="406" count="0" type="stmt"/>
          <line num="407" count="0" type="stmt"/>
          <line num="409" count="0" type="stmt"/>
          <line num="415" count="0" type="stmt"/>
          <line num="423" count="0" type="stmt"/>
          <line num="424" count="0" type="stmt"/>
          <line num="427" count="0" type="stmt"/>
          <line num="429" count="0" type="stmt"/>
          <line num="431" count="0" type="stmt"/>
          <line num="443" count="0" type="stmt"/>
          <line num="444" count="0" type="cond" truecount="0" falsecount="6"/>
          <line num="445" count="0" type="stmt"/>
          <line num="448" count="0" type="stmt"/>
          <line num="449" count="0" type="stmt"/>
          <line num="454" count="0" type="cond" truecount="0" falsecount="2"/>
          <line num="455" count="0" type="stmt"/>
          <line num="458" count="0" type="stmt"/>
          <line num="461" count="1" type="stmt"/>
          <line num="462" count="1" type="stmt"/>
          <line num="464" count="1" type="stmt"/>
          <line num="469" count="1" type="cond" truecount="1" falsecount="1"/>
          <line num="470" count="0" type="cond" truecount="0" falsecount="2"/>
          <line num="471" count="0" type="cond" truecount="0" falsecount="4"/>
          <line num="472" count="0" type="cond" truecount="0" falsecount="4"/>
          <line num="474" count="0" type="cond" truecount="0" falsecount="2"/>
          <line num="476" count="1" type="stmt"/>
          <line num="480" count="1" type="cond" truecount="1" falsecount="1"/>
          <line num="481" count="1" type="stmt"/>
          <line num="484" count="0" type="stmt"/>
          <line num="488" count="1" type="stmt"/>
          <line num="489" count="1" type="stmt"/>
          <line num="491" count="1" type="stmt"/>
          <line num="492" count="1" type="stmt"/>
          <line num="494" count="3" type="stmt"/>
          <line num="499" count="3" type="stmt"/>
          <line num="503" count="1" type="stmt"/>
          <line num="506" count="1" type="stmt"/>
          <line num="509" count="2" type="stmt"/>
          <line num="512" count="2" type="stmt"/>
          <line num="514" count="2" type="stmt"/>
          <line num="516" count="2" type="stmt"/>
          <line num="526" count="2" type="cond" truecount="4" falsecount="1"/>
          <line num="527" count="2" type="stmt"/>
          <line num="529" count="0" type="stmt"/>
          <line num="534" count="2" type="cond" truecount="1" falsecount="1"/>
          <line num="535" count="2" type="stmt"/>
          <line num="538" count="0" type="stmt"/>
          <line num="541" count="1" type="stmt"/>
          <line num="542" count="1" type="stmt"/>
          <line num="544" count="1" type="stmt"/>
          <line num="545" count="1" type="stmt"/>
          <line num="547" count="3" type="stmt"/>
          <line num="552" count="3" type="cond" truecount="1" falsecount="1"/>
          <line num="553" count="0" type="cond" truecount="0" falsecount="2"/>
          <line num="554" count="0" type="stmt"/>
          <line num="557" count="0" type="stmt"/>
          <line num="560" count="3" type="cond" truecount="1" falsecount="1"/>
          <line num="561" count="0" type="stmt"/>
          <line num="563" count="3" type="stmt"/>
          <line num="570" count="1" type="stmt"/>
          <line num="573" count="1" type="stmt"/>
          <line num="574" count="1" type="stmt"/>
          <line num="577" count="1" type="stmt"/>
          <line num="578" count="1" type="stmt"/>
          <line num="580" count="1" type="stmt"/>
          <line num="581" count="1" type="stmt"/>
          <line num="583" count="3" type="stmt"/>
          <line num="587" count="3" type="cond" truecount="1" falsecount="1"/>
          <line num="588" count="3" type="cond" truecount="1" falsecount="1"/>
          <line num="589" count="3" type="stmt"/>
          <line num="596" count="1" type="stmt"/>
          <line num="599" count="1" type="stmt"/>
          <line num="602" count="1" type="stmt"/>
          <line num="603" count="1" type="stmt"/>
          <line num="605" count="1" type="stmt"/>
          <line num="606" count="1" type="stmt"/>
          <line num="608" count="3" type="stmt"/>
          <line num="613" count="3" type="cond" truecount="1" falsecount="1"/>
          <line num="615" count="3" type="stmt"/>
          <line num="619" count="1" type="stmt"/>
          <line num="622" count="1" type="stmt"/>
          <line num="626" count="1" type="stmt"/>
          <line num="627" count="1" type="stmt"/>
          <line num="629" count="1" type="stmt"/>
          <line num="630" count="1" type="stmt"/>
          <line num="632" count="3" type="stmt"/>
          <line num="638" count="3" type="stmt"/>
          <line num="642" count="1" type="stmt"/>
          <line num="645" count="1" type="stmt"/>
          <line num="649" count="1" type="stmt"/>
          <line num="650" count="1" type="stmt"/>
          <line num="652" count="1" type="stmt"/>
          <line num="653" count="1" type="stmt"/>
          <line num="655" count="3" type="stmt"/>
          <line num="659" count="3" type="cond" truecount="1" falsecount="1"/>
          <line num="660" count="3" type="stmt"/>
          <line num="667" count="1" type="stmt"/>
          <line num="670" count="1" type="stmt"/>
          <line num="673" count="1" type="stmt"/>
          <line num="674" count="1" type="stmt"/>
          <line num="676" count="1" type="stmt"/>
          <line num="677" count="3" type="cond" truecount="1" falsecount="1"/>
          <line num="678" count="1" type="stmt"/>
          <line num="680" count="1" type="cond" truecount="1" falsecount="1"/>
          <line num="681" count="1" type="stmt"/>
          <line num="684" count="3" type="stmt"/>
          <line num="687" count="3" type="stmt"/>
          <line num="694" count="1" type="stmt"/>
          <line num="697" count="0" type="cond" truecount="0" falsecount="4"/>
          <line num="698" count="0" type="stmt"/>
          <line num="709" count="0" type="cond" truecount="0" falsecount="2"/>
          <line num="710" count="0" type="stmt"/>
          <line num="721" count="0" type="cond" truecount="0" falsecount="4"/>
          <line num="722" count="0" type="stmt"/>
          <line num="730" count="0" type="stmt"/>
          <line num="735" count="0" type="stmt"/>
          <line num="738" count="1" type="cond" truecount="1" falsecount="1"/>
          <line num="739" count="1" type="stmt"/>
          <line num="743" count="1" type="stmt"/>
          <line num="744" count="1" type="stmt"/>
          <line num="747" count="1" type="stmt"/>
          <line num="748" count="1" type="stmt"/>
          <line num="751" count="3" type="stmt"/>
          <line num="754" count="3" type="cond" truecount="1" falsecount="1"/>
          <line num="755" count="3" type="stmt"/>
          <line num="762" count="1" type="stmt"/>
          <line num="765" count="1" type="stmt"/>
          <line num="768" count="0" type="stmt"/>
          <line num="769" count="0" type="stmt"/>
          <line num="771" count="0" type="stmt"/>
          <line num="772" count="0" type="stmt"/>
          <line num="774" count="0" type="stmt"/>
          <line num="777" count="0" type="stmt"/>
          <line num="784" count="0" type="stmt"/>
          <line num="787" count="0" type="stmt"/>
          <line num="790" count="1" type="stmt"/>
          <line num="791" count="1" type="stmt"/>
          <line num="793" count="1" type="stmt"/>
          <line num="794" count="1" type="stmt"/>
          <line num="796" count="3" type="stmt"/>
          <line num="800" count="3" type="cond" truecount="1" falsecount="1"/>
          <line num="804" count="0" type="stmt"/>
          <line num="806" count="3" type="cond" truecount="1" falsecount="1"/>
          <line num="810" count="0" type="stmt"/>
          <line num="811" count="0" type="stmt"/>
          <line num="813" count="3" type="stmt"/>
          <line num="820" count="1" type="stmt"/>
          <line num="823" count="1" type="stmt"/>
          <line num="824" count="1" type="stmt"/>
          <line num="827" count="1" type="stmt"/>
          <line num="828" count="1" type="stmt"/>
          <line num="830" count="1" type="stmt"/>
          <line num="831" count="1" type="stmt"/>
          <line num="834" count="1" type="stmt"/>
          <line num="835" count="1" type="stmt"/>
          <line num="838" count="1" type="stmt"/>
          <line num="839" count="1" type="cond" truecount="1" falsecount="1"/>
          <line num="841" count="1" type="cond" truecount="1" falsecount="1"/>
          <line num="843" count="1" type="stmt"/>
          <line num="847" count="1" type="stmt"/>
          <line num="857" count="1" type="cond" truecount="2" falsecount="2"/>
          <line num="858" count="0" type="stmt"/>
          <line num="862" count="1" type="cond" truecount="1" falsecount="1"/>
          <line num="863" count="0" type="stmt"/>
          <line num="866" count="1" type="stmt"/>
          <line num="869" count="3" type="cond" truecount="2" falsecount="0"/>
          <line num="874" count="3" type="stmt"/>
          <line num="878" count="3" type="stmt"/>
          <line num="880" count="3" type="stmt"/>
          <line num="881" count="3" type="stmt"/>
          <line num="891" count="3" type="cond" truecount="4" falsecount="0"/>
          <line num="892" count="2" type="stmt"/>
          <line num="894" count="1" type="stmt"/>
          <line num="899" count="3" type="cond" truecount="1" falsecount="1"/>
          <line num="900" count="3" type="stmt"/>
          <line num="903" count="0" type="stmt"/>
          <line num="906" count="6" type="cond" truecount="2" falsecount="0"/>
          <line num="908" count="6" type="stmt"/>
          <line num="910" count="5" type="stmt"/>
          <line num="915" count="5" type="cond" truecount="1" falsecount="1"/>
          <line num="916" count="5" type="cond" truecount="1" falsecount="1"/>
          <line num="917" count="5" type="stmt"/>
          <line num="921" count="6" type="stmt"/>
          <line num="924" count="6" type="stmt"/>
          <line num="926" count="6" type="stmt"/>
          <line num="928" count="6" type="stmt"/>
          <line num="939" count="6" type="cond" truecount="3" falsecount="1"/>
          <line num="940" count="6" type="cond" truecount="2" falsecount="0"/>
          <line num="941" count="1" type="stmt"/>
          <line num="943" count="6" type="stmt"/>
          <line num="945" count="0" type="cond" truecount="0" falsecount="5"/>
          <line num="946" count="0" type="stmt"/>
          <line num="949" count="0" type="stmt"/>
          <line num="950" count="0" type="stmt"/>
          <line num="955" count="6" type="cond" truecount="1" falsecount="1"/>
          <line num="956" count="6" type="stmt"/>
          <line num="959" count="0" type="stmt"/>
          <line num="963" count="1" type="stmt"/>
          <line num="964" count="1" type="stmt"/>
          <line num="966" count="1" type="stmt"/>
          <line num="967" count="1" type="stmt"/>
          <line num="969" count="3" type="stmt"/>
          <line num="970" count="3" type="cond" truecount="1" falsecount="1"/>
          <line num="971" count="3" type="stmt"/>
          <line num="976" count="3" type="cond" truecount="1" falsecount="1"/>
          <line num="977" count="0" type="stmt"/>
          <line num="979" count="3" type="stmt"/>
          <line num="980" count="3" type="stmt"/>
          <line num="981" count="3" type="stmt"/>
          <line num="983" count="3" type="cond" truecount="1" falsecount="1"/>
          <line num="984" count="3" type="cond" truecount="1" falsecount="1"/>
          <line num="985" count="3" type="cond" truecount="1" falsecount="1"/>
          <line num="988" count="3" type="stmt"/>
          <line num="990" count="3" type="cond" truecount="1" falsecount="1"/>
          <line num="995" count="3" type="cond" truecount="1" falsecount="1"/>
          <line num="997" count="3" type="stmt"/>
          <line num="1006" count="1" type="stmt"/>
          <line num="1009" count="1" type="stmt"/>
          <line num="1012" count="1" type="stmt"/>
          <line num="1013" count="1" type="stmt"/>
          <line num="1015" count="1" type="stmt"/>
          <line num="1017" count="1" type="stmt"/>
          <line num="1018" count="3" type="stmt"/>
          <line num="1019" count="0" type="cond" truecount="0" falsecount="2"/>
          <line num="1020" count="0" type="stmt"/>
          <line num="1028" count="1" type="cond" truecount="1" falsecount="1"/>
          <line num="1030" count="0" type="stmt"/>
          <line num="1033" count="2" type="stmt"/>
          <line num="1036" count="2" type="stmt"/>
          <line num="1038" count="1" type="stmt"/>
          <line num="1040" count="1" type="cond" truecount="1" falsecount="1"/>
          <line num="1041" count="0" type="stmt"/>
          <line num="1045" count="1" type="stmt"/>
          <line num="1048" count="1" type="stmt"/>
          <line num="1058" count="1" type="cond" truecount="2" falsecount="2"/>
          <line num="1059" count="1" type="stmt"/>
          <line num="1062" count="0" type="stmt"/>
          <line num="1067" count="2" type="cond" truecount="4" falsecount="0"/>
          <line num="1068" count="1" type="stmt"/>
          <line num="1071" count="1" type="stmt"/>
          <line num="1073" count="1" type="stmt"/>
          <line num="1076" count="2" type="cond" truecount="2" falsecount="0"/>
          <line num="1078" count="2" type="stmt"/>
          <line num="1080" count="2" type="stmt"/>
          <line num="1081" count="2" type="stmt"/>
          <line num="1082" count="4" type="cond" truecount="2" falsecount="2"/>
          <line num="1083" count="0" type="stmt"/>
          <line num="1087" count="2" type="stmt"/>
          <line num="1094" count="2" type="stmt"/>
          <line num="1096" count="2" type="stmt"/>
          <line num="1098" count="2" type="stmt"/>
          <line num="1109" count="2" type="cond" truecount="3" falsecount="1"/>
          <line num="1110" count="2" type="stmt"/>
          <line num="1113" count="0" type="stmt"/>
          <line num="1114" count="0" type="stmt"/>
          <line num="1119" count="2" type="cond" truecount="1" falsecount="1"/>
          <line num="1120" count="2" type="stmt"/>
          <line num="1123" count="0" type="stmt"/>
          <line num="1129" count="3" type="stmt"/>
          <line num="1133" count="3" type="stmt"/>
          <line num="1135" count="3" type="stmt"/>
          <line num="1137" count="3" type="stmt"/>
          <line num="1151" count="3" type="cond" truecount="2" falsecount="0"/>
          <line num="1152" count="1" type="stmt"/>
          <line num="1157" count="1" type="stmt"/>
          <line num="1158" count="1" type="stmt"/>
          <line num="1161" count="2" type="cond" truecount="3" falsecount="1"/>
          <line num="1162" count="2" type="stmt"/>
          <line num="1163" count="2" type="stmt"/>
          <line num="1164" count="2" type="stmt"/>
          <line num="1166" count="0" type="stmt"/>
          <line num="1171" count="3" type="cond" truecount="1" falsecount="1"/>
          <line num="1172" count="3" type="stmt"/>
          <line num="1175" count="0" type="stmt"/>
          <line num="1178" count="4" type="stmt"/>
          <line num="1181" count="4" type="stmt"/>
          <line num="1183" count="3" type="stmt"/>
          <line num="1185" count="3" type="stmt"/>
          <line num="1196" count="3" type="cond" truecount="1" falsecount="1"/>
          <line num="1197" count="0" type="stmt"/>
          <line num="1198" count="0" type="stmt"/>
          <line num="1200" count="3" type="cond" truecount="4" falsecount="0"/>
          <line num="1201" count="2" type="stmt"/>
          <line num="1202" count="2" type="stmt"/>
          <line num="1204" count="1" type="stmt"/>
          <line num="1209" count="4" type="cond" truecount="2" falsecount="0"/>
          <line num="1210" count="3" type="stmt"/>
          <line num="1213" count="1" type="stmt"/>
          <line num="1216" count="2" type="stmt"/>
          <line num="1219" count="2" type="stmt"/>
          <line num="1221" count="2" type="stmt"/>
          <line num="1223" count="2" type="stmt"/>
          <line num="1233" count="2" type="cond" truecount="4" falsecount="0"/>
          <line num="1234" count="1" type="stmt"/>
          <line num="1235" count="1" type="stmt"/>
          <line num="1237" count="1" type="stmt"/>
          <line num="1242" count="2" type="cond" truecount="1" falsecount="1"/>
          <line num="1243" count="2" type="stmt"/>
          <line num="1246" count="0" type="stmt"/>
          <line num="1257" count="218" type="stmt"/>
          <line num="1258" count="5" type="stmt"/>
          <line num="1259" count="5" type="stmt"/>
          <line num="1262" count="5" type="cond" truecount="2" falsecount="3"/>
          <line num="1263" count="0" type="stmt"/>
          <line num="1266" count="5" type="stmt"/>
          <line num="1270" count="5" type="stmt"/>
          <line num="1272" count="5" type="stmt"/>
          <line num="1274" count="5" type="stmt"/>
          <line num="1286" count="5" type="stmt"/>
          <line num="1287" count="5" type="cond" truecount="4" falsecount="2"/>
          <line num="1288" count="5" type="stmt"/>
          <line num="1292" count="5" type="cond" truecount="1" falsecount="1"/>
          <line num="1294" count="0" type="stmt"/>
          <line num="1296" count="5" type="stmt"/>
          <line num="1300" count="0" type="stmt"/>
          <line num="1301" count="0" type="stmt"/>
          <line num="1306" count="5" type="cond" truecount="1" falsecount="1"/>
          <line num="1307" count="5" type="stmt"/>
          <line num="1310" count="0" type="stmt"/>
          <line num="1320" count="218" type="stmt"/>
          <line num="1321" count="11" type="stmt"/>
          <line num="1326" count="11" type="stmt"/>
          <line num="1328" count="11" type="stmt"/>
          <line num="1330" count="11" type="stmt"/>
          <line num="1342" count="11" type="stmt"/>
          <line num="1343" count="11" type="cond" truecount="4" falsecount="2"/>
          <line num="1344" count="11" type="cond" truecount="1" falsecount="1"/>
          <line num="1345" count="11" type="cond" truecount="2" falsecount="0"/>
          <line num="1347" count="3" type="stmt"/>
          <line num="1349" count="11" type="cond" truecount="2" falsecount="0"/>
          <line num="1350" count="1" type="stmt"/>
          <line num="1352" count="10" type="stmt"/>
          <line num="1356" count="0" type="stmt"/>
          <line num="1357" count="0" type="stmt"/>
          <line num="1362" count="11" type="cond" truecount="1" falsecount="1"/>
          <line num="1363" count="11" type="stmt"/>
          <line num="1366" count="0" type="stmt"/>
        </file>
        <file name="IndividualInfoActions.js" path="C:\Sandbox\WS_17.5\LightWeight_Static\react-app\src\main\resources\app\src\Actions\IndividualInfoActions.js">
          <metrics statements="111" coveredstatements="95" conditionals="79" coveredconditionals="45" methods="35" coveredmethods="35"/>
          <line num="10" count="10" type="stmt"/>
          <line num="11" count="10" type="stmt"/>
          <line num="13" count="10" type="stmt"/>
          <line num="15" count="1" type="stmt"/>
          <line num="18" count="1" type="stmt"/>
          <line num="20" count="1" type="stmt"/>
          <line num="27" count="1" type="cond" truecount="1" falsecount="1"/>
          <line num="28" count="1" type="stmt"/>
          <line num="31" count="1" type="stmt"/>
          <line num="37" count="6" type="cond" truecount="1" falsecount="1"/>
          <line num="38" count="6" type="cond" truecount="2" falsecount="3"/>
          <line num="41" count="1" type="cond" truecount="4" falsecount="1"/>
          <line num="44" count="0" type="stmt"/>
          <line num="45" count="0" type="stmt"/>
          <line num="46" count="0" type="stmt"/>
          <line num="47" count="0" type="stmt"/>
          <line num="50" count="1" type="stmt"/>
          <line num="52" count="1" type="stmt"/>
          <line num="55" count="1" type="stmt"/>
          <line num="58" count="1" type="stmt"/>
          <line num="60" count="1" type="stmt"/>
          <line num="67" count="1" type="stmt"/>
          <line num="68" count="2" type="cond" truecount="1" falsecount="1"/>
          <line num="71" count="1" type="stmt"/>
          <line num="74" count="1" type="cond" truecount="1" falsecount="1"/>
          <line num="76" count="0" type="stmt"/>
          <line num="79" count="1" type="stmt"/>
          <line num="82" count="1" type="stmt"/>
          <line num="84" count="1" type="stmt"/>
          <line num="93" count="1" type="stmt"/>
          <line num="96" count="1" type="stmt"/>
          <line num="99" count="1" type="stmt"/>
          <line num="101" count="1" type="stmt"/>
          <line num="110" count="1" type="stmt"/>
          <line num="113" count="1" type="stmt"/>
          <line num="116" count="1" type="stmt"/>
          <line num="118" count="1" type="stmt"/>
          <line num="127" count="1" type="stmt"/>
          <line num="130" count="1" type="stmt"/>
          <line num="133" count="1" type="stmt"/>
          <line num="135" count="1" type="stmt"/>
          <line num="141" count="1" type="cond" truecount="3" falsecount="1"/>
          <line num="142" count="0" type="stmt"/>
          <line num="144" count="1" type="stmt"/>
          <line num="147" count="1" type="stmt"/>
          <line num="150" count="2" type="stmt"/>
          <line num="152" count="2" type="stmt"/>
          <line num="162" count="2" type="cond" truecount="3" falsecount="2"/>
          <line num="163" count="0" type="stmt"/>
          <line num="165" count="2" type="stmt"/>
          <line num="170" count="1" type="stmt"/>
          <line num="173" count="1" type="stmt"/>
          <line num="175" count="1" type="stmt"/>
          <line num="185" count="1" type="stmt"/>
          <line num="186" count="3" type="cond" truecount="1" falsecount="1"/>
          <line num="189" count="1" type="stmt"/>
          <line num="192" count="1" type="cond" truecount="2" falsecount="2"/>
          <line num="193" count="0" type="stmt"/>
          <line num="196" count="1" type="cond" truecount="1" falsecount="1"/>
          <line num="197" count="0" type="stmt"/>
          <line num="200" count="1" type="stmt"/>
          <line num="203" count="1" type="stmt"/>
          <line num="206" count="1" type="stmt"/>
          <line num="208" count="1" type="stmt"/>
          <line num="220" count="1" type="stmt"/>
          <line num="223" count="1" type="stmt"/>
          <line num="226" count="1" type="stmt"/>
          <line num="228" count="1" type="stmt"/>
          <line num="238" count="1" type="stmt"/>
          <line num="248" count="9" type="cond" truecount="1" falsecount="1"/>
          <line num="249" count="9" type="cond" truecount="2" falsecount="2"/>
          <line num="250" count="0" type="cond" truecount="0" falsecount="2"/>
          <line num="253" count="1" type="stmt"/>
          <line num="255" count="1" type="stmt"/>
          <line num="258" count="1" type="stmt"/>
          <line num="261" count="1" type="stmt"/>
          <line num="263" count="1" type="stmt"/>
          <line num="276" count="1" type="stmt"/>
          <line num="280" count="2" type="cond" truecount="1" falsecount="1"/>
          <line num="283" count="1" type="stmt"/>
          <line num="286" count="1" type="stmt"/>
          <line num="289" count="4" type="stmt"/>
          <line num="291" count="4" type="stmt"/>
          <line num="301" count="4" type="cond" truecount="5" falsecount="0"/>
          <line num="302" count="2" type="stmt"/>
          <line num="304" count="2" type="cond" truecount="4" falsecount="2"/>
          <line num="305" count="0" type="stmt"/>
          <line num="308" count="2" type="stmt"/>
          <line num="313" count="2" type="stmt"/>
          <line num="318" count="2" type="stmt"/>
          <line num="320" count="2" type="stmt"/>
          <line num="322" count="2" type="stmt"/>
          <line num="332" count="2" type="cond" truecount="3" falsecount="2"/>
          <line num="333" count="0" type="stmt"/>
          <line num="335" count="2" type="stmt"/>
          <line num="340" count="2" type="cond" truecount="1" falsecount="1"/>
          <line num="341" count="2" type="stmt"/>
          <line num="344" count="0" type="stmt"/>
          <line num="357" count="10" type="stmt"/>
          <line num="358" count="9" type="stmt"/>
          <line num="361" count="9" type="stmt"/>
          <line num="363" count="9" type="stmt"/>
          <line num="366" count="9" type="stmt"/>
          <line num="377" count="9" type="cond" truecount="3" falsecount="1"/>
          <line num="378" count="0" type="cond" truecount="0" falsecount="2"/>
          <line num="382" count="0" type="stmt"/>
          <line num="386" count="9" type="stmt"/>
          <line num="387" count="9" type="stmt"/>
          <line num="393" count="9" type="cond" truecount="1" falsecount="1"/>
          <line num="394" count="9" type="stmt"/>
          <line num="397" count="0" type="stmt"/>
        </file>
        <file name="LayoutActions.js" path="C:\Sandbox\WS_17.5\LightWeight_Static\react-app\src\main\resources\app\src\Actions\LayoutActions.js">
          <metrics statements="7" coveredstatements="7" conditionals="0" coveredconditionals="0" methods="6" coveredmethods="6"/>
          <line num="3" count="222" type="stmt"/>
          <line num="6" count="2" type="stmt"/>
          <line num="10" count="2" type="stmt"/>
          <line num="14" count="3" type="stmt"/>
          <line num="18" count="1" type="stmt"/>
          <line num="22" count="1" type="stmt"/>
          <line num="27" count="9" type="stmt"/>
        </file>
        <file name="NavActions.js" path="C:\Sandbox\WS_17.5\LightWeight_Static\react-app\src\main\resources\app\src\Actions\NavActions.js">
          <metrics statements="15" coveredstatements="15" conditionals="0" coveredconditionals="0" methods="13" coveredmethods="13"/>
          <line num="3" count="222" type="stmt"/>
          <line num="5" count="2" type="stmt"/>
          <line num="8" count="1" type="stmt"/>
          <line num="11" count="1" type="stmt"/>
          <line num="14" count="1" type="stmt"/>
          <line num="17" count="1" type="stmt"/>
          <line num="20" count="1" type="stmt"/>
          <line num="23" count="3" type="stmt"/>
          <line num="26" count="2" type="stmt"/>
          <line num="29" count="1" type="stmt"/>
          <line num="32" count="6" type="stmt"/>
          <line num="35" count="1" type="stmt"/>
          <line num="38" count="1" type="stmt"/>
          <line num="39" count="1" type="stmt"/>
          <line num="43" count="20" type="stmt"/>
        </file>
        <file name="PortalAuthActions.js" path="C:\Sandbox\WS_17.5\LightWeight_Static\react-app\src\main\resources\app\src\Actions\PortalAuthActions.js">
          <metrics statements="34" coveredstatements="28" conditionals="38" coveredconditionals="28" methods="6" coveredmethods="6"/>
          <line num="10" count="116" type="stmt"/>
          <line num="14" count="116" type="stmt"/>
          <line num="16" count="4" type="stmt"/>
          <line num="19" count="4" type="cond" truecount="1" falsecount="1"/>
          <line num="22" count="4" type="cond" truecount="1" falsecount="1"/>
          <line num="23" count="0" type="stmt"/>
          <line num="27" count="4" type="stmt"/>
          <line num="28" count="4" type="cond" truecount="1" falsecount="1"/>
          <line num="29" count="4" type="cond" truecount="2" falsecount="2"/>
          <line num="34" count="4" type="stmt"/>
          <line num="40" count="4" type="cond" truecount="6" falsecount="0"/>
          <line num="41" count="2" type="cond" truecount="4" falsecount="0"/>
          <line num="43" count="1" type="cond" truecount="1" falsecount="1"/>
          <line num="44" count="0" type="stmt"/>
          <line num="46" count="1" type="stmt"/>
          <line num="51" count="1" type="stmt"/>
          <line num="54" count="1" type="cond" truecount="1" falsecount="1"/>
          <line num="55" count="0" type="stmt"/>
          <line num="58" count="2" type="cond" truecount="2" falsecount="0"/>
          <line num="59" count="1" type="stmt"/>
          <line num="62" count="3" type="stmt"/>
          <line num="64" count="3" type="cond" truecount="3" falsecount="2"/>
          <line num="68" count="0" type="stmt"/>
          <line num="69" count="0" type="stmt"/>
          <line num="70" count="0" type="stmt"/>
          <line num="74" count="2" type="stmt"/>
          <line num="76" count="2" type="stmt"/>
          <line num="77" count="2" type="stmt"/>
          <line num="86" count="2" type="cond" truecount="1" falsecount="1"/>
          <line num="87" count="2" type="stmt"/>
          <line num="92" count="2" type="cond" truecount="5" falsecount="0"/>
          <line num="93" count="1" type="stmt"/>
          <line num="95" count="1" type="stmt"/>
          <line num="100" count="2" type="stmt"/>
        </file>
        <file name="UserHomeAction.js" path="C:\Sandbox\WS_17.5\LightWeight_Static\react-app\src\main\resources\app\src\Actions\UserHomeAction.js">
          <metrics statements="37" coveredstatements="36" conditionals="18" coveredconditionals="17" methods="10" coveredmethods="10"/>
          <line num="11" count="221" type="stmt"/>
          <line num="13" count="221" type="stmt"/>
          <line num="16" count="6" type="stmt"/>
          <line num="17" count="6" type="stmt"/>
          <line num="19" count="2" type="stmt"/>
          <line num="20" count="2" type="stmt"/>
          <line num="30" count="2" type="cond" truecount="4" falsecount="0"/>
          <line num="31" count="1" type="stmt"/>
          <line num="32" count="1" type="stmt"/>
          <line num="34" count="1" type="stmt"/>
          <line num="40" count="6" type="cond" truecount="2" falsecount="0"/>
          <line num="41" count="2" type="stmt"/>
          <line num="44" count="4" type="stmt"/>
          <line num="47" count="2" type="stmt"/>
          <line num="48" count="2" type="stmt"/>
          <line num="49" count="2" type="stmt"/>
          <line num="50" count="2" type="stmt"/>
          <line num="51" count="2" type="stmt"/>
          <line num="62" count="2" type="cond" truecount="4" falsecount="0"/>
          <line num="63" count="1" type="stmt"/>
          <line num="64" count="1" type="stmt"/>
          <line num="66" count="1" type="stmt"/>
          <line num="72" count="2" type="cond" truecount="1" falsecount="1"/>
          <line num="73" count="2" type="stmt"/>
          <line num="76" count="0" type="stmt"/>
          <line num="79" count="5" type="stmt"/>
          <line num="80" count="5" type="stmt"/>
          <line num="82" count="2" type="stmt"/>
          <line num="83" count="2" type="stmt"/>
          <line num="94" count="2" type="cond" truecount="4" falsecount="0"/>
          <line num="95" count="1" type="stmt"/>
          <line num="96" count="1" type="stmt"/>
          <line num="98" count="1" type="stmt"/>
          <line num="104" count="5" type="cond" truecount="2" falsecount="0"/>
          <line num="105" count="2" type="stmt"/>
          <line num="108" count="3" type="stmt"/>
          <line num="111" count="3" type="stmt"/>
        </file>
      </package>
      <package name="src.Actions.IncomeApp">
        <metrics statements="144" coveredstatements="124" conditionals="113" coveredconditionals="74" methods="39" coveredmethods="38"/>
        <file name="DeductionActions.js" path="C:\Sandbox\WS_17.5\LightWeight_Static\react-app\src\main\resources\app\src\Actions\IncomeApp\DeductionActions.js">
          <metrics statements="48" coveredstatements="40" conditionals="41" coveredconditionals="29" methods="15" coveredmethods="14"/>
          <line num="10" count="10" type="stmt"/>
          <line num="12" count="1" type="stmt"/>
          <line num="14" count="1" type="stmt"/>
          <line num="16" count="1" type="stmt"/>
          <line num="24" count="1" type="stmt"/>
          <line num="35" count="1" type="cond" truecount="2" falsecount="2"/>
          <line num="37" count="1" type="stmt"/>
          <line num="38" count="1" type="stmt"/>
          <line num="43" count="1" type="stmt"/>
          <line num="45" count="0" type="stmt"/>
          <line num="50" count="3" type="stmt"/>
          <line num="53" count="2" type="stmt"/>
          <line num="56" count="3" type="stmt"/>
          <line num="59" count="0" type="stmt"/>
          <line num="60" count="0" type="stmt"/>
          <line num="63" count="1" type="stmt"/>
          <line num="66" count="1" type="stmt"/>
          <line num="69" count="1" type="stmt"/>
          <line num="71" count="1" type="stmt"/>
          <line num="73" count="1" type="stmt"/>
          <line num="80" count="1" type="stmt"/>
          <line num="92" count="1" type="cond" truecount="2" falsecount="2"/>
          <line num="93" count="1" type="stmt"/>
          <line num="97" count="1" type="stmt"/>
          <line num="98" count="1" type="stmt"/>
          <line num="100" count="0" type="stmt"/>
          <line num="110" count="1" type="stmt"/>
          <line num="115" count="1" type="stmt"/>
          <line num="125" count="1" type="cond" truecount="2" falsecount="2"/>
          <line num="126" count="1" type="stmt"/>
          <line num="127" count="1" type="stmt"/>
          <line num="134" count="0" type="stmt"/>
          <line num="141" count="13" type="stmt"/>
          <line num="149" count="4" type="cond" truecount="3" falsecount="1"/>
          <line num="150" count="4" type="cond" truecount="2" falsecount="0"/>
          <line num="151" count="2" type="stmt"/>
          <line num="160" count="2" type="cond" truecount="1" falsecount="1"/>
          <line num="161" count="2" type="stmt"/>
          <line num="164" count="2" type="cond" truecount="1" falsecount="1"/>
          <line num="165" count="0" type="stmt"/>
          <line num="167" count="2" type="cond" truecount="1" falsecount="1"/>
          <line num="168" count="0" type="stmt"/>
          <line num="171" count="2" type="cond" truecount="1" falsecount="1"/>
          <line num="172" count="0" type="stmt"/>
          <line num="176" count="2" type="cond" truecount="5" falsecount="0"/>
          <line num="177" count="1" type="stmt"/>
          <line num="182" count="1" type="cond" truecount="1" falsecount="1"/>
          <line num="183" count="1" type="stmt"/>
        </file>
        <file name="IncomeActions.js" path="C:\Sandbox\WS_17.5\LightWeight_Static\react-app\src\main\resources\app\src\Actions\IncomeApp\IncomeActions.js">
          <metrics statements="96" coveredstatements="84" conditionals="72" coveredconditionals="45" methods="24" coveredmethods="24"/>
          <line num="11" count="16" type="stmt"/>
          <line num="13" count="11" type="stmt"/>
          <line num="14" count="11" type="stmt"/>
          <line num="16" count="2" type="stmt"/>
          <line num="18" count="2" type="cond" truecount="1" falsecount="1"/>
          <line num="19" count="0" type="stmt"/>
          <line num="22" count="2" type="stmt"/>
          <line num="25" count="2" type="stmt"/>
          <line num="35" count="2" type="cond" truecount="4" falsecount="0"/>
          <line num="36" count="1" type="stmt"/>
          <line num="38" count="1" type="stmt"/>
          <line num="44" count="11" type="cond" truecount="4" falsecount="0"/>
          <line num="45" count="2" type="stmt"/>
          <line num="48" count="9" type="stmt"/>
          <line num="50" count="9" type="stmt"/>
          <line num="53" count="1" type="stmt"/>
          <line num="55" count="1" type="stmt"/>
          <line num="59" count="1" type="cond" truecount="1" falsecount="1"/>
          <line num="60" count="1" type="cond" truecount="1" falsecount="1"/>
          <line num="63" count="1" type="stmt"/>
          <line num="65" count="1" type="stmt"/>
          <line num="72" count="1" type="stmt"/>
          <line num="83" count="1" type="cond" truecount="2" falsecount="2"/>
          <line num="85" count="1" type="stmt"/>
          <line num="86" count="1" type="stmt"/>
          <line num="91" count="1" type="stmt"/>
          <line num="93" count="0" type="stmt"/>
          <line num="98" count="4" type="stmt"/>
          <line num="102" count="3" type="stmt"/>
          <line num="106" count="4" type="stmt"/>
          <line num="110" count="1" type="stmt"/>
          <line num="113" count="1" type="stmt"/>
          <line num="122" count="2" type="stmt"/>
          <line num="123" count="2" type="stmt"/>
          <line num="128" count="2" type="stmt"/>
          <line num="130" count="2" type="stmt"/>
          <line num="134" count="2" type="cond" truecount="1" falsecount="1"/>
          <line num="135" count="2" type="cond" truecount="1" falsecount="1"/>
          <line num="138" count="2" type="stmt"/>
          <line num="140" count="2" type="stmt"/>
          <line num="147" count="2" type="stmt"/>
          <line num="158" count="2" type="cond" truecount="2" falsecount="2"/>
          <line num="160" count="2" type="stmt"/>
          <line num="161" count="2" type="stmt"/>
          <line num="166" count="2" type="stmt"/>
          <line num="167" count="2" type="stmt"/>
          <line num="169" count="0" type="stmt"/>
          <line num="178" count="1" type="stmt"/>
          <line num="183" count="1" type="stmt"/>
          <line num="193" count="1" type="cond" truecount="2" falsecount="2"/>
          <line num="194" count="1" type="stmt"/>
          <line num="200" count="1" type="stmt"/>
          <line num="201" count="1" type="cond" truecount="2" falsecount="1"/>
[...]
          <line num="655" count="56" type="stmt"/>
          <line num="656" count="56" type="stmt"/>
          <line num="657" count="56" type="stmt"/>
          <line num="659" count="56" type="cond" truecount="2" falsecount="0"/>
          <line num="660" count="33" type="stmt"/>
          <line num="661" count="33" type="stmt"/>
          <line num="665" count="23" type="cond" truecount="3" falsecount="1"/>
          <line num="667" count="23" type="stmt"/>
          <line num="671" count="23" type="stmt"/>
          <line num="672" count="92" type="cond" truecount="1" falsecount="1"/>
          <line num="673" count="0" type="stmt"/>
          <line num="678" count="23" type="stmt"/>
          <line num="679" count="165" type="cond" truecount="2" falsecount="0"/>
          <line num="686" count="1" type="stmt"/>
          <line num="690" count="23" type="cond" truecount="2" falsecount="0"/>
          <line num="691" count="1" type="stmt"/>
          <line num="692" count="3" type="cond" truecount="1" falsecount="1"/>
          <line num="693" count="3" type="stmt"/>
          <line num="698" count="23" type="stmt"/>
          <line num="708" count="14" type="stmt"/>
          <line num="709" count="14" type="stmt"/>
          <line num="722" count="0" type="stmt"/>
          <line num="723" count="0" type="stmt"/>
          <line num="732" count="12" type="cond" truecount="1" falsecount="1"/>
          <line num="733" count="0" type="stmt"/>
          <line num="742" count="2" type="cond" truecount="1" falsecount="1"/>
          <line num="743" count="0" type="stmt"/>
          <line num="747" count="2" type="stmt"/>
          <line num="758" count="2" type="cond" truecount="2" falsecount="0"/>
          <line num="759" count="1" type="stmt"/>
          <line num="760" count="1" type="cond" truecount="1" falsecount="1"/>
          <line num="761" count="1" type="cond" truecount="1" falsecount="1"/>
          <line num="762" count="0" type="stmt"/>
          <line num="764" count="1" type="stmt"/>
          <line num="767" count="0" type="cond" truecount="0" falsecount="2"/>
          <line num="768" count="0" type="stmt"/>
          <line num="774" count="0" type="stmt"/>
          <line num="782" count="1" type="cond" truecount="1" falsecount="1"/>
          <line num="783" count="1" type="stmt"/>
          <line num="784" count="1" type="cond" truecount="1" falsecount="1"/>
          <line num="785" count="1" type="cond" truecount="1" falsecount="1"/>
          <line num="786" count="1" type="stmt"/>
          <line num="788" count="1" type="stmt"/>
          <line num="792" count="0" type="cond" truecount="0" falsecount="2"/>
          <line num="793" count="0" type="stmt"/>
          <line num="796" count="0" type="stmt"/>
          <line num="804" count="4" type="stmt"/>
          <line num="806" count="4" type="stmt"/>
          <line num="810" count="24" type="stmt"/>
          <line num="811" count="24" type="stmt"/>
          <line num="813" count="24" type="stmt"/>
          <line num="814" count="63" type="cond" truecount="1" falsecount="1"/>
          <line num="816" count="63" type="stmt"/>
          <line num="817" count="63" type="cond" truecount="2" falsecount="0"/>
          <line num="818" count="24" type="stmt"/>
          <line num="822" count="63" type="cond" truecount="1" falsecount="1"/>
          <line num="823" count="0" type="stmt"/>
          <line num="824" count="0" type="stmt"/>
          <line num="828" count="63" type="cond" truecount="2" falsecount="0"/>
          <line num="829" count="24" type="stmt"/>
          <line num="834" count="24" type="cond" truecount="1" falsecount="1"/>
          <line num="835" count="0" type="stmt"/>
          <line num="841" count="0" type="cond" truecount="0" falsecount="2"/>
          <line num="842" count="0" type="stmt"/>
          <line num="843" count="0" type="cond" truecount="0" falsecount="2"/>
          <line num="844" count="0" type="cond" truecount="0" falsecount="2"/>
          <line num="845" count="0" type="stmt"/>
          <line num="847" count="0" type="stmt"/>
          <line num="851" count="0" type="stmt"/>
        </file>
        <file name="TribesStore.js" path="C:\Sandbox\WS_17.5\LightWeight_Static\react-app\src\main\resources\app\src\Stores\TribesStore.js">
          <metrics statements="18" coveredstatements="15" conditionals="17" coveredconditionals="11" methods="8" coveredmethods="6"/>
          <line num="6" count="219" type="stmt"/>
          <line num="16" count="219" type="stmt"/>
          <line num="18" count="4" type="stmt"/>
          <line num="21" count="1" type="stmt"/>
          <line num="24" count="0" type="cond" truecount="0" falsecount="4"/>
          <line num="26" count="0" type="stmt"/>
          <line num="27" count="0" type="cond" truecount="0" falsecount="2"/>
          <line num="30" count="3" type="cond" truecount="4" falsecount="0"/>
          <line num="32" count="4" type="stmt"/>
          <line num="33" count="2" type="cond" truecount="2" falsecount="0"/>
          <line num="36" count="594" type="stmt"/>
          <line num="39" count="594" type="cond" truecount="1" falsecount="0"/>
          <line num="41" count="6" type="stmt"/>
          <line num="43" count="6" type="stmt"/>
          <line num="44" count="6" type="stmt"/>
          <line num="50" count="219" type="stmt"/>
          <line num="51" count="6" type="cond" truecount="4" falsecount="0"/>
          <line num="53" count="1" type="stmt"/>
        </file>
        <file name="UserHomeStore.js" path="C:\Sandbox\WS_17.5\LightWeight_Static\react-app\src\main\resources\app\src\Stores\UserHomeStore.js">
          <metrics statements="48" coveredstatements="42" conditionals="62" coveredconditionals="43" methods="34" coveredmethods="30"/>
          <line num="9" count="218" type="stmt"/>
          <line num="10" count="218" type="stmt"/>
          <line num="12" count="3" type="stmt"/>
          <line num="14" count="1" type="cond" truecount="2" falsecount="0"/>
          <line num="16" count="3" type="cond" truecount="2" falsecount="0"/>
          <line num="18" count="1" type="cond" truecount="2" falsecount="0"/>
          <line num="20" count="1" type="cond" truecount="2" falsecount="0"/>
          <line num="22" count="1" type="cond" truecount="2" falsecount="0"/>
          <line num="24" count="1" type="cond" truecount="2" falsecount="0"/>
          <line num="26" count="1" type="cond" truecount="2" falsecount="0"/>
          <line num="28" count="1" type="cond" truecount="2" falsecount="0"/>
          <line num="30" count="0" type="cond" truecount="0" falsecount="2"/>
          <line num="32" count="1" type="cond" truecount="2" falsecount="0"/>
          <line num="34" count="1" type="cond" truecount="2" falsecount="0"/>
          <line num="36" count="1" type="stmt"/>
          <line num="38" count="14" type="cond" truecount="2" falsecount="0"/>
          <line num="40" count="3" type="cond" truecount="2" falsecount="0"/>
          <line num="42" count="1" type="cond" truecount="2" falsecount="0"/>
          <line num="44" count="314" type="cond" truecount="1" falsecount="1"/>
          <line num="46" count="315" type="cond" truecount="2" falsecount="0"/>
          <line num="48" count="1" type="cond" truecount="2" falsecount="0"/>
          <line num="50" count="1" type="cond" truecount="2" falsecount="0"/>
          <line num="52" count="1" type="cond" truecount="2" falsecount="0"/>
          <line num="54" count="40" type="cond" truecount="2" falsecount="0"/>
          <line num="56" count="2" type="stmt"/>
          <line num="61" count="0" type="cond" truecount="0" falsecount="6"/>
          <line num="64" count="0" type="cond" truecount="0" falsecount="5"/>
          <line num="66" count="0" type="stmt"/>
          <line num="69" count="14" type="cond" truecount="2" falsecount="0"/>
          <line num="71" count="0" type="cond" truecount="0" falsecount="3"/>
          <line num="74" count="548" type="stmt"/>
          <line num="76" count="548" type="cond" truecount="1" falsecount="1"/>
          <line num="78" count="0" type="stmt"/>
          <line num="80" count="2" type="stmt"/>
          <line num="81" count="2" type="stmt"/>
          <line num="82" count="2" type="stmt"/>
          <line num="91" count="2" type="stmt"/>
          <line num="92" count="2" type="stmt"/>
          <line num="102" count="2" type="stmt"/>
          <line num="103" count="5" type="stmt"/>
          <line num="105" count="2" type="stmt"/>
          <line num="106" count="2" type="stmt"/>
          <line num="107" count="2" type="cond" truecount="1" falsecount="1"/>
          <line num="112" count="2" type="stmt"/>
          <line num="116" count="2" type="stmt"/>
          <line num="117" count="16" type="cond" truecount="2" falsecount="0"/>
          <line num="118" count="2" type="stmt"/>
          <line num="121" count="2" type="stmt"/>
        </file>
        <file name="ValidationsStore.js" path="C:\Sandbox\WS_17.5\LightWeight_Static\react-app\src\main\resources\app\src\Stores\ValidationsStore.js">
          <metrics statements="13" coveredstatements="13" conditionals="2" coveredconditionals="2" methods="3" coveredmethods="3"/>
          <line num="10" count="9" type="stmt"/>
          <line num="25" count="9" type="stmt"/>
          <line num="57" count="9" type="stmt"/>
          <line num="59" count="20" type="stmt"/>
          <line num="61" count="13" type="stmt"/>
          <line num="64" count="37" type="stmt"/>
          <line num="66" count="37" type="cond" truecount="2" falsecount="0"/>
          <line num="71" count="1" type="stmt"/>
          <line num="72" count="1" type="stmt"/>
          <line num="73" count="1" type="stmt"/>
          <line num="78" count="1" type="stmt"/>
          <line num="79" count="1" type="stmt"/>
          <line num="80" count="1" type="stmt"/>
        </file>
        <file name="VerificationQuestionsStore.js" path="C:\Sandbox\WS_17.5\LightWeight_Static\react-app\src\main\resources\app\src\Stores\VerificationQuestionsStore.js">
          <metrics statements="66" coveredstatements="55" conditionals="33" coveredconditionals="21" methods="12" coveredmethods="8"/>
          <line num="6" count="221" type="stmt"/>
          <line num="29" count="221" type="stmt"/>
          <line num="31" count="221" type="stmt"/>
          <line num="34" count="1" type="stmt"/>
          <line num="35" count="1" type="stmt"/>
          <line num="38" count="1" type="stmt"/>
          <line num="40" count="0" type="stmt"/>
          <line num="42" count="1" type="cond" truecount="2" falsecount="3"/>
          <line num="43" count="0" type="stmt"/>
          <line num="44" count="0" type="stmt"/>
          <line num="45" count="0" type="stmt"/>
          <line num="49" count="1" type="stmt"/>
          <line num="51" count="1" type="stmt"/>
          <line num="52" count="1" type="cond" truecount="2" falsecount="3"/>
          <line num="53" count="0" type="stmt"/>
          <line num="55" count="1" type="stmt"/>
          <line num="58" count="0" type="stmt"/>
          <line num="59" count="0" type="stmt"/>
          <line num="60" count="0" type="cond" truecount="0" falsecount="3"/>
          <line num="62" count="0" type="cond" truecount="0" falsecount="2"/>
          <line num="63" count="0" type="stmt"/>
          <line num="66" count="591" type="stmt"/>
          <line num="69" count="591" type="cond" truecount="6" falsecount="0"/>
          <line num="71" count="9" type="stmt"/>
          <line num="72" count="9" type="stmt"/>
          <line num="73" count="9" type="stmt"/>
          <line num="74" count="9" type="stmt"/>
          <line num="76" count="9" type="stmt"/>
          <line num="77" count="9" type="stmt"/>
          <line num="78" count="9" type="stmt"/>
          <line num="79" count="9" type="stmt"/>
          <line num="80" count="9" type="stmt"/>
          <line num="81" count="9" type="stmt"/>
          <line num="83" count="12" type="stmt"/>
          <line num="84" count="12" type="stmt"/>
          <line num="85" count="12" type="stmt"/>
          <line num="86" count="12" type="stmt"/>
          <line num="87" count="12" type="stmt"/>
          <line num="89" count="2" type="stmt"/>
          <line num="90" count="2" type="stmt"/>
          <line num="91" count="2" type="stmt"/>
          <line num="93" count="1" type="stmt"/>
          <line num="94" count="1" type="stmt"/>
          <line num="95" count="1" type="stmt"/>
          <line num="97" count="558" type="stmt"/>
          <line num="108" count="221" type="stmt"/>
          <line num="109" count="30" type="stmt"/>
          <line num="110" count="30" type="stmt"/>
          <line num="111" count="30" type="cond" truecount="2" falsecount="0"/>
          <line num="112" count="1" type="stmt"/>
          <line num="113" count="1" type="stmt"/>
          <line num="115" count="29" type="cond" truecount="2" falsecount="0"/>
          <line num="116" count="1" type="stmt"/>
          <line num="117" count="1" type="stmt"/>
          <line num="118" count="1" type="stmt"/>
          <line num="120" count="28" type="cond" truecount="2" falsecount="0"/>
          <line num="121" count="3" type="stmt"/>
          <line num="122" count="3" type="stmt"/>
          <line num="123" count="3" type="stmt"/>
          <line num="124" count="3" type="stmt"/>
          <line num="126" count="25" type="cond" truecount="2" falsecount="0"/>
          <line num="127" count="2" type="stmt"/>
          <line num="128" count="2" type="stmt"/>
          <line num="131" count="221" type="stmt"/>
          <line num="132" count="18" type="cond" truecount="3" falsecount="1"/>
          <line num="133" count="0" type="stmt"/>
        </file>
        <file name="VoterRegistrationStore.js" path="C:\Sandbox\WS_17.5\LightWeight_Static\react-app\src\main\resources\app\src\Stores\VoterRegistrationStore.js">
          <metrics statements="10" coveredstatements="10" conditionals="3" coveredconditionals="3" methods="3" coveredmethods="3"/>
          <line num="5" count="7" type="stmt"/>
          <line num="12" count="7" type="stmt"/>
          <line num="14" count="18" type="stmt"/>
          <line num="16" count="17" type="stmt"/>
          <line num="18" count="17" type="cond" truecount="3" falsecount="0"/>
          <line num="21" count="3" type="stmt"/>
          <line num="22" count="3" type="stmt"/>
          <line num="23" count="3" type="stmt"/>
          <line num="25" count="14" type="stmt"/>
          <line num="32" count="3" type="stmt"/>
        </file>
      </package>
      <package name="src.Stores.IncomeApp">
        <metrics statements="73" coveredstatements="64" conditionals="34" coveredconditionals="23" methods="22" coveredmethods="22"/>
        <file name="DeductionCategoriesStore.js" path="C:\Sandbox\WS_17.5\LightWeight_Static\react-app\src\main\resources\app\src\Stores\IncomeApp\DeductionCategoriesStore.js">
          <metrics statements="26" coveredstatements="22" conditionals="12" coveredconditionals="6" methods="7" coveredmethods="7"/>
          <line num="5" count="11" type="stmt"/>
          <line num="58" count="11" type="stmt"/>
          <line num="70" count="11" type="stmt"/>
          <line num="71" count="176" type="cond" truecount="2" falsecount="2"/>
          <line num="72" count="176" type="stmt"/>
          <line num="81" count="11" type="stmt"/>
          <line num="84" count="7" type="stmt"/>
          <line num="88" count="1" type="stmt"/>
          <line num="92" count="3" type="stmt"/>
          <line num="93" count="3" type="stmt"/>
          <line num="94" count="48" type="cond" truecount="1" falsecount="1"/>
          <line num="95" count="0" type="stmt"/>
          <line num="99" count="3" type="stmt"/>
          <line num="104" count="3" type="stmt"/>
          <line num="105" count="3" type="stmt"/>
          <line num="106" count="48" type="cond" truecount="1" falsecount="1"/>
          <line num="107" count="0" type="stmt"/>
          <line num="111" count="3" type="stmt"/>
          <line num="115" count="1" type="stmt"/>
          <line num="116" count="1" type="cond" truecount="1" falsecount="1"/>
          <line num="117" count="1" type="stmt"/>
          <line num="120" count="0" type="stmt"/>
          <line num="124" count="1" type="stmt"/>
          <line num="125" count="1" type="cond" truecount="1" falsecount="1"/>
          <line num="126" count="0" type="stmt"/>
          <line num="129" count="1" type="stmt"/>
        </file>
        <file name="IncomeCategoriesStore.js" path="C:\Sandbox\WS_17.5\LightWeight_Static\react-app\src\main\resources\app\src\Stores\IncomeApp\IncomeCategoriesStore.js">
          <metrics statements="22" coveredstatements="18" conditionals="8" coveredconditionals="4" methods="6" coveredmethods="6"/>
          <line num="5" count="12" type="stmt"/>
          <line num="31" count="12" type="stmt"/>
          <line num="34" count="6" type="stmt"/>
          <line num="38" count="1" type="stmt"/>
          <line num="42" count="5" type="stmt"/>
          <line num="43" count="5" type="stmt"/>
          <line num="44" count="25" type="cond" truecount="1" falsecount="1"/>
          <line num="45" count="0" type="stmt"/>
          <line num="49" count="5" type="stmt"/>
          <line num="54" count="15" type="stmt"/>
          <line num="55" count="15" type="stmt"/>
          <line num="56" count="75" type="cond" truecount="1" falsecount="1"/>
          <line num="57" count="0" type="stmt"/>
          <line num="61" count="15" type="stmt"/>
          <line num="65" count="5" type="stmt"/>
          <line num="66" count="5" type="cond" truecount="1" falsecount="1"/>
          <line num="67" count="5" type="stmt"/>
          <line num="70" count="0" type="stmt"/>
          <line num="74" count="5" type="stmt"/>
          <line num="75" count="5" type="cond" truecount="1" falsecount="1"/>
          <line num="76" count="0" type="stmt"/>
          <line num="79" count="5" type="stmt"/>
        </file>
        <file name="IncomeTypesStore.js" path="C:\Sandbox\WS_17.5\LightWeight_Static\react-app\src\main\resources\app\src\Stores\IncomeApp\IncomeTypesStore.js">
          <metrics statements="25" coveredstatements="24" conditionals="14" coveredconditionals="13" methods="9" coveredmethods="9"/>
          <line num="5" count="12" type="stmt"/>
          <line num="170" count="12" type="stmt"/>
          <line num="182" count="12" type="stmt"/>
          <line num="183" count="276" type="cond" truecount="4" falsecount="0"/>
          <line num="184" count="216" type="stmt"/>
          <line num="194" count="12" type="stmt"/>
          <line num="195" count="276" type="cond" truecount="2" falsecount="0"/>
          <line num="196" count="60" type="stmt"/>
          <line num="203" count="12" type="stmt"/>
          <line num="204" count="276" type="cond" truecount="2" falsecount="0"/>
          <line num="205" count="48" type="stmt"/>
          <line num="212" count="12" type="stmt"/>
          <line num="213" count="276" type="cond" truecount="2" falsecount="0"/>
          <line num="214" count="24" type="stmt"/>
          <line num="221" count="12" type="stmt"/>
          <line num="222" count="276" type="cond" truecount="2" falsecount="0"/>
          <line num="223" count="96" type="stmt"/>
          <line num="230" count="12" type="stmt"/>
          <line num="233" count="1" type="stmt"/>
          <line num="237" count="115" type="stmt"/>
          <line num="241" count="4" type="stmt"/>
          <line num="242" count="4" type="stmt"/>
          <line num="243" count="92" type="cond" truecount="1" falsecount="1"/>
          <line num="244" count="0" type="stmt"/>
          <line num="248" count="4" type="stmt"/>
        </file>
      </package>
    </metrics>
  </project>
</coverage>
