TN:
SF:C:\Sandbox\WS_17.5\LightWeight_Static\react-app\src\main\resources\app\src\TimeshifterMoment.js
FN:12,(anonymous_0)
FN:68,(anonymous_1)
FNF:2
FNH:2
FNDA:3250,(anonymous_0)
FNDA:2414,(anonymous_1)
DA:10,272
DA:12,272
DA:14,3250
DA:19,3250
DA:20,775
DA:23,2475
DA:25,5
DA:30,2470
DA:33,3250
DA:38,272
DA:40,272
DA:41,272
DA:42,272
DA:43,272
DA:44,272
DA:45,272
DA:46,272
DA:47,272
DA:48,272
DA:49,272
DA:50,272
DA:51,272
DA:52,272
DA:53,272
DA:54,272
DA:55,272
DA:56,272
DA:57,272
DA:58,272
DA:59,272
DA:60,272
DA:61,272
DA:62,272
DA:63,272
DA:64,272
DA:65,272
DA:68,272
DA:69,2414
LF:38
LH:38
BRDA:19,0,0,775
BRDA:19,0,1,2475
BRDA:23,1,0,5
BRDA:23,1,1,2470
BRDA:23,2,0,2475
BRDA:23,2,1,56
BRDA:69,3,0,2414
BRDA:69,3,1,1934
BRDA:69,3,2,1934
BRDA:69,3,3,435
BRF:10
BRH:10
end_of_record
TN:
SF:C:\Sandbox\WS_17.5\LightWeight_Static\react-app\src\main\resources\app\src\types.js
FNF:0
FNH:0
DA:3,223
DA:5,223
DA:18,223
DA:32,223
DA:47,223
DA:52,223
DA:56,223
DA:60,223
DA:68,223
DA:78,223
LF:10
LH:10
BRF:0
BRH:0
end_of_record
TN:
SF:C:\Sandbox\WS_17.5\LightWeight_Static\react-app\src\main\resources\app\src\Actions\AccountActions.js
FN:17,(anonymous_0)
FN:61,(anonymous_1)
FN:65,(anonymous_2)
FN:73,(anonymous_3)
FN:84,(anonymous_4)
FN:152,(anonymous_5)
FN:164,(anonymous_6)
FN:210,(anonymous_7)
FNF:8
FNH:8
FNDA:12,(anonymous_0)
FNDA:1,(anonymous_1)
FNDA:3,(anonymous_2)
FNDA:8,(anonymous_3)
FNDA:8,(anonymous_4)
FNDA:16,(anonymous_5)
FNDA:3,(anonymous_6)
FNDA:3,(anonymous_7)
DA:10,11
DA:17,11
DA:19,12
DA:21,12
DA:24,12
DA:25,0
DA:28,12
DA:30,0
DA:33,12
DA:34,11
DA:38,12
DA:39,11
DA:42,12
DA:43,11
DA:46,12
DA:47,0
DA:52,12
DA:56,11
DA:62,1
DA:66,3
DA:74,8
DA:76,8
DA:85,8
DA:92,7
DA:96,1
DA:98,0
DA:102,0
DA:108,0
DA:111,0
DA:112,0
DA:114,0
DA:115,0
DA:120,1
DA:131,1
DA:139,1
DA:148,4
DA:150,4
DA:152,16
DA:153,1
DA:156,3
DA:165,3
DA:167,3
DA:168,1
DA:170,2
DA:171,1
DA:174,1
DA:176,1
DA:178,1
DA:180,0
DA:185,0
DA:197,3
DA:202,3
DA:211,3
DA:212,2
DA:213,1
DA:216,1
DA:220,1
LF:57
LH:45
BRDA:19,0,0,0
BRDA:19,0,1,12
BRDA:24,1,0,0
BRDA:24,1,1,12
BRDA:28,2,0,0
BRDA:28,2,1,12
BRDA:28,3,0,12
BRDA:28,3,1,11
BRDA:33,4,0,11
BRDA:33,4,1,1
BRDA:34,5,0,0
BRDA:34,5,1,11
BRDA:38,6,0,11
BRDA:38,6,1,1
BRDA:42,7,0,11
BRDA:42,7,1,1
BRDA:46,8,0,0
BRDA:46,8,1,12
BRDA:46,9,0,12
BRDA:46,9,1,11
BRDA:85,10,0,7
BRDA:85,10,1,1
BRDA:85,11,0,8
BRDA:85,11,1,1
BRDA:96,12,0,0
BRDA:96,12,1,1
BRDA:98,13,0,0
BRDA:98,13,1,0
BRDA:111,14,0,0
BRDA:111,14,1,0
BRDA:114,15,0,0
BRDA:114,15,1,0
BRDA:152,16,0,1
BRDA:152,16,1,3
BRDA:165,17,0,3
BRDA:165,17,1,0
BRDA:165,18,0,3
BRDA:165,18,1,0
BRDA:167,19,0,1
BRDA:167,19,1,2
BRDA:167,20,0,3
BRDA:167,20,1,2
BRDA:170,21,0,1
BRDA:170,21,1,1
BRDA:170,22,0,2
BRDA:170,22,1,1
BRDA:174,23,0,1
BRDA:174,23,1,0
BRDA:174,24,0,1
BRDA:174,24,1,0
BRDA:178,25,0,0
BRDA:178,25,1,1
BRDA:178,26,0,1
BRDA:178,26,1,1
BRDA:198,27,0,0
BRDA:198,27,1,3
BRDA:211,28,0,2
BRDA:211,28,1,1
BRDA:211,29,0,3
BRDA:211,29,1,1
BRDA:212,30,0,1
BRDA:212,30,1,1
BRF:62
BRH:44
end_of_record
TN:
SF:C:\Sandbox\WS_17.5\LightWeight_Static\react-app\src\main\resources\app\src\Actions\AddressActions.js
FN:18,(anonymous_0)
FN:32,(anonymous_1)
FN:54,(anonymous_2)
FN:60,(anonymous_3)
FN:70,(anonymous_4)
FN:86,(anonymous_5)
FN:95,(anonymous_6)
FN:100,(anonymous_7)
FN:129,(anonymous_8)
FN:137,(anonymous_9)
FN:150,(anonymous_10)
FN:186,(anonymous_11)
FNF:12
FNH:9
FNDA:7,(anonymous_0)
FNDA:7,(anonymous_1)
FNDA:7,(anonymous_2)
FNDA:28,(anonymous_3)
FNDA:7,(anonymous_4)
FNDA:0,(anonymous_5)
FNDA:0,(anonymous_6)
FNDA:0,(anonymous_7)
FNDA:4,(anonymous_8)
FNDA:3,(anonymous_9)
FNDA:3,(anonymous_10)
FNDA:7,(anonymous_11)
DA:8,16
DA:10,16
DA:20,7
DA:22,7
DA:25,7
DA:33,7
DA:34,7
DA:35,7
DA:37,7
DA:38,2
DA:40,5
DA:44,0
DA:56,7
DA:57,7
DA:58,7
DA:60,28
DA:62,7
DA:71,7
DA:72,7
DA:73,7
DA:75,1
DA:76,1
DA:78,1
DA:79,1
DA:81,2
DA:82,2
DA:85,3
DA:86,1
DA:87,0
DA:92,1
DA:94,2
DA:95,1
DA:96,0
DA:99,1
DA:100,1
DA:101,0
DA:104,0
DA:105,0
DA:111,0
DA:121,1
DA:131,4
DA:133,4
DA:137,4
DA:139,3
DA:142,3
DA:151,3
DA:152,3
DA:155,3
DA:157,1
DA:160,3
DA:167,0
DA:173,4
DA:174,3
DA:177,1
DA:186,16
DA:187,7
DA:189,7
LF:57
LH:49
BRDA:20,0,0,0
BRDA:20,0,1,7
BRDA:33,1,0,7
BRDA:33,1,1,0
BRDA:33,2,0,7
BRDA:33,2,1,1
BRDA:37,3,0,2
BRDA:37,3,1,5
BRDA:37,4,0,7
BRDA:37,4,1,4
BRDA:38,5,0,1
BRDA:38,5,1,1
BRDA:40,6,0,1
BRDA:40,6,1,4
BRDA:60,7,0,0
BRDA:60,7,1,7
BRDA:71,8,0,7
BRDA:71,8,1,0
BRDA:71,9,0,7
BRDA:71,9,1,7
BRDA:73,10,0,1
BRDA:73,10,1,1
BRDA:73,10,2,2
BRDA:73,10,3,3
BRDA:85,11,0,1
BRDA:85,11,1,2
BRDA:85,12,0,3
BRDA:85,12,1,3
BRDA:94,13,0,1
BRDA:94,13,1,1
BRDA:94,14,0,2
BRDA:94,14,1,2
BRDA:99,15,0,1
BRDA:99,15,1,0
BRDA:99,16,0,1
BRDA:99,16,1,1
BRDA:131,17,0,0
BRDA:131,17,1,4
BRDA:151,18,0,3
BRDA:151,18,1,0
BRDA:151,19,0,3
BRDA:151,19,1,3
BRDA:155,20,0,1
BRDA:155,20,1,2
BRDA:155,21,0,3
BRDA:155,21,1,3
BRDA:160,22,0,1
BRDA:160,22,1,2
BRDA:173,23,0,3
BRDA:173,23,1,1
BRDA:187,24,0,0
BRDA:187,24,1,7
BRF:52
BRH:44
end_of_record
TN:
SF:C:\Sandbox\WS_17.5\LightWeight_Static\react-app\src\main\resources\app\src\Actions\ApplicationActions.js
FN:15,(anonymous_0)
FN:20,(anonymous_1)
FN:23,(anonymous_2)
FN:29,(anonymous_3)
FN:32,(anonymous_4)
FN:53,(anonymous_5)
FN:76,(anonymous_6)
FN:90,(anonymous_7)
FN:104,(anonymous_8)
FN:116,(anonymous_9)
FN:130,(anonymous_10)
FN:132,(anonymous_11)
FN:144,(anonymous_12)
FN:163,(anonymous_13)
FN:165,(anonymous_14)
FN:177,(anonymous_15)
FN:200,(anonymous_16)
FN:215,(anonymous_17)
FN:240,(anonymous_18)
FN:261,(anonymous_19)
FN:282,(anonymous_20)
FNF:21
FNH:21
FNDA:1,(anonymous_0)
FNDA:2,(anonymous_1)
FNDA:162,(anonymous_2)
FNDA:23,(anonymous_3)
FNDA:4,(anonymous_4)
FNDA:4,(anonymous_5)
FNDA:2,(anonymous_6)
FNDA:2,(anonymous_7)
FNDA:2,(anonymous_8)
FNDA:2,(anonymous_9)
FNDA:2,(anonymous_10)
FNDA:1,(anonymous_11)
FNDA:1,(anonymous_12)
FNDA:2,(anonymous_13)
FNDA:1,(anonymous_14)
FNDA:1,(anonymous_15)
FNDA:2,(anonymous_16)
FNDA:2,(anonymous_17)
FNDA:4,(anonymous_18)
FNDA:32,(anonymous_19)
FNDA:6,(anonymous_20)
DA:10,218
DA:11,218
DA:12,218
DA:14,218
DA:16,1
DA:17,1
DA:21,2
DA:24,162
DA:32,23
DA:34,4
DA:36,4
DA:37,0
DA:41,4
DA:44,4
DA:54,4
DA:55,4
DA:61,0
DA:67,23
DA:68,2
DA:71,21
DA:73,21
DA:77,2
DA:80,2
DA:81,2
DA:91,2
DA:93,1
DA:94,1
DA:96,1
DA:100,1
DA:105,2
DA:106,2
DA:117,2
DA:119,1
DA:120,1
DA:122,1
DA:126,1
DA:131,2
DA:132,2
DA:133,1
DA:134,1
DA:145,1
DA:146,1
DA:147,1
DA:148,1
DA:149,1
DA:151,0
DA:157,2
DA:158,1
DA:161,1
DA:164,2
DA:165,2
DA:166,1
DA:167,1
DA:178,1
DA:179,1
DA:180,1
DA:181,1
DA:183,0
DA:189,2
DA:190,1
DA:193,1
DA:202,2
DA:204,2
DA:207,2
DA:216,2
DA:217,2
DA:220,2
DA:222,1
DA:225,2
DA:229,0
DA:240,218
DA:241,4
DA:243,4
DA:246,4
DA:247,4
DA:250,4
DA:251,4
DA:253,4
DA:256,4
DA:257,4
DA:261,4
DA:262,32
DA:263,0
DA:267,4
DA:268,0
DA:271,4
DA:273,4
DA:282,218
DA:283,6
DA:285,4
DA:286,3
DA:289,4
DA:290,2
DA:293,4
DA:295,4
LF:95
LH:88
BRDA:16,0,0,1
BRDA:16,0,1,0
BRDA:36,1,0,0
BRDA:36,1,1,4
BRDA:54,2,0,4
BRDA:54,2,1,0
BRDA:54,3,0,4
BRDA:54,3,1,1
BRDA:67,4,0,2
BRDA:67,4,1,21
BRDA:67,5,0,23
BRDA:67,5,1,2
BRDA:80,6,0,2
BRDA:80,6,1,0
BRDA:91,7,0,1
BRDA:91,7,1,1
BRDA:91,8,0,2
BRDA:91,8,1,1
BRDA:93,9,0,1
BRDA:93,9,1,0
BRDA:93,10,0,1
BRDA:93,10,1,1
BRDA:117,11,0,1
BRDA:117,11,1,1
BRDA:117,12,0,2
BRDA:117,12,1,1
BRDA:119,13,0,1
BRDA:119,13,1,0
BRDA:119,14,0,1
BRDA:119,14,1,1
BRDA:145,15,0,1
BRDA:145,15,1,0
BRDA:145,16,0,1
BRDA:145,16,1,1
BRDA:157,17,0,1
BRDA:157,17,1,1
BRDA:178,18,0,1
BRDA:178,18,1,0
BRDA:178,19,0,1
BRDA:178,19,1,1
BRDA:189,20,0,1
BRDA:189,20,1,1
BRDA:202,21,0,0
BRDA:202,21,1,2
BRDA:216,22,0,2
BRDA:216,22,1,0
BRDA:216,23,0,2
BRDA:216,23,1,1
BRDA:220,24,0,1
BRDA:220,24,1,1
BRDA:220,25,0,2
BRDA:220,25,1,2
BRDA:225,26,0,1
BRDA:225,26,1,1
BRDA:241,27,0,0
BRDA:241,27,1,4
BRDA:246,28,0,4
BRDA:246,28,1,0
BRDA:250,29,0,4
BRDA:250,29,1,0
BRDA:251,30,0,4
BRDA:251,30,1,0
BRDA:253,31,0,0
BRDA:253,31,1,4
BRDA:253,32,0,4
BRDA:253,32,1,4
BRDA:256,33,0,4
BRDA:256,33,1,0
BRDA:256,34,0,4
BRDA:256,34,1,4
BRDA:262,35,0,0
BRDA:262,35,1,32
BRDA:262,36,0,32
BRDA:262,36,1,32
BRDA:267,37,0,0
BRDA:267,37,1,4
BRDA:283,38,0,2
BRDA:283,38,1,4
BRDA:285,39,0,3
BRDA:285,39,1,1
BRDA:289,40,0,2
BRDA:289,40,1,2
BRF:82
BRH:64
end_of_record
TN:
SF:C:\Sandbox\WS_17.5\LightWeight_Static\react-app\src\main\resources\app\src\Actions\DynamicPendingQuestionAction.js
FN:10,(anonymous_0)
FN:14,(anonymous_1)
FN:28,(anonymous_2)
FN:46,(anonymous_3)
FNF:4
FNH:4
FNDA:3,(anonymous_0)
FNDA:2,(anonymous_1)
FNDA:2,(anonymous_2)
FNDA:2,(anonymous_3)
DA:8,6
DA:11,3
DA:14,3
DA:16,2
DA:19,2
DA:29,2
DA:31,1
DA:33,1
DA:39,3
DA:40,2
DA:44,1
DA:48,2
LF:12
LH:12
BRDA:29,0,0,1
BRDA:29,0,1,1
BRDA:29,1,0,2
BRDA:29,1,1,1
BRDA:33,2,0,1
BRDA:33,2,1,1
BRDA:33,2,2,0
BRDA:39,3,0,2
BRDA:39,3,1,1
BRF:9
BRH:8
end_of_record
TN:
SF:C:\Sandbox\WS_17.5\LightWeight_Static\react-app\src\main\resources\app\src\Actions\DynamicQuestionsActions.js
FN:10,(anonymous_0)
FN:15,(anonymous_1)
FN:27,(anonymous_2)
FN:42,(anonymous_3)
FNF:4
FNH:4
FNDA:10,(anonymous_0)
FNDA:2,(anonymous_1)
FNDA:2,(anonymous_2)
FNDA:2,(anonymous_3)
DA:8,7
DA:11,10
DA:15,10
DA:17,2
DA:18,2
DA:28,2
DA:29,1
DA:31,1
DA:36,10
DA:37,2
DA:40,8
DA:44,2
LF:12
LH:12
BRDA:28,0,0,1
BRDA:28,0,1,1
BRDA:28,1,0,2
BRDA:28,1,1,1
BRDA:31,2,0,1
BRDA:31,2,1,1
BRDA:31,2,2,0
BRDA:36,3,0,2
BRDA:36,3,1,8
BRF:9
BRH:8
end_of_record
TN:
SF:C:\Sandbox\WS_17.5\LightWeight_Static\react-app\src\main\resources\app\src\Actions\DynamicQuestionsCheckPointoOneActions.js
FN:9,(anonymous_0)
FN:15,(anonymous_1)
FN:27,(anonymous_2)
FN:44,(anonymous_3)
FNF:4
FNH:4
FNDA:3,(anonymous_0)
FNDA:2,(anonymous_1)
FNDA:2,(anonymous_2)
FNDA:2,(anonymous_3)
DA:8,1
DA:11,3
DA:15,3
DA:17,2
DA:18,2
DA:28,2
DA:30,1
DA:32,1
DA:37,3
DA:38,2
DA:41,1
DA:46,2
LF:12
LH:12
BRDA:28,0,0,1
BRDA:28,0,1,1
BRDA:28,1,0,2
BRDA:28,1,1,1
BRDA:32,2,0,1
BRDA:32,2,1,1
BRDA:32,2,2,0
BRDA:37,3,0,2
BRDA:37,3,1,1
BRF:9
BRH:8
end_of_record
TN:
SF:C:\Sandbox\WS_17.5\LightWeight_Static\react-app\src\main\resources\app\src\Actions\DynamicQuestionsCheckPointoTwoActions.js
FN:9,(anonymous_0)
FN:16,(anonymous_1)
FN:30,(anonymous_2)
FN:47,(anonymous_3)
FNF:4
FNH:4
FNDA:9,(anonymous_0)
FNDA:2,(anonymous_1)
FNDA:2,(anonymous_2)
FNDA:2,(anonymous_3)
DA:8,5
DA:11,9
DA:16,9
DA:18,2
DA:21,2
DA:31,2
DA:33,1
DA:35,1
DA:41,9
DA:42,2
DA:45,7
DA:49,2
LF:12
LH:12
BRDA:31,0,0,1
BRDA:31,0,1,1
BRDA:31,1,0,2
BRDA:31,1,1,1
BRDA:35,2,0,1
BRDA:35,2,1,1
BRDA:35,2,2,0
BRDA:41,3,0,2
BRDA:41,3,1,7
BRF:9
BRH:8
end_of_record
TN:
SF:C:\Sandbox\WS_17.5\LightWeight_Static\react-app\src\main\resources\app\src\Actions\DynamicSubsidizedStatusApplicationAction.js
FN:9,(anonymous_0)
FN:16,(anonymous_1)
FN:30,(anonymous_2)
FN:47,(anonymous_3)
FNF:4
FNH:4
FNDA:3,(anonymous_0)
FNDA:2,(anonymous_1)
FNDA:2,(anonymous_2)
FNDA:2,(anonymous_3)
DA:8,6
DA:11,3
DA:16,3
DA:18,2
DA:21,2
DA:31,2
DA:33,1
DA:35,1
DA:41,3
DA:42,2
DA:45,1
DA:49,2
LF:12
LH:12
BRDA:31,0,0,1
BRDA:31,0,1,1
BRDA:31,1,0,2
BRDA:31,1,1,1
BRDA:35,2,0,1
BRDA:35,2,1,1
BRDA:35,2,2,0
BRDA:41,3,0,2
BRDA:41,3,1,1
BRF:9
BRH:8
end_of_record
TN:
SF:C:\Sandbox\WS_17.5\LightWeight_Static\react-app\src\main\resources\app\src\Actions\EligibilityActions.js
FN:14,(anonymous_0)
FN:19,(anonymous_1)
FN:32,(anonymous_2)
FN:49,(anonymous_3)
FN:53,(anonymous_4)
FN:66,(anonymous_5)
FN:83,(anonymous_6)
FN:85,(anonymous_7)
FN:93,(anonymous_8)
FN:105,(anonymous_9)
FN:109,(anonymous_10)
FN:122,(anonymous_11)
FN:139,(anonymous_12)
FN:141,(anonymous_13)
FN:154,(anonymous_14)
FN:168,(anonymous_15)
FN:186,(anonymous_16)
FN:190,(anonymous_17)
FN:215,(anonymous_18)
FN:217,(anonymous_19)
FN:239,(anonymous_20)
FN:241,(anonymous_21)
FN:256,(anonymous_22)
FN:257,(anonymous_23)
FN:267,(anonymous_24)
FN:290,(anonymous_25)
FN:331,(anonymous_26)
FN:335,(anonymous_27)
FN:349,(anonymous_28)
FNF:29
FNH:19
FNDA:2,(anonymous_0)
FNDA:2,(anonymous_1)
FNDA:2,(anonymous_2)
FNDA:2,(anonymous_3)
FNDA:2,(anonymous_4)
FNDA:2,(anonymous_5)
FNDA:0,(anonymous_6)
FNDA:0,(anonymous_7)
FNDA:0,(anonymous_8)
FNDA:9,(anonymous_9)
FNDA:2,(anonymous_10)
FNDA:2,(anonymous_11)
FNDA:2,(anonymous_12)
FNDA:0,(anonymous_13)
FNDA:1,(anonymous_14)
FNDA:1,(anonymous_15)
FNDA:6,(anonymous_16)
FNDA:6,(anonymous_17)
FNDA:2,(anonymous_18)
FNDA:1,(anonymous_19)
FNDA:4,(anonymous_20)
FNDA:0,(anonymous_21)
FNDA:0,(anonymous_22)
FNDA:0,(anonymous_23)
FNDA:4,(anonymous_24)
FNDA:4,(anonymous_25)
FNDA:0,(anonymous_26)
FNDA:0,(anonymous_27)
FNDA:0,(anonymous_28)
DA:10,10
DA:12,10
DA:15,2
DA:19,2
DA:21,2
DA:23,2
DA:33,2
DA:34,1
DA:36,1
DA:42,2
DA:43,2
DA:46,0
DA:50,2
DA:53,2
DA:55,2
DA:57,2
DA:67,2
DA:68,1
DA:70,1
DA:76,2
DA:77,2
DA:80,0
DA:84,0
DA:85,0
DA:87,0
DA:93,0
DA:94,0
DA:97,0
DA:98,0
DA:101,0
DA:106,9
DA:109,9
DA:111,2
DA:113,2
DA:123,2
DA:124,1
DA:126,1
DA:132,9
DA:133,2
DA:136,7
DA:140,2
DA:141,2
DA:143,0
DA:145,0
DA:154,2
DA:156,1
DA:158,1
DA:169,1
DA:170,1
DA:174,0
DA:180,2
DA:181,1
DA:184,1
DA:187,6
DA:190,6
DA:192,6
DA:194,6
DA:195,4
DA:199,2
DA:202,2
DA:203,2
DA:206,2
DA:216,2
DA:217,1
DA:218,1
DA:219,1
DA:220,1
DA:221,1
DA:224,1
DA:226,1
DA:231,6
DA:232,2
DA:235,4
DA:237,4
DA:240,4
DA:241,4
DA:243,0
DA:252,0
DA:253,0
DA:255,0
DA:256,0
DA:257,0
DA:258,0
DA:260,0
DA:263,0
DA:267,4
DA:269,4
DA:272,4
DA:275,4
DA:276,4
DA:280,4
DA:291,4
DA:292,4
DA:293,3
DA:294,3
DA:295,3
DA:296,3
DA:297,3
DA:300,3
DA:302,1
DA:303,1
DA:304,0
DA:310,0
DA:316,4
DA:317,4
DA:320,0
DA:331,10
DA:332,0
DA:335,0
DA:337,0
DA:339,0
DA:350,0
DA:351,0
DA:352,0
DA:356,0
DA:361,0
DA:362,0
DA:365,0
LF:118
LH:82
BRDA:33,0,0,1
BRDA:33,0,1,1
BRDA:33,1,0,2
BRDA:33,1,1,1
BRDA:42,2,0,2
BRDA:42,2,1,0
BRDA:67,3,0,1
BRDA:67,3,1,1
BRDA:67,4,0,2
BRDA:67,4,1,1
BRDA:76,5,0,2
BRDA:76,5,1,0
BRDA:97,6,0,0
BRDA:97,6,1,0
BRDA:123,7,0,1
BRDA:123,7,1,1
BRDA:123,8,0,2
BRDA:123,8,1,1
BRDA:132,9,0,2
BRDA:132,9,1,7
BRDA:147,10,0,0
BRDA:147,10,1,0
BRDA:147,11,0,0
BRDA:147,11,1,0
BRDA:169,12,0,1
BRDA:169,12,1,0
BRDA:169,13,0,1
BRDA:169,13,1,0
BRDA:180,14,0,1
BRDA:180,14,1,1
BRDA:194,15,0,4
BRDA:194,15,1,2
BRDA:194,16,0,6
BRDA:194,16,1,6
BRDA:202,17,0,2
BRDA:202,17,1,0
BRDA:216,18,0,1
BRDA:216,18,1,1
BRDA:216,19,0,2
BRDA:216,19,1,1
BRDA:231,20,0,2
BRDA:231,20,1,4
BRDA:231,21,0,6
BRDA:231,21,1,2
BRDA:231,21,2,2
BRDA:252,22,0,0
BRDA:252,22,1,0
BRDA:255,23,0,0
BRDA:255,23,1,0
BRDA:275,24,0,4
BRDA:275,24,1,0
BRDA:292,25,0,3
BRDA:292,25,1,1
BRDA:292,26,0,4
BRDA:292,26,1,1
BRDA:292,26,2,4
BRDA:294,27,0,3
BRDA:294,27,1,0
BRDA:296,28,0,3
BRDA:296,28,1,0
BRDA:302,29,0,1
BRDA:302,29,1,0
BRDA:303,30,0,0
BRDA:303,30,1,1
BRDA:316,31,0,4
BRDA:316,31,1,0
BRDA:350,32,0,0
BRDA:350,32,1,0
BRDA:350,33,0,0
BRDA:350,33,1,0
BRDA:351,34,0,0
BRDA:351,34,1,0
BRDA:361,35,0,0
BRDA:361,35,1,0
BRF:74
BRH:45
end_of_record
TN:
SF:C:\Sandbox\WS_17.5\LightWeight_Static\react-app\src\main\resources\app\src\Actions\EndpointActionUtils.js
FN:5,(anonymous_0)
FN:8,(anonymous_1)
FN:19,(anonymous_2)
FN:28,(anonymous_3)
FN:64,(anonymous_4)
FN:76,(anonymous_5)
FN:82,(anonymous_6)
FN:98,(anonymous_7)
FNF:8
FNH:8
FNDA:4,(anonymous_0)
FNDA:6,(anonymous_1)
FNDA:56,(anonymous_2)
FNDA:35,(anonymous_3)
FNDA:223,(anonymous_4)
FNDA:45,(anonymous_5)
FNDA:234,(anonymous_6)
FNDA:305,(anonymous_7)
DA:4,197
DA:6,4
DA:9,6
DA:10,4
DA:12,2
DA:20,56
DA:29,35
DA:30,6
DA:37,28
DA:39,28
DA:40,28
DA:44,27
DA:45,0
DA:48,27
DA:65,223
DA:66,186
DA:67,61
DA:77,45
DA:79,39
DA:82,39
DA:83,234
DA:84,20
DA:87,39
DA:88,39
DA:90,0
DA:99,305
LF:26
LH:24
BRDA:6,0,0,4
BRDA:6,0,1,0
BRDA:9,1,0,4
BRDA:9,1,1,2
BRDA:20,2,0,56
BRDA:20,2,1,54
BRDA:20,2,2,54
BRDA:29,3,0,6
BRDA:29,3,1,28
BRDA:40,4,0,0
BRDA:40,4,1,28
BRDA:42,5,0,28
BRDA:42,5,1,0
BRDA:44,6,0,0
BRDA:44,6,1,27
BRDA:65,7,0,37
BRDA:65,7,1,186
BRDA:65,8,0,223
BRDA:65,8,1,186
BRDA:66,9,0,125
BRDA:66,9,1,61
BRDA:77,10,0,6
BRDA:77,10,1,39
BRDA:83,11,0,20
BRDA:83,11,1,214
BRDA:87,12,0,39
BRDA:87,12,1,0
BRF:27
BRH:22
end_of_record
TN:
SF:C:\Sandbox\WS_17.5\LightWeight_Static\react-app\src\main\resources\app\src\Actions\EnrollmentGroupsActions.js
FN:15,(anonymous_0)
FN:26,(anonymous_1)
FN:36,(anonymous_2)
FN:50,(anonymous_3)
FN:60,(anonymous_4)
FN:74,(anonymous_5)
FN:84,(anonymous_6)
FN:98,(anonymous_7)
FNF:8
FNH:6
FNDA:2,(anonymous_0)
FNDA:2,(anonymous_1)
FNDA:0,(anonymous_2)
FNDA:0,(anonymous_3)
FNDA:1,(anonymous_4)
FNDA:1,(anonymous_5)
FNDA:2,(anonymous_6)
FNDA:2,(anonymous_7)
DA:11,1
DA:13,1
DA:17,2
DA:18,2
DA:27,2
DA:28,1
DA:29,1
DA:31,1
DA:38,0
DA:41,0
DA:51,0
DA:52,0
DA:53,0
DA:55,0
DA:62,1
DA:65,1
DA:75,1
DA:76,0
DA:77,0
DA:79,1
DA:86,2
DA:89,2
DA:99,2
DA:101,1
DA:103,1
LF:25
LH:17
BRDA:27,0,0,1
BRDA:27,0,1,1
BRDA:27,1,0,2
BRDA:27,1,1,1
BRDA:31,2,0,1
BRDA:31,2,1,1
BRDA:31,2,2,0
BRDA:51,3,0,0
BRDA:51,3,1,0
BRDA:51,4,0,0
BRDA:51,4,1,0
BRDA:55,5,0,0
BRDA:55,5,1,0
BRDA:55,5,2,0
BRDA:75,6,0,0
BRDA:75,6,1,1
BRDA:75,7,0,1
BRDA:75,7,1,0
BRDA:79,8,0,1
BRDA:79,8,1,1
BRDA:79,8,2,0
BRDA:99,9,0,1
BRDA:99,9,1,1
BRDA:99,10,0,2
BRDA:99,10,1,1
BRDA:103,11,0,1
BRDA:103,11,1,1
BRDA:103,11,2,0
BRF:28
BRH:16
end_of_record
TN:
SF:C:\Sandbox\WS_17.5\LightWeight_Static\react-app\src\main\resources\app\src\Actions\ExampleActions.stub.js
FN:10,(anonymous_0)
FN:16,(anonymous_1)
FNF:2
FNH:2
FNDA:1,(anonymous_0)
FNDA:1,(anonymous_1)
DA:8,1
DA:11,1
DA:18,1
LF:3
LH:3
BRF:0
BRH:0
end_of_record
TN:
SF:C:\Sandbox\WS_17.5\LightWeight_Static\react-app\src\main\resources\app\src\Actions\HouseholdMemberActions.js
FN:16,(anonymous_0)
FN:18,(anonymous_1)
FN:22,(anonymous_2)
FN:37,(anonymous_3)
FN:57,(anonymous_4)
FN:79,(anonymous_5)
FN:86,(anonymous_6)
FN:99,(anonymous_7)
FN:115,(anonymous_8)
FN:121,(anonymous_9)
FN:141,(anonymous_10)
FN:159,(anonymous_11)
FN:164,(anonymous_12)
FN:184,(anonymous_13)
FN:205,(anonymous_14)
FN:207,(anonymous_15)
FN:209,(anonymous_16)
FN:234,(anonymous_17)
FN:248,(anonymous_18)
FN:268,(anonymous_19)
FN:278,(anonymous_20)
FN:291,(anonymous_21)
FN:311,(anonymous_22)
FN:313,(anonymous_23)
FN:322,(anonymous_24)
FN:324,(anonymous_25)
FN:333,(anonymous_26)
FN:335,(anonymous_27)
FN:345,(anonymous_28)
FN:347,(anonymous_29)
FN:354,(anonymous_30)
FN:378,(anonymous_31)
FN:380,(anonymous_32)
FN:399,(anonymous_33)
FN:403,(anonymous_34)
FN:406,(anonymous_35)
FN:427,(anonymous_36)
FN:441,(anonymous_37)
FN:460,(anonymous_38)
FN:462,(anonymous_39)
FN:487,(anonymous_40)
FN:489,(anonymous_41)
FN:493,(anonymous_42)
FN:508,(anonymous_43)
FN:512,(anonymous_44)
FN:525,(anonymous_45)
FN:540,(anonymous_46)
FN:542,(anonymous_47)
FN:546,(anonymous_48)
FN:576,(anonymous_49)
FN:578,(anonymous_50)
FN:582,(anonymous_51)
FN:601,(anonymous_52)
FN:603,(anonymous_53)
FN:607,(anonymous_54)
FN:625,(anonymous_55)
FN:627,(anonymous_56)
FN:631,(anonymous_57)
FN:648,(anonymous_58)
FN:650,(anonymous_59)
FN:654,(anonymous_60)
FN:672,(anonymous_61)
FN:674,(anonymous_62)
FN:677,(anonymous_63)
FN:682,(anonymous_64)
FN:742,(anonymous_65)
FN:744,(anonymous_66)
FN:749,(anonymous_67)
FN:767,(anonymous_68)
FN:769,(anonymous_69)
FN:773,(anonymous_70)
FN:789,(anonymous_71)
FN:791,(anonymous_72)
FN:795,(anonymous_73)
FN:826,(anonymous_74)
FN:828,(anonymous_75)
FN:868,(anonymous_76)
FN:878,(anonymous_77)
FN:890,(anonymous_78)
FN:905,(anonymous_79)
FN:908,(anonymous_80)
FN:924,(anonymous_81)
FN:938,(anonymous_82)
FN:962,(anonymous_83)
FN:964,(anonymous_84)
FN:969,(anonymous_85)
FN:969,(anonymous_86)
FN:1011,(anonymous_87)
FN:1013,(anonymous_88)
FN:1018,(anonymous_89)
FN:1018,(anonymous_90)
FN:1032,(anonymous_91)
FN:1036,(anonymous_92)
FN:1057,(anonymous_93)
FN:1075,(anonymous_94)
FN:1078,(anonymous_95)
FN:1081,(anonymous_96)
FN:1094,(anonymous_97)
FN:1108,(anonymous_98)
FN:1126,(anonymous_99)
FN:1133,(anonymous_100)
FN:1149,(anonymous_101)
FN:1177,(anonymous_102)
FN:1181,(anonymous_103)
FN:1194,(anonymous_104)
FN:1215,(anonymous_105)
FN:1219,(anonymous_106)
FN:1232,(anonymous_107)
FN:1257,(anonymous_108)
FN:1270,(anonymous_109)
FN:1284,(anonymous_110)
FN:1320,(anonymous_111)
FN:1326,(anonymous_112)
FN:1340,(anonymous_113)
FNF:114
FNH:103
FNDA:6,(anonymous_0)
FNDA:2,(anonymous_1)
FNDA:0,(anonymous_2)
FNDA:3,(anonymous_3)
FNDA:3,(anonymous_4)
FNDA:5,(anonymous_5)
FNDA:1,(anonymous_6)
FNDA:1,(anonymous_7)
FNDA:2,(anonymous_8)
FNDA:2,(anonymous_9)
FNDA:2,(anonymous_10)
FNDA:4,(anonymous_11)
FNDA:2,(anonymous_12)
FNDA:2,(anonymous_13)
FNDA:2,(anonymous_14)
FNDA:2,(anonymous_15)
FNDA:4,(anonymous_16)
FNDA:2,(anonymous_17)
FNDA:2,(anonymous_18)
FNDA:2,(anonymous_19)
FNDA:2,(anonymous_20)
FNDA:2,(anonymous_21)
FNDA:1,(anonymous_22)
FNDA:1,(anonymous_23)
FNDA:1,(anonymous_24)
FNDA:1,(anonymous_25)
FNDA:1,(anonymous_26)
FNDA:1,(anonymous_27)
FNDA:1,(anonymous_28)
FNDA:1,(anonymous_29)
FNDA:0,(anonymous_30)
FNDA:2,(anonymous_31)
FNDA:2,(anonymous_32)
FNDA:0,(anonymous_33)
FNDA:0,(anonymous_34)
FNDA:0,(anonymous_35)
FNDA:0,(anonymous_36)
FNDA:0,(anonymous_37)
FNDA:1,(anonymous_38)
FNDA:1,(anonymous_39)
FNDA:1,(anonymous_40)
FNDA:1,(anonymous_41)
FNDA:3,(anonymous_42)
FNDA:2,(anonymous_43)
FNDA:2,(anonymous_44)
FNDA:2,(anonymous_45)
FNDA:1,(anonymous_46)
FNDA:1,(anonymous_47)
FNDA:3,(anonymous_48)
FNDA:1,(anonymous_49)
FNDA:1,(anonymous_50)
FNDA:3,(anonymous_51)
FNDA:1,(anonymous_52)
FNDA:1,(anonymous_53)
FNDA:3,(anonymous_54)
FNDA:1,(anonymous_55)
FNDA:1,(anonymous_56)
FNDA:3,(anonymous_57)
FNDA:1,(anonymous_58)
FNDA:1,(anonymous_59)
FNDA:3,(anonymous_60)
FNDA:1,(anonymous_61)
FNDA:1,(anonymous_62)
FNDA:3,(anonymous_63)
FNDA:3,(anonymous_64)
FNDA:1,(anonymous_65)
FNDA:1,(anonymous_66)
FNDA:3,(anonymous_67)
FNDA:0,(anonymous_68)
FNDA:0,(anonymous_69)
FNDA:0,(anonymous_70)
FNDA:1,(anonymous_71)
FNDA:1,(anonymous_72)
FNDA:3,(anonymous_73)
FNDA:1,(anonymous_74)
FNDA:1,(anonymous_75)
FNDA:3,(anonymous_76)
FNDA:3,(anonymous_77)
FNDA:3,(anonymous_78)
FNDA:6,(anonymous_79)
FNDA:5,(anonymous_80)
FNDA:6,(anonymous_81)
FNDA:6,(anonymous_82)
FNDA:1,(anonymous_83)
FNDA:1,(anonymous_84)
FNDA:3,(anonymous_85)
FNDA:3,(anonymous_86)
FNDA:1,(anonymous_87)
FNDA:1,(anonymous_88)
FNDA:3,(anonymous_89)
FNDA:0,(anonymous_90)
FNDA:2,(anonymous_91)
FNDA:1,(anonymous_92)
FNDA:1,(anonymous_93)
FNDA:2,(anonymous_94)
FNDA:2,(anonymous_95)
FNDA:4,(anonymous_96)
FNDA:2,(anonymous_97)
FNDA:2,(anonymous_98)
FNDA:3,(anonymous_99)
FNDA:3,(anonymous_100)
FNDA:3,(anonymous_101)
FNDA:4,(anonymous_102)
FNDA:3,(anonymous_103)
FNDA:3,(anonymous_104)
FNDA:2,(anonymous_105)
FNDA:2,(anonymous_106)
FNDA:2,(anonymous_107)
FNDA:5,(anonymous_108)
FNDA:5,(anonymous_109)
FNDA:5,(anonymous_110)
FNDA:11,(anonymous_111)
FNDA:11,(anonymous_112)
FNDA:11,(anonymous_113)
DA:12,218
DA:15,218
DA:17,6
DA:18,6
DA:19,2
DA:21,2
DA:22,0
DA:23,0
DA:24,0
DA:25,0
DA:28,0
DA:30,0
DA:34,6
DA:37,6
DA:39,3
DA:40,3
DA:41,0
DA:45,3
DA:48,3
DA:58,3
DA:59,2
DA:60,2
DA:62,2
DA:64,1
DA:70,6
DA:71,3
DA:74,3
DA:76,3
DA:80,5
DA:86,5
DA:88,1
DA:90,1
DA:100,1
DA:101,0
DA:103,1
DA:108,5
DA:109,1
DA:112,4
DA:116,2
DA:121,2
DA:123,2
DA:125,2
DA:126,0
DA:129,2
DA:132,2
DA:142,2
DA:143,1
DA:145,1
DA:150,2
DA:151,2
DA:154,0
DA:156,0
DA:160,4
DA:164,4
DA:166,2
DA:168,2
DA:169,0
DA:172,2
DA:175,2
DA:185,2
DA:186,1
DA:187,1
DA:188,1
DA:190,1
DA:196,4
DA:197,2
DA:200,2
DA:202,2
DA:206,2
DA:207,2
DA:209,2
DA:211,4
DA:212,4
DA:216,2
DA:218,2
DA:221,2
DA:222,2
DA:226,2
DA:227,0
DA:231,2
DA:234,2
DA:236,2
DA:238,2
DA:249,2
DA:250,2
DA:254,2
DA:257,0
DA:262,2
DA:263,2
DA:266,0
DA:269,2
DA:271,2
DA:273,2
DA:278,2
DA:280,2
DA:282,2
DA:292,2
DA:294,2
DA:297,0
DA:302,2
DA:305,2
DA:306,2
DA:309,0
DA:312,1
DA:313,1
DA:315,1
DA:320,1
DA:323,1
DA:324,1
DA:326,1
DA:331,1
DA:334,1
DA:335,1
DA:337,1
DA:343,1
DA:346,1
DA:347,1
DA:349,1
DA:350,0
DA:351,0
DA:353,1
DA:354,1
DA:355,0
DA:357,0
DA:358,0
DA:361,1
DA:362,0
DA:365,1
DA:372,1
DA:373,1
DA:376,0
DA:379,2
DA:380,2
DA:382,2
DA:383,2
DA:384,2
DA:386,2
DA:393,2
DA:394,0
DA:397,2
DA:400,0
DA:403,0
DA:405,0
DA:406,0
DA:407,0
DA:409,0
DA:415,0
DA:423,0
DA:424,0
DA:427,0
DA:429,0
DA:431,0
DA:443,0
DA:444,0
DA:445,0
DA:448,0
DA:449,0
DA:454,0
DA:455,0
DA:458,0
DA:461,1
DA:462,1
DA:464,1
DA:469,1
DA:470,0
DA:471,0
DA:472,0
DA:474,0
DA:476,1
DA:480,1
DA:481,1
DA:484,0
DA:488,1
DA:489,1
DA:491,1
DA:492,1
DA:494,3
DA:499,3
DA:503,1
DA:506,1
DA:509,2
DA:512,2
DA:514,2
DA:516,2
DA:526,2
DA:527,2
DA:529,0
DA:534,2
DA:535,2
DA:538,0
DA:541,1
DA:542,1
DA:544,1
DA:545,1
DA:547,3
DA:552,3
DA:553,0
DA:554,0
DA:557,0
DA:560,3
DA:561,0
DA:563,3
DA:570,1
DA:573,1
DA:574,1
DA:577,1
DA:578,1
DA:580,1
DA:581,1
DA:583,3
DA:587,3
DA:588,3
DA:589,3
DA:596,1
DA:599,1
DA:602,1
DA:603,1
DA:605,1
DA:606,1
DA:608,3
DA:613,3
DA:615,3
DA:619,1
DA:622,1
DA:626,1
DA:627,1
DA:629,1
DA:630,1
DA:632,3
DA:638,3
DA:642,1
DA:645,1
DA:649,1
DA:650,1
DA:652,1
DA:653,1
DA:655,3
DA:659,3
DA:660,3
DA:667,1
DA:670,1
DA:673,1
DA:674,1
DA:676,1
DA:677,3
DA:678,1
DA:680,1
DA:681,1
DA:684,3
DA:687,3
DA:694,1
DA:697,0
DA:698,0
DA:709,0
DA:710,0
DA:721,0
DA:722,0
DA:730,0
DA:735,0
DA:738,1
DA:739,1
DA:743,1
DA:744,1
DA:747,1
DA:748,1
DA:751,3
DA:754,3
DA:755,3
DA:762,1
DA:765,1
DA:768,0
DA:769,0
DA:771,0
DA:772,0
DA:774,0
DA:777,0
DA:784,0
DA:787,0
DA:790,1
DA:791,1
DA:793,1
DA:794,1
DA:796,3
DA:800,3
DA:804,0
DA:806,3
DA:810,0
DA:811,0
DA:813,3
DA:820,1
DA:823,1
DA:824,1
DA:827,1
DA:828,1
DA:830,1
DA:831,1
DA:834,1
DA:835,1
DA:838,1
DA:839,1
DA:841,1
DA:843,1
DA:847,1
DA:857,1
DA:858,0
DA:862,1
DA:863,0
DA:866,1
DA:869,3
DA:874,3
DA:878,3
DA:880,3
DA:881,3
DA:891,3
DA:892,2
DA:894,1
DA:899,3
DA:900,3
DA:903,0
DA:906,6
DA:908,6
DA:910,5
DA:915,5
DA:916,5
DA:917,5
DA:921,6
DA:924,6
DA:926,6
DA:928,6
DA:939,6
DA:940,6
DA:941,1
DA:943,6
DA:945,0
DA:946,0
DA:949,0
DA:950,0
DA:955,6
DA:956,6
DA:959,0
DA:963,1
DA:964,1
DA:966,1
DA:967,1
DA:969,3
DA:970,3
DA:971,3
DA:976,3
DA:977,0
DA:979,3
DA:980,3
DA:981,3
DA:983,3
DA:984,3
DA:985,3
DA:988,3
DA:990,3
DA:995,3
DA:997,3
DA:1006,1
DA:1009,1
DA:1012,1
DA:1013,1
DA:1015,1
DA:1017,1
DA:1018,3
DA:1019,0
DA:1020,0
DA:1028,1
DA:1030,0
DA:1033,2
DA:1036,2
DA:1038,1
DA:1040,1
DA:1041,0
DA:1045,1
DA:1048,1
DA:1058,1
DA:1059,1
DA:1062,0
DA:1067,2
DA:1068,1
DA:1071,1
DA:1073,1
DA:1076,2
DA:1078,2
DA:1080,2
DA:1081,2
DA:1082,4
DA:1083,0
DA:1087,2
DA:1094,2
DA:1096,2
DA:1098,2
DA:1109,2
DA:1110,2
DA:1113,0
DA:1114,0
DA:1119,2
DA:1120,2
DA:1123,0
DA:1129,3
DA:1133,3
DA:1135,3
DA:1137,3
DA:1151,3
DA:1152,1
DA:1157,1
DA:1158,1
DA:1161,2
DA:1162,2
DA:1163,2
DA:1164,2
DA:1166,0
DA:1171,3
DA:1172,3
DA:1175,0
DA:1178,4
DA:1181,4
DA:1183,3
DA:1185,3
DA:1196,3
DA:1197,0
DA:1198,0
DA:1200,3
DA:1201,2
DA:1202,2
DA:1204,1
DA:1209,4
DA:1210,3
DA:1213,1
DA:1216,2
DA:1219,2
DA:1221,2
DA:1223,2
DA:1233,2
DA:1234,1
DA:1235,1
DA:1237,1
DA:1242,2
DA:1243,2
DA:1246,0
DA:1257,218
DA:1258,5
DA:1259,5
DA:1262,5
DA:1263,0
DA:1266,5
DA:1270,5
DA:1272,5
DA:1274,5
DA:1286,5
DA:1287,5
DA:1288,5
DA:1292,5
DA:1294,0
DA:1296,5
DA:1300,0
DA:1301,0
DA:1306,5
DA:1307,5
DA:1310,0
DA:1320,218
DA:1321,11
DA:1326,11
DA:1328,11
DA:1330,11
DA:1342,11
DA:1343,11
DA:1344,11
DA:1345,11
DA:1347,3
DA:1349,11
DA:1350,1
DA:1352,10
DA:1356,0
DA:1357,0
DA:1362,11
DA:1363,11
DA:1366,0
LF:480
LH:374
BRDA:21,0,0,0
BRDA:21,0,1,2
BRDA:21,1,0,2
BRDA:21,1,1,0
BRDA:23,2,0,0
BRDA:23,2,1,0
BRDA:28,3,0,0
BRDA:28,3,1,0
BRDA:40,4,0,0
BRDA:40,4,1,3
BRDA:58,5,0,2
BRDA:58,5,1,1
BRDA:58,6,0,3
BRDA:58,6,1,2
BRDA:70,7,0,3
BRDA:70,7,1,3
BRDA:70,8,0,6
BRDA:70,8,1,3
BRDA:100,9,0,0
BRDA:100,9,1,1
BRDA:100,10,0,1
BRDA:100,10,1,0
BRDA:108,11,0,1
BRDA:108,11,1,4
BRDA:125,12,0,0
BRDA:125,12,1,2
BRDA:142,13,0,1
BRDA:142,13,1,1
BRDA:142,14,0,2
BRDA:142,14,1,1
BRDA:150,15,0,2
BRDA:150,15,1,0
BRDA:150,16,0,2
BRDA:150,16,1,2
BRDA:168,17,0,0
BRDA:168,17,1,2
BRDA:185,18,0,1
BRDA:185,18,1,1
BRDA:185,19,0,2
BRDA:185,19,1,1
BRDA:196,20,0,2
BRDA:196,20,1,2
BRDA:196,21,0,4
BRDA:196,21,1,2
BRDA:211,22,0,4
BRDA:211,22,1,0
BRDA:216,23,0,2
BRDA:216,23,1,0
BRDA:226,24,0,0
BRDA:226,24,1,2
BRDA:249,25,0,2
BRDA:249,25,1,0
BRDA:249,26,0,2
BRDA:249,26,1,0
BRDA:262,27,0,2
BRDA:262,27,1,0
BRDA:269,28,0,0
BRDA:269,28,1,2
BRDA:269,29,0,2
BRDA:269,29,1,2
BRDA:271,30,0,2
BRDA:271,30,1,0
BRDA:292,31,0,2
BRDA:292,31,1,0
BRDA:292,32,0,2
BRDA:292,32,1,1
BRDA:305,33,0,2
BRDA:305,33,1,0
BRDA:339,34,0,1
BRDA:339,34,1,0
BRDA:349,35,0,0
BRDA:349,35,1,1
BRDA:350,36,0,0
BRDA:350,36,1,0
BRDA:351,37,0,0
BRDA:351,37,1,0
BRDA:353,38,0,1
BRDA:353,38,1,0
BRDA:355,39,0,0
BRDA:355,39,1,0
BRDA:357,40,0,0
BRDA:357,40,1,0
BRDA:357,41,0,0
BRDA:357,41,1,0
BRDA:361,42,0,0
BRDA:361,42,1,1
BRDA:361,43,0,1
BRDA:361,43,1,0
BRDA:372,44,0,1
BRDA:372,44,1,0
BRDA:376,45,0,0
BRDA:376,45,1,0
BRDA:382,46,0,2
BRDA:382,46,1,0
BRDA:383,47,0,2
BRDA:383,47,1,0
BRDA:383,48,0,2
BRDA:383,48,1,0
BRDA:384,49,0,2
BRDA:384,49,1,0
BRDA:384,50,0,2
BRDA:384,50,1,0
BRDA:393,51,0,0
BRDA:393,51,1,2
BRDA:397,52,0,0
BRDA:397,52,1,2
BRDA:444,53,0,0
BRDA:444,53,1,0
BRDA:444,54,0,0
BRDA:444,54,1,0
BRDA:444,54,2,0
BRDA:444,54,3,0
BRDA:454,55,0,0
BRDA:454,55,1,0
BRDA:469,56,0,0
BRDA:469,56,1,1
BRDA:470,57,0,0
BRDA:470,57,1,0
BRDA:471,58,0,0
BRDA:471,58,1,0
BRDA:471,59,0,0
BRDA:471,59,1,0
BRDA:472,60,0,0
BRDA:472,60,1,0
BRDA:472,61,0,0
BRDA:472,61,1,0
BRDA:474,62,0,0
BRDA:474,62,1,0
BRDA:480,63,0,1
BRDA:480,63,1,0
BRDA:496,64,0,0
BRDA:496,64,1,3
BRDA:496,65,0,3
BRDA:496,65,1,0
BRDA:526,66,0,2
BRDA:526,66,1,0
BRDA:526,67,0,2
BRDA:526,67,1,1
BRDA:526,67,2,1
BRDA:534,68,0,2
BRDA:534,68,1,0
BRDA:548,69,0,0
BRDA:548,69,1,3
BRDA:548,70,0,3
BRDA:548,70,1,0
BRDA:549,71,0,0
BRDA:549,71,1,3
BRDA:552,72,0,0
BRDA:552,72,1,3
BRDA:553,73,0,0
BRDA:553,73,1,0
BRDA:560,74,0,0
BRDA:560,74,1,3
BRDA:584,75,0,0
BRDA:584,75,1,3
BRDA:587,76,0,0
BRDA:587,76,1,3
BRDA:588,77,0,0
BRDA:588,77,1,3
BRDA:610,78,0,0
BRDA:610,78,1,3
BRDA:610,79,0,3
BRDA:610,79,1,0
BRDA:611,80,0,0
BRDA:611,80,1,3
BRDA:611,81,0,3
BRDA:611,81,1,0
BRDA:613,82,0,0
BRDA:613,82,1,3
BRDA:634,83,0,0
BRDA:634,83,1,3
BRDA:634,84,0,3
BRDA:634,84,1,0
BRDA:635,85,0,0
BRDA:635,85,1,3
BRDA:635,86,0,3
BRDA:635,86,1,0
BRDA:656,87,0,0
BRDA:656,87,1,3
BRDA:659,88,0,0
BRDA:659,88,1,3
BRDA:677,89,0,3
BRDA:677,89,1,0
BRDA:680,90,0,1
BRDA:680,90,1,0
BRDA:697,91,0,0
BRDA:697,91,1,0
BRDA:697,92,0,0
BRDA:697,92,1,0
BRDA:709,93,0,0
BRDA:709,93,1,0
BRDA:721,94,0,0
BRDA:721,94,1,0
BRDA:721,95,0,0
BRDA:721,95,1,0
BRDA:738,96,0,1
BRDA:738,96,1,0
BRDA:752,97,0,0
BRDA:752,97,1,3
BRDA:754,98,0,0
BRDA:754,98,1,3
BRDA:775,99,0,0
BRDA:775,99,1,0
BRDA:797,100,0,0
BRDA:797,100,1,3
BRDA:800,101,0,0
BRDA:800,101,1,3
BRDA:801,102,0,3
BRDA:801,102,1,0
BRDA:806,103,0,0
BRDA:806,103,1,3
BRDA:807,104,0,3
BRDA:807,104,1,0
BRDA:839,105,0,1
BRDA:839,105,1,0
BRDA:841,106,0,0
BRDA:841,106,1,1
BRDA:849,107,0,0
BRDA:849,107,1,1
BRDA:853,108,0,1
BRDA:853,108,1,0
BRDA:857,109,0,0
BRDA:857,109,1,1
BRDA:857,110,0,1
BRDA:857,110,1,0
BRDA:862,111,0,0
BRDA:862,111,1,1
BRDA:869,112,0,1
BRDA:869,112,1,2
BRDA:891,113,0,2
BRDA:891,113,1,1
BRDA:891,114,0,3
BRDA:891,114,1,2
BRDA:899,115,0,3
BRDA:899,115,1,0
BRDA:906,116,0,3
BRDA:906,116,1,3
BRDA:915,117,0,5
BRDA:915,117,1,0
BRDA:916,118,0,5
BRDA:916,118,1,0
BRDA:939,119,0,6
BRDA:939,119,1,0
BRDA:939,120,0,6
BRDA:939,120,1,3
BRDA:940,121,0,1
BRDA:940,121,1,5
BRDA:945,122,0,0
BRDA:945,122,1,0
BRDA:945,123,0,0
BRDA:945,123,1,0
BRDA:945,123,2,0
BRDA:955,124,0,6
BRDA:955,124,1,0
BRDA:970,125,0,0
BRDA:970,125,1,3
BRDA:976,126,0,0
BRDA:976,126,1,3
BRDA:983,127,0,0
BRDA:983,127,1,3
BRDA:984,128,0,0
BRDA:984,128,1,3
BRDA:985,129,0,0
BRDA:985,129,1,3
BRDA:990,130,0,0
BRDA:990,130,1,3
BRDA:995,131,0,3
BRDA:995,131,1,0
BRDA:1019,132,0,0
BRDA:1019,132,1,0
BRDA:1028,133,0,1
BRDA:1028,133,1,0
BRDA:1040,134,0,0
BRDA:1040,134,1,1
BRDA:1058,135,0,1
BRDA:1058,135,1,0
BRDA:1058,136,0,1
BRDA:1058,136,1,0
BRDA:1067,137,0,1
BRDA:1067,137,1,1
BRDA:1067,138,0,2
BRDA:1067,138,1,1
BRDA:1076,139,0,1
BRDA:1076,139,1,1
BRDA:1082,140,0,0
BRDA:1082,140,1,4
BRDA:1082,141,0,4
BRDA:1082,141,1,0
BRDA:1109,142,0,2
BRDA:1109,142,1,0
BRDA:1109,143,0,2
BRDA:1109,143,1,1
BRDA:1119,144,0,2
BRDA:1119,144,1,0
BRDA:1151,145,0,1
BRDA:1151,145,1,2
BRDA:1161,146,0,2
BRDA:1161,146,1,0
BRDA:1161,147,0,2
BRDA:1161,147,1,2
BRDA:1171,148,0,3
BRDA:1171,148,1,0
BRDA:1196,149,0,0
BRDA:1196,149,1,3
BRDA:1200,150,0,2
BRDA:1200,150,1,1
BRDA:1200,151,0,3
BRDA:1200,151,1,2
BRDA:1209,152,0,3
BRDA:1209,152,1,1
BRDA:1233,153,0,1
BRDA:1233,153,1,1
BRDA:1233,154,0,2
BRDA:1233,154,1,1
BRDA:1242,155,0,2
BRDA:1242,155,1,0
BRDA:1262,156,0,0
BRDA:1262,156,1,5
BRDA:1262,157,0,5
BRDA:1262,157,1,0
BRDA:1262,157,2,0
BRDA:1287,158,0,5
BRDA:1287,158,1,0
BRDA:1287,159,0,5
BRDA:1287,159,1,0
BRDA:1287,159,2,5
BRDA:1287,159,3,5
BRDA:1292,160,0,0
BRDA:1292,160,1,5
BRDA:1306,161,0,5
BRDA:1306,161,1,0
BRDA:1343,162,0,11
BRDA:1343,162,1,0
BRDA:1343,163,0,11
BRDA:1343,163,1,0
BRDA:1343,163,2,11
BRDA:1343,163,3,1
BRDA:1344,164,0,0
BRDA:1344,164,1,11
BRDA:1345,165,0,3
BRDA:1345,165,1,8
BRDA:1349,166,0,1
BRDA:1349,166,1,10
BRDA:1362,167,0,11
BRDA:1362,167,1,0
BRF:345
BRH:180
end_of_record
TN:
SF:C:\Sandbox\WS_17.5\LightWeight_Static\react-app\src\main\resources\app\src\Actions\IndividualInfoActions.js
FN:14,(anonymous_0)
FN:18,(anonymous_1)
FN:36,(anonymous_2)
FN:54,(anonymous_3)
FN:58,(anonymous_4)
FN:67,(anonymous_5)
FN:78,(anonymous_6)
FN:82,(anonymous_7)
FN:95,(anonymous_8)
FN:99,(anonymous_9)
FN:112,(anonymous_10)
FN:116,(anonymous_11)
FN:129,(anonymous_12)
FN:133,(anonymous_13)
FN:149,(anonymous_14)
FN:161,(anonymous_15)
FN:169,(anonymous_16)
FN:173,(anonymous_17)
FN:185,(anonymous_18)
FN:202,(anonymous_19)
FN:206,(anonymous_20)
FN:222,(anonymous_21)
FN:226,(anonymous_22)
FN:247,(anonymous_23)
FN:257,(anonymous_24)
FN:261,(anonymous_25)
FN:279,(anonymous_26)
FN:288,(anonymous_27)
FN:300,(anonymous_28)
FN:312,(anonymous_29)
FN:318,(anonymous_30)
FN:331,(anonymous_31)
FN:357,(anonymous_32)
FN:361,(anonymous_33)
FN:376,(anonymous_34)
FNF:35
FNH:35
FNDA:1,(anonymous_0)
FNDA:1,(anonymous_1)
FNDA:6,(anonymous_2)
FNDA:1,(anonymous_3)
FNDA:1,(anonymous_4)
FNDA:2,(anonymous_5)
FNDA:1,(anonymous_6)
FNDA:1,(anonymous_7)
FNDA:1,(anonymous_8)
FNDA:1,(anonymous_9)
FNDA:1,(anonymous_10)
FNDA:1,(anonymous_11)
FNDA:1,(anonymous_12)
FNDA:1,(anonymous_13)
FNDA:2,(anonymous_14)
FNDA:2,(anonymous_15)
FNDA:1,(anonymous_16)
FNDA:1,(anonymous_17)
FNDA:3,(anonymous_18)
FNDA:1,(anonymous_19)
FNDA:1,(anonymous_20)
FNDA:1,(anonymous_21)
FNDA:1,(anonymous_22)
FNDA:9,(anonymous_23)
FNDA:1,(anonymous_24)
FNDA:1,(anonymous_25)
FNDA:2,(anonymous_26)
FNDA:4,(anonymous_27)
FNDA:4,(anonymous_28)
FNDA:2,(anonymous_29)
FNDA:2,(anonymous_30)
FNDA:2,(anonymous_31)
FNDA:9,(anonymous_32)
FNDA:9,(anonymous_33)
FNDA:9,(anonymous_34)
DA:10,10
DA:11,10
DA:13,10
DA:15,1
DA:18,1
DA:20,1
DA:27,1
DA:28,1
DA:31,1
DA:37,6
DA:38,6
DA:41,1
DA:44,0
DA:45,0
DA:46,0
DA:47,0
DA:50,1
DA:52,1
DA:55,1
DA:58,1
DA:60,1
DA:67,1
DA:68,2
DA:71,1
DA:74,1
DA:76,0
DA:79,1
DA:82,1
DA:84,1
DA:93,1
DA:96,1
DA:99,1
DA:101,1
DA:110,1
DA:113,1
DA:116,1
DA:118,1
DA:127,1
DA:130,1
DA:133,1
DA:135,1
DA:141,1
DA:142,0
DA:144,1
DA:147,1
DA:150,2
DA:152,2
DA:162,2
DA:163,0
DA:165,2
DA:170,1
DA:173,1
DA:175,1
DA:185,1
DA:186,3
DA:189,1
DA:192,1
DA:193,0
DA:196,1
DA:197,0
DA:200,1
DA:203,1
DA:206,1
DA:208,1
DA:220,1
DA:223,1
DA:226,1
DA:228,1
DA:238,1
DA:248,9
DA:249,9
DA:250,0
DA:253,1
DA:255,1
DA:258,1
DA:261,1
DA:263,1
DA:276,1
DA:280,2
DA:283,1
DA:286,1
DA:289,4
DA:291,4
DA:301,4
DA:302,2
DA:304,2
DA:305,0
DA:308,2
DA:313,2
DA:318,2
DA:320,2
DA:322,2
DA:332,2
DA:333,0
DA:335,2
DA:340,2
DA:341,2
DA:344,0
DA:357,10
DA:358,9
DA:361,9
DA:363,9
DA:366,9
DA:377,9
DA:378,0
DA:382,0
DA:386,9
DA:387,9
DA:393,9
DA:394,9
DA:397,0
LF:111
LH:95
BRDA:27,0,0,1
BRDA:27,0,1,0
BRDA:37,1,0,0
BRDA:37,1,1,6
BRDA:38,2,0,0
BRDA:38,2,1,6
BRDA:38,3,0,6
BRDA:38,3,1,0
BRDA:38,3,2,0
BRDA:41,4,0,0
BRDA:41,4,1,1
BRDA:41,5,0,1
BRDA:41,5,1,1
BRDA:41,5,2,1
BRDA:68,6,0,0
BRDA:68,6,1,2
BRDA:74,7,0,1
BRDA:74,7,1,0
BRDA:141,8,0,0
BRDA:141,8,1,1
BRDA:141,9,0,1
BRDA:141,9,1,1
BRDA:162,10,0,0
BRDA:162,10,1,2
BRDA:162,11,0,2
BRDA:162,11,1,0
BRDA:162,11,2,2
BRDA:181,12,0,0
BRDA:181,12,1,1
BRDA:186,13,0,0
BRDA:186,13,1,3
BRDA:192,14,0,0
BRDA:192,14,1,1
BRDA:192,15,0,1
BRDA:192,15,1,0
BRDA:196,16,0,0
BRDA:196,16,1,1
BRDA:248,17,0,0
BRDA:248,17,1,9
BRDA:249,18,0,0
BRDA:249,18,1,9
BRDA:249,19,0,9
BRDA:249,19,1,0
BRDA:250,20,0,0
BRDA:250,20,1,0
BRDA:269,21,0,1
BRDA:269,21,1,0
BRDA:270,22,0,1
BRDA:270,22,1,0
BRDA:271,23,0,1
BRDA:271,23,1,0
BRDA:280,24,0,0
BRDA:280,24,1,2
BRDA:301,25,0,2
BRDA:301,25,1,2
BRDA:301,26,0,4
BRDA:301,26,1,3
BRDA:301,26,2,2
BRDA:304,27,0,0
BRDA:304,27,1,2
BRDA:304,28,0,2
BRDA:304,28,1,1
BRDA:304,28,2,1
BRDA:304,28,3,0
BRDA:332,29,0,0
BRDA:332,29,1,2
BRDA:332,30,0,2
BRDA:332,30,1,0
BRDA:332,30,2,2
BRDA:340,31,0,2
BRDA:340,31,1,0
BRDA:377,32,0,0
BRDA:377,32,1,9
BRDA:377,33,0,9
BRDA:377,33,1,9
BRDA:378,34,0,0
BRDA:378,34,1,0
BRDA:393,35,0,9
BRDA:393,35,1,0
BRF:79
BRH:45
end_of_record
TN:
SF:C:\Sandbox\WS_17.5\LightWeight_Static\react-app\src\main\resources\app\src\Actions\LayoutActions.js
FN:5,(anonymous_0)
FN:9,(anonymous_1)
FN:13,(anonymous_2)
FN:17,(anonymous_3)
FN:21,(anonymous_4)
FN:25,(anonymous_5)
FNF:6
FNH:6
FNDA:2,(anonymous_0)
FNDA:2,(anonymous_1)
FNDA:3,(anonymous_2)
FNDA:1,(anonymous_3)
FNDA:1,(anonymous_4)
FNDA:9,(anonymous_5)
DA:3,222
DA:6,2
DA:10,2
DA:14,3
DA:18,1
DA:22,1
DA:27,9
LF:7
LH:7
BRF:0
BRH:0
end_of_record
TN:
SF:C:\Sandbox\WS_17.5\LightWeight_Static\react-app\src\main\resources\app\src\Actions\NavActions.js
FN:4,(anonymous_0)
FN:7,(anonymous_1)
FN:10,(anonymous_2)
FN:13,(anonymous_3)
FN:16,(anonymous_4)
FN:19,(anonymous_5)
FN:22,(anonymous_6)
FN:25,(anonymous_7)
FN:28,(anonymous_8)
FN:31,(anonymous_9)
FN:34,(anonymous_10)
FN:37,(anonymous_11)
FN:41,(anonymous_12)
FNF:13
FNH:13
FNDA:2,(anonymous_0)
FNDA:1,(anonymous_1)
FNDA:1,(anonymous_2)
FNDA:1,(anonymous_3)
FNDA:1,(anonymous_4)
FNDA:1,(anonymous_5)
FNDA:3,(anonymous_6)
FNDA:2,(anonymous_7)
FNDA:1,(anonymous_8)
FNDA:6,(anonymous_9)
FNDA:1,(anonymous_10)
FNDA:1,(anonymous_11)
FNDA:20,(anonymous_12)
DA:3,222
DA:5,2
DA:8,1
DA:11,1
DA:14,1
DA:17,1
DA:20,1
DA:23,3
DA:26,2
DA:29,1
DA:32,6
DA:35,1
DA:38,1
DA:39,1
DA:43,20
LF:15
LH:15
BRF:0
BRH:0
end_of_record
TN:
SF:C:\Sandbox\WS_17.5\LightWeight_Static\react-app\src\main\resources\app\src\Actions\PortalAuthActions.js
FN:15,(anonymous_0)
FN:39,(anonymous_1)
FN:73,(anonymous_2)
FN:76,(anonymous_3)
FN:91,(anonymous_4)
FN:98,(anonymous_5)
FNF:6
FNH:6
FNDA:4,(anonymous_0)
FNDA:4,(anonymous_1)
FNDA:2,(anonymous_2)
FNDA:2,(anonymous_3)
FNDA:2,(anonymous_4)
FNDA:2,(anonymous_5)
DA:10,116
DA:14,116
DA:16,4
DA:19,4
DA:22,4
DA:23,0
DA:27,4
DA:28,4
DA:29,4
DA:34,4
DA:40,4
DA:41,2
DA:43,1
DA:44,0
DA:46,1
DA:51,1
DA:54,1
DA:55,0
DA:58,2
DA:59,1
DA:62,3
DA:64,3
DA:68,0
DA:69,0
DA:70,0
DA:74,2
DA:76,2
DA:77,2
DA:86,2
DA:87,2
DA:92,2
DA:93,1
DA:95,1
DA:100,2
LF:34
LH:28
BRDA:19,0,0,0
BRDA:19,0,1,4
BRDA:22,1,0,0
BRDA:22,1,1,4
BRDA:28,2,0,0
BRDA:28,2,1,4
BRDA:29,3,0,4
BRDA:29,3,1,0
BRDA:29,4,0,4
BRDA:29,4,1,0
BRDA:40,5,0,2
BRDA:40,5,1,2
BRDA:40,6,0,4
BRDA:40,6,1,4
BRDA:40,6,2,4
BRDA:40,6,3,2
BRDA:41,7,0,1
BRDA:41,7,1,1
BRDA:41,8,0,2
BRDA:41,8,1,1
BRDA:43,9,0,0
BRDA:43,9,1,1
BRDA:54,10,0,0
BRDA:54,10,1,1
BRDA:58,11,0,1
BRDA:58,11,1,1
BRDA:64,12,0,3
BRDA:64,12,1,0
BRDA:64,13,0,3
BRDA:64,13,1,3
BRDA:64,13,2,0
BRDA:86,14,0,0
BRDA:86,14,1,2
BRDA:92,15,0,1
BRDA:92,15,1,1
BRDA:92,16,0,2
BRDA:92,16,1,1
BRDA:92,16,2,1
BRF:38
BRH:28
end_of_record
TN:
SF:C:\Sandbox\WS_17.5\LightWeight_Static\react-app\src\main\resources\app\src\Actions\UserHomeAction.js
FN:15,(anonymous_0)
FN:17,(anonymous_1)
FN:29,(anonymous_2)
FN:46,(anonymous_3)
FN:49,(anonymous_4)
FN:61,(anonymous_5)
FN:78,(anonymous_6)
FN:80,(anonymous_7)
FN:93,(anonymous_8)
FN:110,(anonymous_9)
FNF:10
FNH:10
FNDA:6,(anonymous_0)
FNDA:2,(anonymous_1)
FNDA:2,(anonymous_2)
FNDA:2,(anonymous_3)
FNDA:2,(anonymous_4)
FNDA:2,(anonymous_5)
FNDA:5,(anonymous_6)
FNDA:2,(anonymous_7)
FNDA:2,(anonymous_8)
FNDA:3,(anonymous_9)
DA:11,221
DA:13,221
DA:16,6
DA:17,6
DA:19,2
DA:20,2
DA:30,2
DA:31,1
DA:32,1
DA:34,1
DA:40,6
DA:41,2
DA:44,4
DA:47,2
DA:48,2
DA:49,2
DA:50,2
DA:51,2
DA:62,2
DA:63,1
DA:64,1
DA:66,1
DA:72,2
DA:73,2
DA:76,0
DA:79,5
DA:80,5
DA:82,2
DA:83,2
DA:94,2
DA:95,1
DA:96,1
DA:98,1
DA:104,5
DA:105,2
DA:108,3
DA:111,3
LF:37
LH:36
BRDA:30,0,0,1
BRDA:30,0,1,1
BRDA:30,1,0,2
BRDA:30,1,1,1
BRDA:40,2,0,2
BRDA:40,2,1,4
BRDA:62,3,0,1
BRDA:62,3,1,1
BRDA:62,4,0,2
BRDA:62,4,1,1
BRDA:72,5,0,2
BRDA:72,5,1,0
BRDA:94,6,0,1
BRDA:94,6,1,1
BRDA:94,7,0,2
BRDA:94,7,1,1
BRDA:104,8,0,2
BRDA:104,8,1,3
BRF:18
BRH:17
end_of_record
TN:
SF:C:\Sandbox\WS_17.5\LightWeight_Static\react-app\src\main\resources\app\src\Actions\IncomeApp\DeductionActions.js
FN:11,(anonymous_0)
FN:34,(anonymous_1)
FN:49,(anonymous_2)
FN:52,(anonymous_3)
FN:55,(anonymous_4)
FN:58,(anonymous_5)
FN:62,(anonymous_6)
FN:65,(anonymous_7)
FN:68,(anonymous_8)
FN:90,(anonymous_9)
FN:109,(anonymous_10)
FN:124,(anonymous_11)
FN:139,(anonymous_12)
FN:148,(anonymous_13)
FN:158,(anonymous_14)
FNF:15
FNH:14
FNDA:1,(anonymous_0)
FNDA:1,(anonymous_1)
FNDA:3,(anonymous_2)
FNDA:2,(anonymous_3)
FNDA:3,(anonymous_4)
FNDA:0,(anonymous_5)
FNDA:1,(anonymous_6)
FNDA:1,(anonymous_7)
FNDA:1,(anonymous_8)
FNDA:1,(anonymous_9)
FNDA:1,(anonymous_10)
FNDA:1,(anonymous_11)
FNDA:13,(anonymous_12)
FNDA:4,(anonymous_13)
FNDA:2,(anonymous_14)
DA:10,10
DA:12,1
DA:14,1
DA:16,1
DA:24,1
DA:35,1
DA:37,1
DA:38,1
DA:43,1
DA:45,0
DA:50,3
DA:53,2
DA:56,3
DA:59,0
DA:60,0
DA:63,1
DA:66,1
DA:69,1
DA:71,1
DA:73,1
DA:80,1
DA:92,1
DA:93,1
DA:97,1
DA:98,1
DA:100,0
DA:110,1
DA:115,1
DA:125,1
DA:126,1
DA:127,1
DA:134,0
DA:141,13
DA:149,4
DA:150,4
DA:151,2
DA:160,2
DA:161,2
DA:164,2
DA:165,0
DA:167,2
DA:168,0
DA:171,2
DA:172,0
DA:176,2
DA:177,1
DA:182,1
DA:183,1
LF:48
LH:40
BRDA:35,0,0,1
BRDA:35,0,1,0
BRDA:35,1,0,1
BRDA:35,1,1,0
BRDA:40,2,0,1
BRDA:40,2,1,1
BRDA:40,2,2,1
BRDA:40,2,3,1
BRDA:41,3,0,1
BRDA:41,3,1,1
BRDA:41,3,2,1
BRDA:41,3,3,1
BRDA:92,4,0,1
BRDA:92,4,1,0
BRDA:92,5,0,1
BRDA:92,5,1,0
BRDA:125,6,0,1
BRDA:125,6,1,0
BRDA:125,7,0,1
BRDA:125,7,1,0
BRDA:149,8,0,0
BRDA:149,8,1,4
BRDA:149,9,0,4
BRDA:149,9,1,4
BRDA:150,10,0,2
BRDA:150,10,1,2
BRDA:160,11,0,2
BRDA:160,11,1,0
BRDA:164,12,0,0
BRDA:164,12,1,2
BRDA:167,13,0,0
BRDA:167,13,1,2
BRDA:171,14,0,0
BRDA:171,14,1,2
BRDA:176,15,0,1
BRDA:176,15,1,1
BRDA:176,16,0,2
BRDA:176,16,1,2
BRDA:176,16,2,1
BRDA:182,17,0,1
BRDA:182,17,1,0
BRF:41
BRH:29
end_of_record
TN:
SF:C:\Sandbox\WS_17.5\LightWeight_Static\react-app\src\main\resources\app\src\Actions\IncomeApp\IncomeActions.js
FN:12,(anonymous_0)
FN:14,(anonymous_1)
FN:34,(anonymous_2)
FN:52,(anonymous_3)
FN:82,(anonymous_4)
FN:97,(anonymous_5)
FN:101,(anonymous_6)
FN:105,(anonymous_7)
FN:109,(anonymous_8)
FN:112,(anonymous_9)
FN:121,(anonymous_10)
FN:127,(anonymous_11)
FN:157,(anonymous_12)
FN:177,(anonymous_13)
FN:192,(anonymous_14)
FN:209,(anonymous_15)
FN:229,(anonymous_16)
FN:245,(anonymous_17)
FN:262,(anonymous_18)
FN:273,(anonymous_19)
FN:290,(anonymous_20)
FN:297,(anonymous_21)
FN:306,(anonymous_22)
FN:316,(anonymous_23)
FNF:24
FNH:24
FNDA:11,(anonymous_0)
FNDA:2,(anonymous_1)
FNDA:2,(anonymous_2)
FNDA:1,(anonymous_3)
FNDA:1,(anonymous_4)
FNDA:4,(anonymous_5)
FNDA:3,(anonymous_6)
FNDA:4,(anonymous_7)
FNDA:1,(anonymous_8)
FNDA:1,(anonymous_9)
FNDA:2,(anonymous_10)
FNDA:2,(anonymous_11)
FNDA:2,(anonymous_12)
FNDA:1,(anonymous_13)
FNDA:1,(anonymous_14)
FNDA:1,(anonymous_15)
FNDA:1,(anonymous_16)
FNDA:2,(anonymous_17)
FNDA:2,(anonymous_18)
FNDA:2,(anonymous_19)
FNDA:2,(anonymous_20)
FNDA:31,(anonymous_21)
FNDA:13,(anonymous_22)
FNDA:3,(anonymous_23)
DA:11,16
DA:13,11
DA:14,11
DA:16,2
DA:18,2
DA:19,0
DA:22,2
DA:25,2
DA:35,2
DA:36,1
DA:38,1
DA:44,11
DA:45,2
DA:48,9
DA:50,9
DA:53,1
DA:55,1
DA:59,1
DA:60,1
DA:63,1
DA:65,1
DA:72,1
DA:83,1
DA:85,1
DA:86,1
DA:91,1
DA:93,0
DA:98,4
DA:102,3
DA:106,4
DA:110,1
DA:113,1
DA:122,2
DA:123,2
DA:128,2
DA:130,2
DA:134,2
DA:135,2
DA:138,2
DA:140,2
DA:147,2
DA:158,2
DA:160,2
DA:161,2
DA:166,2
DA:167,2
DA:169,0
DA:178,1
DA:183,1
DA:193,1
DA:194,1
DA:200,1
DA:201,1
DA:203,1
DA:205,0
DA:210,1
DA:211,1
DA:219,1
DA:230,1
DA:232,1
DA:237,1
DA:238,1
DA:240,0
DA:247,2
DA:249,2
DA:253,2
DA:263,2
DA:264,2
DA:268,2
DA:270,0
DA:274,2
DA:275,2
DA:279,2
DA:280,2
DA:291,2
DA:292,2
DA:294,0
DA:299,31
DA:307,13
DA:308,11
DA:309,0
DA:317,3
DA:318,0
DA:319,0
DA:322,3
DA:323,3
DA:326,3
DA:327,0
DA:329,3
DA:330,0
DA:333,3
DA:334,3
DA:340,2
DA:341,1
DA:346,1
DA:347,1
LF:96
LH:84
BRDA:18,0,0,0
BRDA:18,0,1,2
BRDA:35,1,0,1
BRDA:35,1,1,1
BRDA:35,2,0,2
BRDA:35,2,1,1
BRDA:44,3,0,2
BRDA:44,3,1,9
BRDA:44,4,0,11
BRDA:44,4,1,2
BRDA:59,5,0,1
BRDA:59,5,1,0
BRDA:60,6,0,1
BRDA:60,6,1,0
BRDA:83,7,0,1
BRDA:83,7,1,0
BRDA:83,8,0,1
BRDA:83,8,1,0
BRDA:134,9,0,2
BRDA:134,9,1,0
BRDA:135,10,0,2
BRDA:135,10,1,0
BRDA:158,11,0,2
BRDA:158,11,1,0
BRDA:158,12,0,2
BRDA:158,12,1,0
BRDA:193,13,0,1
BRDA:193,13,1,0
BRDA:193,14,0,1
BRDA:193,14,1,0
BRDA:201,15,0,1
BRDA:201,15,1,1
BRDA:201,15,2,0
BRDA:230,16,0,1
BRDA:230,16,1,0
BRDA:230,17,0,1
BRDA:230,17,1,0
BRDA:234,18,0,1
BRDA:234,18,1,0
BRDA:263,19,0,2
BRDA:263,19,1,0
BRDA:263,20,0,2
BRDA:263,20,1,0
BRDA:291,21,0,2
BRDA:291,21,1,0
BRDA:291,22,0,2
BRDA:291,22,1,0
BRDA:307,23,0,2
BRDA:307,23,1,11
BRDA:307,24,0,13
BRDA:307,24,1,11
BRDA:308,25,0,11
BRDA:308,25,1,0
BRDA:317,26,0,0
BRDA:317,26,1,3
BRDA:322,27,0,3
BRDA:322,27,1,0
BRDA:326,28,0,0
BRDA:326,28,1,3
BRDA:329,29,0,0
BRDA:329,29,1,3
BRDA:333,30,0,3
BRDA:333,30,1,0
BRDA:334,31,0,3
BRDA:334,31,1,0
BRDA:340,32,0,1
BRDA:340,32,1,1
BRDA:340,33,0,2
BRDA:340,33,1,2
BRDA:340,33,2,1
BRDA:346,34,0,1
BRDA:346,34,1,0
BRF:72
BRH:45
end_of_record
TN:
SF:C:\Sandbox\WS_17.5\LightWeight_Static\react-app\src\main\resources\app\src\Components\Accordion.jsx
FN:5,(anonymous_0)
FN:12,(anonymous_1)
FN:17,(anonymous_2)
FN:23,(anonymous_3)
FN:24,(anonymous_4)
FN:46,(anonymous_5)
FN:49,(anonymous_6)
FN:56,(anonymous_7)
FNF:8
FNH:7
FNDA:5,(anonymous_0)
FNDA:1,(anonymous_1)
FNDA:2,(anonymous_2)
FNDA:7,(anonymous_3)
FNDA:5,(anonymous_4)
FNDA:0,(anonymous_5)
FNDA:6,(anonymous_6)
FNDA:2,(anonymous_7)
DA:6,5
DA:7,5
DA:14,1
DA:18,2
DA:19,2
DA:24,7
DA:25,5
DA:32,7
DA:40,10
DA:45,10
DA:49,10
DA:51,6
DA:56,6
DA:57,2
DA:58,2
DA:61,6
DA:77,10
DA:87,10
LF:18
LH:18
BRDA:14,0,0,0
BRDA:14,0,1,1
BRDA:18,1,0,2
BRDA:18,1,1,0
BRDA:52,2,0,4
BRDA:52,2,1,2
BRDA:53,3,0,0
BRDA:53,3,1,6
BRDA:69,4,0,4
BRDA:69,4,1,2
BRF:10
BRH:7
end_of_record
TN:
SF:C:\Sandbox\WS_17.5\LightWeight_Static\react-app\src\main\resources\app\src\Components\ActionsRow.jsx
FN:3,(anonymous_0)
FN:4,(anonymous_1)
FN:11,(anonymous_2)
FN:63,(anonymous_3)
FN:64,(anonymous_4)
FNF:5
FNH:3
FNDA:233,(anonymous_0)
FNDA:6,(anonymous_1)
FNDA:7,(anonymous_2)
FNDA:0,(anonymous_3)
FNDA:0,(anonymous_4)
DA:3,31
DA:4,233
DA:5,6
DA:6,6
DA:7,0
DA:9,6
DA:11,233
DA:12,7
DA:13,7
DA:14,0
DA:16,7
DA:18,233
DA:19,233
DA:21,233
DA:41,31
DA:60,31
DA:71,31
LF:17
LH:15
BRDA:6,0,0,0
BRDA:6,0,1,6
BRDA:13,1,0,0
BRDA:13,1,1,7
BRDA:30,2,0,219
BRDA:30,2,1,14
BRF:6
BRH:4
end_of_record
TN:
SF:C:\Sandbox\WS_17.5\LightWeight_Static\react-app\src\main\resources\app\src\Components\CalendarIcon.jsx
FN:3,(anonymous_0)
FNF:1
FNH:1
FNDA:2,(anonymous_0)
DA:3,1
DA:4,2
DA:5,2
DA:7,2
DA:15,1
LF:5
LH:5
BRF:0
BRH:0
end_of_record
TN:
SF:C:\Sandbox\WS_17.5\LightWeight_Static\react-app\src\main\resources\app\src\Components\ConditionalField.jsx
FN:6,(anonymous_0)
FN:11,(anonymous_1)
FN:15,(anonymous_2)
FN:38,(anonymous_3)
FN:66,(anonymous_4)
FNF:5
FNH:5
FNDA:252,(anonymous_0)
FNDA:2,(anonymous_1)
FNDA:262,(anonymous_2)
FNDA:1584,(anonymous_3)
FNDA:3034,(anonymous_4)
DA:7,252
DA:8,252
DA:12,2
DA:16,262
DA:17,262
DA:21,2
DA:22,2
DA:23,2
DA:24,2
DA:25,2
DA:26,2
DA:27,2
DA:33,2
DA:35,260
DA:39,1584
DA:42,1584
DA:43,1584
DA:64,49
LF:18
LH:18
BRDA:17,0,0,2
BRDA:17,0,1,260
BRDA:17,1,0,262
BRDA:17,1,1,24
BRDA:17,1,2,24
BRDA:17,1,3,2
BRDA:22,2,0,2
BRDA:22,2,1,0
BRDA:24,3,0,2
BRDA:24,3,1,0
BRDA:26,4,0,2
BRDA:26,4,1,0
BRDA:39,5,0,12
BRDA:39,5,1,1572
BRDA:39,6,0,1584
BRDA:39,6,1,250
BRDA:39,6,2,12
BRDA:42,7,0,1584
BRDA:42,7,1,250
BRDA:48,8,0,248
BRDA:48,8,1,1336
BRF:21
BRH:18
end_of_record
TN:
SF:C:\Sandbox\WS_17.5\LightWeight_Static\react-app\src\main\resources\app\src\Components\ContentHeader.jsx
FN:3,(anonymous_0)
FNF:1
FNH:1
FNDA:38,(anonymous_0)
DA:3,17
DA:4,38
DA:5,38
DA:6,38
DA:8,38
DA:17,17
DA:28,17
LF:7
LH:7
BRDA:5,0,0,38
BRDA:5,0,1,0
BRF:2
BRH:1
end_of_record
TN:
SF:C:\Sandbox\WS_17.5\LightWeight_Static\react-app\src\main\resources\app\src\Components\DocumentList.jsx
FN:9,(anonymous_0)
FN:17,(anonymous_1)
FN:26,(anonymous_2)
FN:30,(anonymous_3)
FN:38,(anonymous_4)
FN:39,(anonymous_5)
FN:41,(anonymous_6)
FN:46,(anonymous_7)
FN:47,(anonymous_8)
FNF:9
FNH:4
FNDA:2,(anonymous_0)
FNDA:1,(anonymous_1)
FNDA:1,(anonymous_2)
FNDA:3,(anonymous_3)
FNDA:0,(anonymous_4)
FNDA:0,(anonymous_5)
FNDA:0,(anonymous_6)
FNDA:0,(anonymous_7)
FNDA:0,(anonymous_8)
DA:10,2
DA:11,2
DA:18,1
DA:19,1
DA:22,0
DA:27,1
DA:31,3
DA:38,3
DA:39,3
DA:41,3
DA:42,3
DA:43,3
DA:44,3
DA:46,3
DA:47,3
DA:49,3
DA:97,7
DA:110,7
LF:18
LH:17
BRDA:18,0,0,1
BRDA:18,0,1,0
BRDA:32,1,0,0
BRDA:32,1,1,3
BRDA:34,2,0,0
BRDA:34,2,1,3
BRDA:35,3,0,0
BRDA:35,3,1,3
BRDA:35,4,0,3
BRDA:35,4,1,0
BRF:10
BRH:5
end_of_record
TN:
SF:C:\Sandbox\WS_17.5\LightWeight_Static\react-app\src\main\resources\app\src\Components\ExampleComponent.stub.jsx
FN:10,(anonymous_0)
FN:16,(anonymous_1)
FNF:2
FNH:2
FNDA:1,(anonymous_0)
FNDA:2,(anonymous_1)
DA:11,1
DA:13,1
DA:17,2
LF:3
LH:3
BRF:0
BRH:0
end_of_record
TN:
SF:C:\Sandbox\WS_17.5\LightWeight_Static\react-app\src\main\resources\app\src\Components\FAB.jsx
FN:7,(anonymous_0)
FN:13,(anonymous_1)
FN:18,(anonymous_2)
FN:44,(anonymous_3)
FN:49,(anonymous_4)
FN:51,(anonymous_5)
FNF:6
FNH:2
FNDA:226,(anonymous_0)
FNDA:1,(anonymous_1)
FNDA:0,(anonymous_2)
FNDA:0,(anonymous_3)
FNDA:0,(anonymous_4)
FNDA:0,(anonymous_5)
DA:7,221
DA:9,226
DA:13,226
DA:14,1
DA:15,1
DA:16,1
DA:18,226
DA:19,0
DA:20,0
DA:21,0
DA:22,0
DA:23,0
DA:24,0
DA:25,0
DA:28,0
DA:29,0
DA:31,0
DA:38,0
DA:39,0
DA:42,226
DA:44,226
DA:45,0
DA:46,0
DA:49,226
DA:50,0
DA:51,0
DA:52,0
DA:57,226
DA:84,221
DA:88,221
LF:30
LH:13
BRDA:10,0,0,8
BRDA:10,0,1,218
BRDA:11,1,0,0
BRDA:11,1,1,226
BRDA:15,2,0,0
BRDA:15,2,1,1
BRDA:15,3,0,1
BRDA:15,3,1,0
BRDA:28,4,0,0
BRDA:28,4,1,0
BRDA:29,5,0,0
BRDA:29,5,1,0
BRDA:50,6,0,0
BRDA:50,6,1,0
BRDA:64,7,0,8
BRDA:64,7,1,218
BRF:16
BRH:7
end_of_record
TN:
SF:C:\Sandbox\WS_17.5\LightWeight_Static\react-app\src\main\resources\app\src\Components\FormattedAddress.jsx
FN:4,(anonymous_0)
FNF:1
FNH:1
FNDA:1,(anonymous_0)
DA:4,17
DA:5,1
DA:6,1
DA:19,17
DA:24,17
LF:5
LH:5
BRDA:10,0,0,0
BRDA:10,0,1,1
BRDA:10,1,0,1
BRDA:10,1,1,0
BRF:4
BRH:2
end_of_record
TN:
SF:C:\Sandbox\WS_17.5\LightWeight_Static\react-app\src\main\resources\app\src\Components\FormattedPhone.jsx
FN:3,(anonymous_0)
FNF:1
FNH:1
FNDA:2,(anonymous_0)
DA:3,13
DA:4,2
DA:5,2
DA:6,2
DA:7,2
DA:12,13
LF:6
LH:6
BRDA:6,0,0,2
BRDA:6,0,1,0
BRF:2
BRH:1
end_of_record
TN:
SF:C:\Sandbox\WS_17.5\LightWeight_Static\react-app\src\main\resources\app\src\Components\Header.jsx
FN:10,(anonymous_0)
FN:16,(anonymous_1)
FN:20,(anonymous_2)
FN:25,(anonymous_3)
FNF:4
FNH:3
FNDA:226,(anonymous_0)
FNDA:0,(anonymous_1)
FNDA:1,(anonymous_2)
FNDA:1,(anonymous_3)
DA:10,221
DA:12,226
DA:16,226
DA:17,0
DA:18,0
DA:20,226
DA:21,1
DA:22,1
DA:25,226
DA:26,1
DA:27,1
DA:30,226
DA:64,221
DA:68,221
LF:14
LH:12
BRDA:13,0,0,10
BRDA:13,0,1,216
BRDA:14,1,0,6
BRDA:14,1,1,220
BRDA:40,2,0,10
BRDA:40,2,1,216
BRDA:48,3,0,4
BRDA:48,3,1,222
BRF:8
BRH:8
end_of_record
TN:
SF:C:\Sandbox\WS_17.5\LightWeight_Static\react-app\src\main\resources\app\src\Components\InlineHelpText.jsx
FN:8,(anonymous_0)
FN:15,(anonymous_1)
FN:20,(anonymous_2)
FN:29,(anonymous_3)
FNF:4
FNH:3
FNDA:2,(anonymous_0)
FNDA:1,(anonymous_1)
FNDA:6,(anonymous_2)
FNDA:0,(anonymous_3)
DA:9,2
DA:10,2
DA:16,1
DA:17,1
DA:21,6
DA:22,6
DA:23,6
DA:24,6
DA:29,0
DA:33,6
DA:35,6
DA:36,0
DA:39,6
DA:48,16
DA:61,16
LF:15
LH:13
BRDA:22,0,0,4
BRDA:22,0,1,2
BRDA:23,1,0,0
BRDA:23,1,1,6
BRDA:29,2,0,0
BRDA:29,2,1,0
BRDA:35,3,0,0
BRDA:35,3,1,6
BRF:8
BRH:4
end_of_record
TN:
SF:C:\Sandbox\WS_17.5\LightWeight_Static\react-app\src\main\resources\app\src\Components\LocaleMenu.jsx
FN:9,(anonymous_0)
FN:19,(anonymous_1)
FN:29,(anonymous_2)
FNF:3
FNH:3
FNDA:229,(anonymous_0)
FNDA:2,(anonymous_1)
FNDA:2,(anonymous_2)
DA:9,221
DA:11,229
DA:15,229
DA:19,229
DA:20,2
DA:21,2
DA:22,2
DA:24,0
DA:26,2
DA:29,229
DA:30,2
DA:31,2
DA:34,229
DA:53,221
DA:58,221
LF:15
LH:14
BRDA:12,0,0,8
BRDA:12,0,1,221
BRDA:13,1,0,229
BRDA:13,1,1,0
BRDA:21,2,0,0
BRDA:21,2,1,2
BRDA:22,3,0,0
BRDA:22,3,1,2
BRDA:22,4,0,2
BRDA:22,4,1,2
BRF:10
BRH:7
end_of_record
TN:
SF:C:\Sandbox\WS_17.5\LightWeight_Static\react-app\src\main\resources\app\src\Components\MaskedSSN.jsx
FN:4,(anonymous_0)
FNF:1
FNH:1
FNDA:1,(anonymous_0)
DA:4,10
DA:5,1
DA:12,10
LF:3
LH:3
BRF:0
BRH:0
end_of_record
TN:
SF:C:\Sandbox\WS_17.5\LightWeight_Static\react-app\src\main\resources\app\src\Components\MaskedString.jsx
FN:3,(anonymous_0)
FN:6,(anonymous_1)
FNF:2
FNH:2
FNDA:2,(anonymous_0)
FNDA:5,(anonymous_1)
DA:3,10
DA:4,2
DA:6,5
LF:3
LH:3
BRF:0
BRH:0
end_of_record
TN:
SF:C:\Sandbox\WS_17.5\LightWeight_Static\react-app\src\main\resources\app\src\Components\MemberAvatar.jsx
FN:6,(anonymous_0)
FNF:1
FNH:1
FNDA:74,(anonymous_0)
DA:6,29
DA:7,74
DA:12,74
DA:16,74
DA:17,74
DA:19,74
DA:44,29
DA:52,29
LF:8
LH:8
BRDA:8,0,0,7
BRDA:8,0,1,67
BRDA:9,1,0,0
BRDA:9,1,1,74
BRDA:10,2,0,39
BRDA:10,2,1,35
BRDA:13,3,0,39
BRDA:13,3,1,35
BRDA:14,4,0,74
BRDA:14,4,1,0
BRDA:16,5,0,0
BRDA:16,5,1,74
BRDA:17,6,0,48
BRDA:17,6,1,26
BRDA:24,7,0,39
BRDA:24,7,1,35
BRDA:29,8,0,39
BRDA:29,8,1,35
BRF:18
BRH:15
end_of_record
TN:
SF:C:\Sandbox\WS_17.5\LightWeight_Static\react-app\src\main\resources\app\src\Components\MemberReview.jsx
FN:4,(anonymous_0)
FNF:1
FNH:1
FNDA:12,(anonymous_0)
DA:4,13
DA:5,12
DA:8,12
DA:19,13
LF:4
LH:4
BRDA:6,0,0,4
BRDA:6,0,1,8
BRDA:11,1,0,0
BRDA:11,1,1,12
BRF:4
BRH:3
end_of_record
TN:
SF:C:\Sandbox\WS_17.5\LightWeight_Static\react-app\src\main\resources\app\src\Components\MemberReviewContent.jsx
FN:14,(anonymous_0)
FN:19,(anonymous_1)
FN:27,(anonymous_2)
FN:169,(anonymous_3)
FN:214,(anonymous_4)
FN:221,(anonymous_5)
FNF:6
FNH:1
FNDA:7,(anonymous_0)
FNDA:0,(anonymous_1)
FNDA:0,(anonymous_2)
FNDA:0,(anonymous_3)
FNDA:0,(anonymous_4)
FNDA:0,(anonymous_5)
DA:14,6
DA:15,7
DA:17,7
DA:19,7
DA:21,0
DA:26,0
DA:27,0
DA:28,0
DA:29,0
DA:32,0
DA:34,7
DA:170,0
DA:171,0
DA:173,0
DA:214,0
DA:221,0
DA:232,6
DA:239,6
LF:18
LH:7
BRDA:17,0,0,0
BRDA:17,0,1,7
BRDA:17,1,0,7
BRDA:17,1,1,0
BRDA:17,1,2,0
BRDA:26,2,0,0
BRDA:26,2,1,0
BRDA:28,3,0,0
BRDA:28,3,1,0
BRDA:49,4,0,7
BRDA:49,4,1,7
BRDA:57,5,0,0
BRDA:57,5,1,7
BRDA:63,6,0,0
BRDA:63,6,1,7
BRDA:63,7,0,7
BRDA:63,7,1,0
BRDA:67,8,0,7
BRDA:67,8,1,0
BRDA:67,8,2,0
BRDA:74,9,0,0
BRDA:74,9,1,7
BRDA:75,10,0,0
BRDA:75,10,1,0
BRDA:75,11,0,0
BRDA:75,11,1,0
BRDA:88,12,0,0
BRDA:88,12,1,7
BRDA:101,13,0,0
BRDA:101,13,1,7
BRDA:116,14,0,0
BRDA:116,14,1,7
BRDA:116,15,0,7
BRDA:116,15,1,0
BRDA:122,16,0,0
BRDA:122,16,1,7
BRDA:122,17,0,7
BRDA:122,17,1,0
BRDA:128,18,0,0
BRDA:128,18,1,7
BRDA:128,19,0,7
BRDA:128,19,1,0
BRDA:134,20,0,0
BRDA:134,20,1,7
BRDA:134,21,0,7
BRDA:134,21,1,0
BRDA:138,22,0,0
BRDA:138,22,1,7
BRDA:138,23,0,7
BRDA:138,23,1,0
BRDA:149,24,0,0
BRDA:149,24,1,7
BRDA:149,25,0,7
BRDA:149,25,1,0
BRDA:155,26,0,0
BRDA:155,26,1,7
BRDA:155,27,0,7
BRDA:155,27,1,0
BRDA:165,28,0,0
BRDA:165,28,1,7
BRDA:181,29,0,0
BRDA:181,29,1,0
BRDA:182,30,0,0
BRDA:182,30,1,0
BRDA:204,31,0,0
BRDA:204,31,1,7
BRDA:204,32,0,7
BRDA:204,32,1,0
BRDA:206,33,0,0
BRDA:206,33,1,7
BRDA:206,34,0,7
BRDA:206,34,1,0
BRDA:210,35,0,0
BRDA:210,35,1,7
BRDA:210,36,0,7
BRDA:210,36,1,0
BRDA:213,37,0,0
BRDA:213,37,1,0
BRDA:213,38,0,0
BRDA:213,38,1,0
BRDA:217,39,0,0
BRDA:217,39,1,7
BRDA:217,40,0,7
BRDA:217,40,1,0
BRDA:220,41,0,0
BRDA:220,41,1,0
BRDA:220,42,0,0
BRDA:220,42,1,0
BRDA:220,42,2,0
BRF:89
BRH:34
end_of_record
TN:
SF:C:\Sandbox\WS_17.5\LightWeight_Static\react-app\src\main\resources\app\src\Components\MemberReviewIndividualInformation.jsx
FN:13,(anonymous_0)
FN:45,(anonymous_1)
FN:91,(anonymous_2)
FN:372,(anonymous_3)
FN:375,(anonymous_4)
FNF:5
FNH:1
FNDA:5,(anonymous_0)
FNDA:0,(anonymous_1)
FNDA:0,(anonymous_2)
FNDA:0,(anonymous_3)
FNDA:0,(anonymous_4)
DA:13,6
DA:14,5
DA:15,5
DA:45,5
DA:46,0
DA:47,0
DA:48,0
DA:51,0
DA:54,5
DA:92,0
DA:373,0
DA:376,0
DA:379,0
DA:394,6
DA:400,6
LF:15
LH:7
BRDA:14,0,0,5
BRDA:14,0,1,5
BRDA:47,1,0,0
BRDA:47,1,1,0
BRDA:47,2,0,0
BRDA:47,2,1,0
BRDA:47,2,2,0
BRDA:47,2,3,0
BRDA:47,2,4,0
BRDA:47,2,5,0
BRDA:57,3,0,5
BRDA:57,3,1,0
BRDA:70,4,0,0
BRDA:70,4,1,5
BRDA:74,5,0,0
BRDA:74,5,1,0
BRDA:74,6,0,0
BRDA:74,6,1,0
BRDA:80,7,0,0
BRDA:80,7,1,0
BRDA:80,8,0,0
BRDA:80,8,1,0
BRDA:87,9,0,0
BRDA:87,9,1,5
BRDA:87,10,0,5
BRDA:87,10,1,0
BRDA:90,11,0,0
BRDA:90,11,1,5
BRDA:90,12,0,5
BRDA:90,12,1,0
BRDA:97,13,0,0
BRDA:97,13,1,5
BRDA:97,14,0,5
BRDA:97,14,1,0
BRDA:99,15,0,0
BRDA:99,15,1,0
BRDA:99,16,0,0
BRDA:99,16,1,0
BRDA:102,17,0,0
BRDA:102,17,1,0
BRDA:102,18,0,0
BRDA:102,18,1,0
BRDA:108,19,0,0
BRDA:108,19,1,5
BRDA:108,20,0,5
BRDA:108,20,1,0
BRDA:111,21,0,0
BRDA:111,21,1,5
BRDA:111,22,0,5
BRDA:111,22,1,0
BRDA:111,22,2,0
BRDA:116,23,0,0
BRDA:116,23,1,5
BRDA:116,24,0,5
BRDA:116,24,1,0
BRDA:116,24,2,0
BRDA:120,25,0,0
BRDA:120,25,1,0
BRDA:120,26,0,0
BRDA:120,26,1,0
BRDA:120,26,2,0
BRDA:128,27,0,0
BRDA:128,27,1,0
BRDA:128,28,0,0
BRDA:128,28,1,0
BRDA:128,28,2,0
BRDA:141,29,0,0
BRDA:141,29,1,5
BRDA:144,30,0,0
BRDA:144,30,1,0
BRDA:144,31,0,0
BRDA:144,31,1,0
BRDA:144,31,2,0
BRDA:151,32,0,0
BRDA:151,32,1,0
BRDA:151,33,0,0
BRDA:151,33,1,0
BRDA:151,33,2,0
BRDA:158,34,0,0
BRDA:158,34,1,0
BRDA:158,35,0,0
BRDA:158,35,1,0
BRDA:162,36,0,0
BRDA:162,36,1,0
BRDA:162,37,0,0
BRDA:162,37,1,0
BRDA:162,37,2,0
BRDA:176,38,0,0
BRDA:176,38,1,5
BRDA:176,39,0,5
BRDA:176,39,1,0
BRDA:176,39,2,0
BRDA:178,40,0,0
BRDA:178,40,1,0
BRDA:185,41,0,0
BRDA:185,41,1,0
BRDA:195,42,0,0
BRDA:195,42,1,5
BRDA:195,43,0,5
BRDA:195,43,1,0
BRDA:195,43,2,0
BRDA:197,44,0,0
BRDA:197,44,1,0
BRDA:204,45,0,0
BRDA:204,45,1,0
BRDA:214,46,0,0
BRDA:214,46,1,5
BRDA:214,47,0,5
BRDA:214,47,1,0
BRDA:216,48,0,0
BRDA:216,48,1,0
BRDA:223,49,0,0
BRDA:223,49,1,0
BRDA:233,50,0,0
BRDA:233,50,1,5
BRDA:235,51,0,0
BRDA:235,51,1,0
BRDA:235,52,0,0
BRDA:235,52,1,0
BRDA:235,52,2,0
BRDA:245,53,0,0
BRDA:245,53,1,0
BRDA:245,54,0,0
BRDA:245,54,1,0
BRDA:246,55,0,0
BRDA:246,55,1,0
BRDA:269,56,0,0
BRDA:269,56,1,5
BRDA:269,57,0,5
BRDA:269,57,1,5
BRDA:277,58,0,5
BRDA:277,58,1,0
BRDA:277,59,0,5
BRDA:277,59,1,0
BRDA:277,60,0,5
BRDA:277,60,1,5
BRDA:281,61,0,0
BRDA:281,61,1,5
BRDA:281,62,0,5
BRDA:281,62,1,5
BRDA:287,63,0,0
BRDA:287,63,1,5
BRDA:287,64,0,5
BRDA:287,64,1,5
BRDA:293,65,0,0
BRDA:293,65,1,5
BRDA:293,66,0,5
BRDA:293,66,1,5
BRDA:304,67,0,0
BRDA:304,67,1,5
BRDA:304,68,0,5
BRDA:304,68,1,0
BRDA:312,69,0,0
BRDA:312,69,1,0
BRDA:312,70,0,0
BRDA:312,70,1,0
BRDA:312,70,2,0
BRDA:318,71,0,0
BRDA:318,71,1,0
BRDA:318,72,0,0
BRDA:318,72,1,0
BRDA:318,72,2,0
BRDA:329,73,0,0
BRDA:329,73,1,5
BRDA:329,74,0,5
BRDA:329,74,1,0
BRDA:337,75,0,0
BRDA:337,75,1,0
BRDA:337,76,0,0
BRDA:337,76,1,0
BRDA:343,77,0,0
BRDA:343,77,1,0
BRDA:343,78,0,0
BRDA:343,78,1,0
BRDA:349,79,0,0
BRDA:349,79,1,0
BRDA:349,80,0,0
BRDA:349,80,1,0
BRDA:355,81,0,0
BRDA:355,81,1,0
BRDA:355,82,0,0
BRDA:355,82,1,0
BRDA:366,83,0,0
BRDA:366,83,1,5
BRDA:366,84,0,5
BRDA:366,84,1,0
BRDA:373,85,0,0
BRDA:373,85,1,0
BRDA:376,86,0,0
BRDA:376,86,1,0
BRDA:376,87,0,0
BRDA:376,87,1,0
BRDA:380,88,0,0
BRDA:380,88,1,0
BRDA:381,89,0,0
BRDA:381,89,1,0
BRDA:381,90,0,0
BRDA:381,90,1,0
BRF:198
BRH:46
end_of_record
TN:
SF:C:\Sandbox\WS_17.5\LightWeight_Static\react-app\src\main\resources\app\src\Components\Modal.jsx
FN:8,(anonymous_0)
FN:12,(anonymous_1)
FN:77,(anonymous_2)
FN:82,(anonymous_3)
FN:83,(anonymous_4)
FN:87,(anonymous_5)
FN:123,(anonymous_6)
FN:124,(anonymous_7)
FN:128,(anonymous_8)
FN:153,(anonymous_9)
FN:157,(anonymous_10)
FN:169,(anonymous_11)
FN:173,(anonymous_12)
FN:178,(anonymous_13)
FN:183,(anonymous_14)
FN:237,(anonymous_15)
FN:246,(anonymous_16)
FN:250,(anonymous_17)
FN:255,(anonymous_18)
FN:300,(anonymous_19)
FN:307,(anonymous_20)
FN:311,(anonymous_21)
FN:316,(anonymous_22)
FN:323,(anonymous_23)
FN:371,(anonymous_24)
FNF:25
FNH:13
FNDA:1223,(anonymous_0)
FNDA:2469,(anonymous_1)
FNDA:0,(anonymous_2)
FNDA:128,(anonymous_3)
FNDA:0,(anonymous_4)
FNDA:0,(anonymous_5)
FNDA:0,(anonymous_6)
FNDA:0,(anonymous_7)
FNDA:236,(anonymous_8)
FNDA:0,(anonymous_9)
FNDA:128,(anonymous_10)
FNDA:276,(anonymous_11)
FNDA:0,(anonymous_12)
FNDA:0,(anonymous_13)
FNDA:801,(anonymous_14)
FNDA:0,(anonymous_15)
FNDA:4,(anonymous_16)
FNDA:0,(anonymous_17)
FNDA:7,(anonymous_18)
FNDA:0,(anonymous_19)
FNDA:705,(anonymous_20)
FNDA:0,(anonymous_21)
FNDA:997,(anonymous_22)
FNDA:559,(anonymous_23)
FNDA:219,(anonymous_24)
DA:9,1223
DA:13,2469
DA:17,2469
DA:22,2469
DA:24,2469
DA:25,1776
DA:30,2469
DA:54,221
DA:72,221
DA:82,221
DA:83,128
DA:84,0
DA:85,0
DA:87,128
DA:88,0
DA:89,0
DA:92,128
DA:114,221
DA:122,221
DA:128,221
DA:129,236
DA:133,236
DA:145,221
DA:149,221
DA:157,221
DA:158,128
DA:163,221
DA:170,276
DA:174,0
DA:175,0
DA:179,0
DA:180,0
DA:184,801
DA:187,801
DA:190,801
DA:193,801
DA:197,801
DA:218,221
DA:234,221
DA:247,4
DA:251,0
DA:252,0
DA:256,7
DA:259,7
DA:262,7
DA:265,7
DA:269,7
DA:283,221
DA:297,221
DA:308,705
DA:312,0
DA:313,0
DA:317,997
DA:320,997
DA:323,997
DA:324,559
DA:334,997
DA:336,997
DA:350,221
DA:366,221
DA:371,221
DA:372,219
DA:375,219
DA:400,221
LF:64
LH:52
BRDA:14,0,0,1091
BRDA:14,0,1,1378
BRDA:15,1,0,2400
BRDA:15,1,1,69
BRDA:18,2,0,1805
BRDA:18,2,1,664
BRDA:19,3,0,0
BRDA:19,3,1,2469
BRDA:20,4,0,30
BRDA:20,4,1,2439
BRDA:22,5,0,2469
BRDA:22,5,1,2266
BRDA:22,6,0,1573
BRDA:22,6,1,693
BRDA:24,7,0,1776
BRDA:24,7,1,693
BRDA:95,8,0,19
BRDA:95,8,1,109
BRDA:100,9,0,0
BRDA:100,9,1,128
BRDA:106,10,0,37
BRDA:106,10,1,91
BRDA:130,11,0,14
BRDA:130,11,1,222
BRDA:185,12,0,345
BRDA:185,12,1,456
BRDA:188,13,0,0
BRDA:188,13,1,801
BRDA:191,14,0,801
BRDA:191,14,1,0
BRDA:194,15,0,801
BRDA:194,15,1,0
BRDA:257,16,0,0
BRDA:257,16,1,7
BRDA:260,17,0,0
BRDA:260,17,1,7
BRDA:263,18,0,7
BRDA:263,18,1,0
BRDA:266,19,0,7
BRDA:266,19,1,0
BRDA:318,20,0,0
BRDA:318,20,1,997
BRDA:321,21,0,0
BRDA:321,21,1,997
BRDA:334,22,0,559
BRDA:334,22,1,438
BRDA:373,23,0,0
BRDA:373,23,1,219
BRF:48
BRH:36
end_of_record
TN:
SF:C:\Sandbox\WS_17.5\LightWeight_Static\react-app\src\main\resources\app\src\Components\MoneyValue.jsx
FN:6,(anonymous_0)
FN:34,(anonymous_1)
FNF:2
FNH:2
FNDA:174,(anonymous_0)
FNDA:143,(anonymous_1)
DA:6,20
DA:7,174
DA:10,174
DA:11,174
DA:16,20
DA:29,20
DA:34,20
DA:35,143
DA:45,143
DA:48,143
DA:49,143
DA:50,0
DA:53,143
DA:58,20
DA:65,20
DA:70,20
LF:16
LH:15
BRDA:7,0,0,100
BRDA:7,0,1,74
BRDA:7,1,0,174
BRDA:7,1,1,171
BRDA:7,1,2,92
BRDA:8,2,0,95
BRDA:8,2,1,5
BRDA:45,3,0,82
BRDA:45,3,1,61
BRDA:46,4,0,82
BRDA:46,4,1,0
BRDA:48,5,0,78
BRDA:48,5,1,65
BRDA:49,6,0,0
BRDA:49,6,1,143
BRF:15
BRH:13
end_of_record
TN:
SF:C:\Sandbox\WS_17.5\LightWeight_Static\react-app\src\main\resources\app\src\Components\ReviewSection.jsx
FN:10,(anonymous_0)
FN:25,(anonymous_1)
FN:26,(anonymous_2)
FN:34,(anonymous_3)
FN:50,(anonymous_4)
FN:77,(anonymous_5)
FN:85,(anonymous_6)
FN:96,(anonymous_7)
FNF:8
FNH:8
FNDA:64,(anonymous_0)
FNDA:146,(anonymous_1)
FNDA:146,(anonymous_2)
FNDA:133,(anonymous_3)
FNDA:135,(anonymous_4)
FNDA:137,(anonymous_5)
FNDA:212,(anonymous_6)
FNDA:172,(anonymous_7)
DA:10,16
DA:11,64
DA:14,64
DA:25,146
DA:26,146
DA:34,16
DA:35,133
DA:38,133
DA:51,135
DA:67,16
DA:73,16
DA:77,16
DA:78,137
DA:85,16
DA:86,212
DA:89,212
DA:96,16
DA:97,172
DA:100,172
LF:19
LH:19
BRDA:12,0,0,7
BRDA:12,0,1,57
BRDA:17,1,0,31
BRDA:17,1,1,33
BRDA:36,2,0,0
BRDA:36,2,1,133
BRDA:40,3,0,124
BRDA:40,3,1,9
BRDA:49,4,0,52
BRDA:49,4,1,81
BRDA:87,5,0,12
BRDA:87,5,1,200
BRDA:98,6,0,0
BRDA:98,6,1,172
BRF:14
BRH:12
end_of_record
TN:
SF:C:\Sandbox\WS_17.5\LightWeight_Static\react-app\src\main\resources\app\src\Components\StringRequirements.jsx
FN:7,(anonymous_0)
FN:13,(anonymous_1)
FN:14,(anonymous_2)
FNF:3
FNH:3
FNDA:24,(anonymous_0)
FNDA:212,(anonymous_1)
FNDA:996,(anonymous_2)
DA:8,24
DA:10,24
DA:14,212
DA:15,996
DA:16,996
DA:17,0
DA:19,996
DA:21,212
DA:25,212
DA:33,8
DA:38,8
LF:11
LH:10
BRDA:16,0,0,0
BRDA:16,0,1,996
BRDA:16,1,0,996
BRDA:16,1,1,996
BRDA:22,2,0,0
BRDA:22,2,1,212
BRF:6
BRH:4
end_of_record
TN:
SF:C:\Sandbox\WS_17.5\LightWeight_Static\react-app\src\main\resources\app\src\Components\ToolTip.jsx
FN:7,(anonymous_0)
FN:16,(anonymous_1)
FN:20,(anonymous_2)
FN:22,(anonymous_3)
FN:28,(anonymous_4)
FN:42,(anonymous_5)
FN:47,(anonymous_6)
FN:50,(anonymous_7)
FN:70,(anonymous_8)
FN:80,(anonymous_9)
FNF:10
FNH:8
FNDA:106,(anonymous_0)
FNDA:1,(anonymous_1)
FNDA:1,(anonymous_2)
FNDA:0,(anonymous_3)
FNDA:1,(anonymous_4)
FNDA:1,(anonymous_5)
FNDA:586,(anonymous_6)
FNDA:0,(anonymous_7)
FNDA:692,(anonymous_8)
FNDA:1,(anonymous_9)
DA:8,106
DA:9,106
DA:17,1
DA:21,1
DA:22,1
DA:23,0
DA:29,1
DA:30,1
DA:31,1
DA:32,1
DA:33,1
DA:34,1
DA:36,0
DA:37,0
DA:39,1
DA:43,1
DA:44,1
DA:48,586
DA:49,1
DA:50,1
DA:51,0
DA:56,586
DA:57,1
DA:58,1
DA:60,1
DA:61,0
DA:63,1
DA:64,0
DA:66,1
DA:73,692
DA:77,692
DA:80,1
DA:84,692
DA:85,692
DA:87,692
DA:88,313
DA:90,379
DA:91,379
DA:94,692
DA:122,230
DA:136,230
LF:41
LH:35
BRDA:17,0,0,1
BRDA:17,0,1,0
BRDA:21,1,0,1
BRDA:21,1,1,0
BRDA:33,2,0,1
BRDA:33,2,1,0
BRDA:36,3,0,0
BRDA:36,3,1,0
BRDA:43,4,0,1
BRDA:43,4,1,0
BRDA:48,5,0,1
BRDA:48,5,1,585
BRDA:56,6,0,1
BRDA:56,6,1,585
BRDA:56,7,0,586
BRDA:56,7,1,1
BRDA:60,8,0,0
BRDA:60,8,1,1
BRDA:63,9,0,0
BRDA:63,9,1,1
BRDA:66,10,0,0
BRDA:66,10,1,1
BRDA:74,11,0,1
BRDA:74,11,1,691
BRDA:75,12,0,5
BRDA:75,12,1,687
BRDA:80,13,0,0
BRDA:80,13,1,1
BRDA:87,14,0,313
BRDA:87,14,1,379
BRDA:90,15,0,379
BRDA:90,15,1,0
BRDA:110,16,0,1
BRDA:110,16,1,691
BRF:34
BRH:23
end_of_record
TN:
SF:C:\Sandbox\WS_17.5\LightWeight_Static\react-app\src\main\resources\app\src\Components\AccountCreation\LoginForm.jsx
FN:8,(anonymous_0)
FN:13,(anonymous_1)
FNF:2
FNH:2
FNDA:2,(anonymous_0)
FNDA:3,(anonymous_1)
DA:9,2
DA:10,2
DA:14,3
DA:47,7
LF:4
LH:4
BRF:0
BRH:0
end_of_record
TN:
SF:C:\Sandbox\WS_17.5\LightWeight_Static\react-app\src\main\resources\app\src\Components\AccountCreation\ReenterAccessCodeModal.jsx
FN:20,(anonymous_0)
FN:24,(anonymous_1)
FN:34,(anonymous_2)
FN:41,(anonymous_3)
FN:45,(anonymous_4)
FN:50,(anonymous_5)
FN:54,(anonymous_6)
FN:55,(anonymous_7)
FN:70,(anonymous_8)
FN:73,(anonymous_9)
FN:97,(anonymous_10)
FN:115,(anonymous_11)
FN:116,(anonymous_12)
FN:157,(anonymous_13)
FN:158,(anonymous_14)
FNF:15
FNH:8
FNDA:10,(anonymous_0)
FNDA:8,(anonymous_1)
FNDA:0,(anonymous_2)
FNDA:0,(anonymous_3)
FNDA:0,(anonymous_4)
FNDA:6,(anonymous_5)
FNDA:8,(anonymous_6)
FNDA:12,(anonymous_7)
FNDA:0,(anonymous_8)
FNDA:58,(anonymous_9)
FNDA:44,(anonymous_10)
FNDA:0,(anonymous_11)
FNDA:0,(anonymous_12)
FNDA:0,(anonymous_13)
FNDA:6,(anonymous_14)
DA:14,6
DA:20,10
DA:25,8
DA:26,8
DA:35,0
DA:36,0
DA:37,0
DA:38,0
DA:42,0
DA:46,0
DA:47,0
DA:51,6
DA:52,6
DA:55,8
DA:56,12
DA:59,2
DA:60,0
DA:61,0
DA:62,0
DA:64,2
DA:66,10
DA:71,0
DA:74,58
DA:75,58
DA:77,58
DA:97,44
DA:115,0
DA:116,0
DA:150,6
DA:156,6
LF:30
LH:17
BRDA:56,0,0,2
BRDA:56,0,1,10
BRDA:59,1,0,0
BRDA:59,1,1,2
BRDA:62,2,0,0
BRDA:62,2,1,0
BRF:6
BRH:3
end_of_record
TN:
SF:C:\Sandbox\WS_17.5\LightWeight_Static\react-app\src\main\resources\app\src\Components\AccountCreation\ReenterUsernameModal.jsx
FN:20,(anonymous_0)
FN:24,(anonymous_1)
FN:36,(anonymous_2)
FN:43,(anonymous_3)
FN:48,(anonymous_4)
FN:53,(anonymous_5)
FN:57,(anonymous_6)
FN:58,(anonymous_7)
FN:77,(anonymous_8)
FN:88,(anonymous_9)
FN:91,(anonymous_10)
FN:114,(anonymous_11)
FN:122,(anonymous_12)
FN:144,(anonymous_13)
FN:145,(anonymous_14)
FN:185,(anonymous_15)
FN:186,(anonymous_16)
FNF:17
FNH:9
FNDA:10,(anonymous_0)
FNDA:9,(anonymous_1)
FNDA:0,(anonymous_2)
FNDA:0,(anonymous_3)
FNDA:0,(anonymous_4)
FNDA:6,(anonymous_5)
FNDA:9,(anonymous_6)
FNDA:15,(anonymous_7)
FNDA:0,(anonymous_8)
FNDA:0,(anonymous_9)
FNDA:61,(anonymous_10)
FNDA:52,(anonymous_11)
FNDA:10,(anonymous_12)
FNDA:0,(anonymous_13)
FNDA:0,(anonymous_14)
FNDA:0,(anonymous_15)
FNDA:6,(anonymous_16)
DA:14,6
DA:20,10
DA:25,9
DA:26,9
DA:37,0
DA:38,0
DA:39,0
DA:40,0
DA:44,0
DA:45,0
DA:49,0
DA:50,0
DA:54,6
DA:55,6
DA:58,9
DA:59,15
DA:62,2
DA:63,0
DA:64,0
DA:66,0
DA:67,0
DA:68,0
DA:71,2
DA:73,2
DA:74,2
DA:76,2
DA:77,0
DA:78,0
DA:82,2
DA:84,13
DA:89,0
DA:92,61
DA:93,61
DA:95,61
DA:115,52
DA:123,10
DA:124,10
DA:125,10
DA:126,10
DA:127,10
DA:130,0
DA:144,0
DA:145,0
DA:178,6
DA:184,6
LF:45
LH:26
BRDA:59,0,0,2
BRDA:59,0,1,13
BRDA:62,1,0,0
BRDA:62,1,1,2
BRDA:66,2,0,0
BRDA:66,2,1,0
BRDA:67,3,0,0
BRDA:67,3,1,0
BRDA:73,4,0,0
BRDA:73,4,1,2
BRDA:74,5,0,0
BRDA:74,5,1,2
BRDA:76,6,0,0
BRDA:76,6,1,2
BRDA:126,7,0,10
BRDA:126,7,1,0
BRDA:166,8,0,61
BRDA:166,8,1,0
BRF:18
BRH:8
end_of_record
TN:
SF:C:\Sandbox\WS_17.5\LightWeight_Static\react-app\src\main\resources\app\src\Components\AccountCreation\SecurityQuestion.jsx
FN:10,(anonymous_0)
FN:19,(anonymous_1)
FN:24,(anonymous_2)
FN:29,(anonymous_3)
FN:34,(anonymous_4)
FN:38,(anonymous_5)
FN:42,(anonymous_6)
FN:46,(anonymous_7)
FN:138,(anonymous_8)
FN:139,(anonymous_9)
FNF:10
FNH:10
FNDA:10,(anonymous_0)
FNDA:1,(anonymous_1)
FNDA:1,(anonymous_2)
FNDA:1,(anonymous_3)
FNDA:1,(anonymous_4)
FNDA:1,(anonymous_5)
FNDA:22,(anonymous_6)
FNDA:32,(anonymous_7)
FNDA:1,(anonymous_8)
FNDA:1,(anonymous_9)
DA:11,10
DA:13,10
DA:20,1
DA:21,1
DA:25,1
DA:26,1
DA:30,1
DA:31,1
DA:35,1
DA:39,1
DA:43,22
DA:46,22
DA:47,32
DA:48,32
DA:49,1
DA:51,32
DA:53,22
DA:56,22
DA:119,6
DA:136,6
LF:20
LH:20
BRDA:30,0,0,1
BRDA:30,0,1,0
BRDA:31,1,0,1
BRDA:31,1,1,0
BRDA:44,2,0,8
BRDA:44,2,1,14
BRDA:48,3,0,1
BRDA:48,3,1,31
BRDA:54,4,0,8
BRDA:54,4,1,14
BRDA:58,5,0,4
BRDA:58,5,1,18
BRF:12
BRH:10
end_of_record
TN:
SF:C:\Sandbox\WS_17.5\LightWeight_Static\react-app\src\main\resources\app\src\Components\ApplicationMenu\MenuItem.jsx
FN:4,(anonymous_0)
FN:20,(anonymous_1)
FN:57,(anonymous_2)
FN:89,(anonymous_3)
FNF:4
FNH:3
FNDA:19,(anonymous_0)
FNDA:1,(anonymous_1)
FNDA:0,(anonymous_2)
FNDA:1,(anonymous_3)
DA:4,8
DA:5,19
DA:10,19
DA:13,19
DA:16,19
DA:17,19
DA:20,19
DA:21,1
DA:22,1
DA:23,1
DA:25,1
DA:28,19
DA:35,2
DA:36,2
DA:39,2
DA:40,2
DA:41,0
DA:42,0
DA:45,19
DA:47,19
DA:49,19
DA:71,8
DA:87,8
DA:92,8
LF:24
LH:22
BRDA:7,0,0,0
BRDA:7,0,1,19
BRDA:8,1,0,0
BRDA:8,1,1,19
BRDA:11,2,0,0
BRDA:11,2,1,19
BRDA:14,3,0,2
BRDA:14,3,1,17
BRDA:18,4,0,2
BRDA:18,4,1,17
BRDA:22,5,0,1
BRDA:22,5,1,0
BRDA:28,6,0,2
BRDA:28,6,1,2
BRDA:28,6,2,2
BRDA:28,6,3,2
BRDA:28,6,4,2
BRDA:28,6,5,2
BRDA:28,6,6,2
BRDA:28,6,7,2
BRDA:45,7,0,0
BRDA:45,7,1,19
BRDA:47,8,0,0
BRDA:47,8,1,19
BRDA:47,9,0,19
BRDA:47,9,1,0
BRDA:54,10,0,0
BRDA:54,10,1,19
BRF:28
BRH:20
end_of_record
TN:
SF:C:\Sandbox\WS_17.5\LightWeight_Static\react-app\src\main\resources\app\src\Components\Eligibility\SogiForm.jsx
FN:10,(anonymous_0)
FN:31,(anonymous_1)
FN:32,(anonymous_2)
FNF:3
FNH:3
FNDA:12,(anonymous_0)
FNDA:24,(anonymous_1)
FNDA:144,(anonymous_2)
DA:10,5
DA:12,12
DA:31,12
DA:32,24
DA:33,144
DA:37,12
LF:6
LH:6
BRF:0
BRH:0
end_of_record
TN:
SF:C:\Sandbox\WS_17.5\LightWeight_Static\react-app\src\main\resources\app\src\Components\Forms\FormHOC.jsx
FN:10,(anonymous_0)
FN:15,(anonymous_1)
FN:18,(anonymous_2)
FN:23,(anonymous_3)
FN:28,(anonymous_4)
FN:35,(anonymous_5)
FN:46,(anonymous_6)
FN:51,(anonymous_7)
FN:55,(anonymous_8)
FN:77,(anonymous_9)
FN:78,(anonymous_10)
FN:84,(anonymous_11)
FN:89,(anonymous_12)
FN:100,(anonymous_13)
FN:103,(anonymous_14)
FNF:15
FNH:11
FNDA:253,(anonymous_0)
FNDA:175,(anonymous_1)
FNDA:2,(anonymous_2)
FNDA:1585,(anonymous_3)
FNDA:68,(anonymous_4)
FNDA:37,(anonymous_5)
FNDA:149,(anonymous_6)
FNDA:0,(anonymous_7)
FNDA:0,(anonymous_8)
FNDA:2052,(anonymous_9)
FNDA:3722,(anonymous_10)
FNDA:0,(anonymous_11)
FNDA:0,(anonymous_12)
FNDA:34,(anonymous_13)
FNDA:2,(anonymous_14)
DA:10,247
DA:13,253
DA:14,253
DA:16,175
DA:20,2
DA:21,2
DA:24,1585
DA:25,1585
DA:29,68
DA:30,68
DA:31,0
DA:32,0
DA:36,37
DA:39,0
DA:41,37
DA:42,35
DA:47,149
DA:48,129
DA:52,0
DA:60,175
DA:77,247
DA:78,2052
DA:79,3722
DA:82,2052
DA:84,247
DA:85,0
DA:86,0
DA:87,0
DA:88,0
DA:89,0
DA:90,0
DA:92,0
DA:93,0
DA:96,0
DA:97,0
DA:100,247
DA:101,34
DA:102,34
DA:103,34
DA:104,2
DA:105,2
DA:108,34
DA:111,34
LF:43
LH:29
BRDA:23,0,0,1467
BRDA:25,1,0,315
BRDA:25,1,1,1270
BRDA:28,2,0,68
BRDA:30,3,0,68
BRDA:30,3,1,0
BRDA:30,4,0,68
BRDA:30,4,1,0
BRDA:30,4,2,0
BRDA:32,5,0,0
BRDA:32,5,1,0
BRDA:36,6,0,0
BRDA:36,6,1,37
BRDA:36,7,0,37
BRDA:36,7,1,0
BRDA:36,7,2,0
BRDA:41,8,0,35
BRDA:41,8,1,2
BRDA:47,9,0,129
BRDA:47,9,1,20
BRDA:79,10,0,2360
BRDA:79,10,1,1362
BRDA:82,11,0,408
BRDA:82,11,1,1644
BRDA:87,12,0,0
BRDA:87,12,1,0
BRDA:90,13,0,0
BRDA:90,13,1,0
BRDA:104,14,0,0
BRDA:104,14,1,2
BRF:30
BRH:17
end_of_record
TN:
SF:C:\Sandbox\WS_17.5\LightWeight_Static\react-app\src\main\resources\app\src\Components\Forms\OptInForm.jsx
FN:7,(anonymous_0)
FN:27,(anonymous_1)
FN:31,(anonymous_2)
FN:82,(anonymous_3)
FNF:4
FNH:2
FNDA:28,(anonymous_0)
FNDA:21,(anonymous_1)
FNDA:0,(anonymous_2)
FNDA:0,(anonymous_3)
DA:7,7
DA:8,28
DA:27,7
DA:28,21
DA:31,21
DA:32,0
DA:33,0
DA:35,21
DA:77,7
DA:81,7
LF:10
LH:8
BRDA:29,0,0,21
BRDA:29,0,1,0
BRDA:42,1,0,0
BRDA:42,1,1,21
BRF:4
BRH:2
end_of_record
TN:
SF:C:\Sandbox\WS_17.5\LightWeight_Static\react-app\src\main\resources\app\src\Components\Household\HouseholdInformationForm.jsx
FN:39,(anonymous_0)
FN:50,(anonymous_1)
FN:54,(anonymous_2)
FN:59,(anonymous_3)
FN:62,(anonymous_4)
FN:65,(anonymous_5)
FN:69,(anonymous_6)
FN:77,(anonymous_7)
FN:123,(anonymous_8)
FN:136,(anonymous_9)
FN:247,(anonymous_10)
FN:251,(anonymous_11)
FN:255,(anonymous_12)
FN:259,(anonymous_13)
FN:285,(anonymous_14)
FN:436,(anonymous_15)
FN:474,(anonymous_16)
FN:539,(anonymous_17)
FN:545,(anonymous_18)
FN:550,(anonymous_19)
FN:554,(anonymous_20)
FN:557,(anonymous_21)
FN:561,(anonymous_22)
FN:565,(anonymous_23)
FN:593,(anonymous_24)
FN:602,(anonymous_25)
FN:605,(anonymous_26)
FN:612,(anonymous_27)
FN:618,(anonymous_28)
FN:628,(anonymous_29)
FN:634,(anonymous_30)
FN:644,(anonymous_31)
FN:654,(anonymous_32)
FN:668,(anonymous_33)
FN:703,(anonymous_34)
FN:705,(anonymous_35)
FN:908,(anonymous_36)
FN:914,(anonymous_37)
FN:924,(anonymous_38)
FN:932,(anonymous_39)
FN:940,(anonymous_40)
FN:945,(anonymous_41)
FN:949,(anonymous_42)
FN:1022,(anonymous_43)
FN:1023,(anonymous_44)
FN:1024,(anonymous_45)
FN:1027,(anonymous_46)
FN:1101,(anonymous_47)
FN:1160,(anonymous_48)
FN:1161,(anonymous_49)
FN:1184,(anonymous_50)
FN:1187,(anonymous_51)
FN:1188,(anonymous_52)
FN:1196,(anonymous_53)
FN:1221,(anonymous_54)
FN:1222,(anonymous_55)
FN:1242,(anonymous_56)
FN:1244,(anonymous_57)
FN:1245,(anonymous_58)
FN:1247,(anonymous_59)
FN:1293,(anonymous_60)
FN:1295,(anonymous_61)
FN:1296,(anonymous_62)
FN:1297,(anonymous_63)
FN:1298,(anonymous_64)
FN:1300,(anonymous_65)
FN:1306,(anonymous_66)
FN:1352,(anonymous_67)
FN:1380,(anonymous_68)
FN:1381,(anonymous_69)
FN:1408,(anonymous_70)
FN:1409,(anonymous_71)
FN:1462,(anonymous_72)
FN:1470,(anonymous_73)
FN:1477,(anonymous_74)
FN:1483,(anonymous_75)
FN:1487,(anonymous_76)
FN:1491,(anonymous_77)
FN:1497,(anonymous_78)
FN:1503,(anonymous_79)
FN:1508,(anonymous_80)
FN:1512,(anonymous_81)
FN:1516,(anonymous_82)
FN:1519,(anonymous_83)
FN:1522,(anonymous_84)
FN:1526,(anonymous_85)
FN:1548,(anonymous_86)
FN:1549,(anonymous_87)
FN:1593,(anonymous_88)
FN:1616,(anonymous_89)
FNF:90
FNH:0
FNDA:0,(anonymous_0)
FNDA:0,(anonymous_1)
FNDA:0,(anonymous_2)
FNDA:0,(anonymous_3)
FNDA:0,(anonymous_4)
FNDA:0,(anonymous_5)
FNDA:0,(anonymous_6)
FNDA:0,(anonymous_7)
FNDA:0,(anonymous_8)
FNDA:0,(anonymous_9)
FNDA:0,(anonymous_10)
FNDA:0,(anonymous_11)
FNDA:0,(anonymous_12)
FNDA:0,(anonymous_13)
FNDA:0,(anonymous_14)
FNDA:0,(anonymous_15)
FNDA:0,(anonymous_16)
FNDA:0,(anonymous_17)
FNDA:0,(anonymous_18)
FNDA:0,(anonymous_19)
FNDA:0,(anonymous_20)
FNDA:0,(anonymous_21)
FNDA:0,(anonymous_22)
FNDA:0,(anonymous_23)
FNDA:0,(anonymous_24)
FNDA:0,(anonymous_25)
FNDA:0,(anonymous_26)
FNDA:0,(anonymous_27)
FNDA:0,(anonymous_28)
FNDA:0,(anonymous_29)
FNDA:0,(anonymous_30)
FNDA:0,(anonymous_31)
FNDA:0,(anonymous_32)
FNDA:0,(anonymous_33)
FNDA:0,(anonymous_34)
FNDA:0,(anonymous_35)
FNDA:0,(anonymous_36)
FNDA:0,(anonymous_37)
FNDA:0,(anonymous_38)
FNDA:0,(anonymous_39)
FNDA:0,(anonymous_40)
FNDA:0,(anonymous_41)
FNDA:0,(anonymous_42)
FNDA:0,(anonymous_43)
FNDA:0,(anonymous_44)
FNDA:0,(anonymous_45)
FNDA:0,(anonymous_46)
FNDA:0,(anonymous_47)
FNDA:0,(anonymous_48)
FNDA:0,(anonymous_49)
FNDA:0,(anonymous_50)
FNDA:0,(anonymous_51)
FNDA:0,(anonymous_52)
FNDA:0,(anonymous_53)
FNDA:0,(anonymous_54)
FNDA:0,(anonymous_55)
FNDA:0,(anonymous_56)
FNDA:0,(anonymous_57)
FNDA:0,(anonymous_58)
FNDA:0,(anonymous_59)
FNDA:0,(anonymous_60)
FNDA:0,(anonymous_61)
FNDA:0,(anonymous_62)
FNDA:0,(anonymous_63)
FNDA:0,(anonymous_64)
FNDA:0,(anonymous_65)
FNDA:0,(anonymous_66)
FNDA:0,(anonymous_67)
FNDA:0,(anonymous_68)
FNDA:0,(anonymous_69)
FNDA:0,(anonymous_70)
FNDA:0,(anonymous_71)
FNDA:0,(anonymous_72)
FNDA:0,(anonymous_73)
FNDA:0,(anonymous_74)
FNDA:0,(anonymous_75)
FNDA:0,(anonymous_76)
FNDA:0,(anonymous_77)
FNDA:0,(anonymous_78)
FNDA:0,(anonymous_79)
FNDA:0,(anonymous_80)
FNDA:0,(anonymous_81)
FNDA:0,(anonymous_82)
FNDA:0,(anonymous_83)
FNDA:0,(anonymous_84)
FNDA:0,(anonymous_85)
FNDA:0,(anonymous_86)
FNDA:0,(anonymous_87)
FNDA:0,(anonymous_88)
FNDA:0,(anonymous_89)
DA:39,6
DA:40,0
DA:41,0
DA:43,0
DA:44,0
DA:47,0
DA:50,6
DA:51,0
DA:52,0
DA:55,0
DA:57,0
DA:59,0
DA:60,0
DA:62,0
DA:63,0
DA:66,0
DA:69,0
DA:70,0
DA:72,0
DA:74,0
DA:75,0
DA:77,0
DA:78,0
DA:79,0
DA:80,0
DA:81,0
DA:82,0
DA:84,0
DA:85,0
DA:90,0
DA:91,0
DA:92,0
DA:93,0
DA:96,0
DA:99,0
DA:100,0
DA:102,0
DA:123,0
DA:136,0
DA:247,6
DA:248,0
DA:249,0
DA:250,0
DA:251,0
DA:252,0
DA:253,0
DA:255,0
DA:256,0
DA:257,0
DA:259,0
DA:260,0
DA:271,0
DA:272,0
DA:275,0
DA:277,0
DA:437,0
DA:439,0
DA:465,0
DA:470,0
DA:475,0
DA:476,0
DA:478,0
DA:480,0
DA:483,0
DA:484,0
DA:485,0
DA:491,0
DA:493,0
DA:508,0
DA:522,0
DA:540,0
DA:541,0
DA:543,0
DA:546,0
DA:547,0
DA:551,0
DA:555,0
DA:558,0
DA:562,0
DA:566,0
DA:567,0
DA:568,0
DA:569,0
DA:570,0
DA:573,0
DA:574,0
DA:577,0
DA:582,0
DA:583,0
DA:584,0
DA:585,0
DA:588,0
DA:589,0
DA:597,0
DA:598,0
DA:603,0
DA:604,0
DA:605,0
DA:606,0
DA:607,0
DA:609,0
DA:613,0
DA:614,0
DA:615,0
DA:619,0
DA:629,0
DA:635,0
DA:642,0
DA:645,0
DA:646,0
DA:654,0
DA:656,0
DA:704,0
DA:705,0
DA:706,0
DA:708,0
DA:904,6
DA:908,6
DA:909,0
DA:910,0
DA:911,0
DA:912,0
DA:914,0
DA:915,0
DA:916,0
DA:918,0
DA:921,0
DA:924,0
DA:925,0
DA:928,0
DA:929,0
DA:931,0
DA:934,0
DA:937,0
DA:940,0
DA:941,0
DA:942,0
DA:945,0
DA:946,0
DA:948,0
DA:950,0
DA:951,0
DA:952,0
DA:953,0
DA:955,0
DA:996,0
DA:1022,6
DA:1023,0
DA:1024,0
DA:1026,0
DA:1028,0
DA:1032,0
DA:1102,0
DA:1160,6
DA:1161,0
DA:1162,0
DA:1164,0
DA:1184,6
DA:1185,0
DA:1186,0
DA:1187,0
DA:1188,0
DA:1191,0
DA:1192,0
DA:1193,0
DA:1196,0
DA:1197,0
DA:1201,0
DA:1202,0
DA:1203,0
DA:1204,0
DA:1206,0
DA:1221,0
DA:1223,0
DA:1242,6
DA:1244,0
DA:1245,0
DA:1247,0
DA:1248,0
DA:1251,0
DA:1293,6
DA:1295,0
DA:1296,0
DA:1297,0
DA:1298,0
DA:1299,0
DA:1300,0
DA:1301,0
DA:1304,0
DA:1306,0
DA:1307,0
DA:1310,0
DA:1353,0
DA:1354,0
DA:1355,0
DA:1380,6
DA:1381,0
DA:1382,0
DA:1384,0
DA:1408,0
DA:1410,0
DA:1463,0
DA:1465,0
DA:1467,0
DA:1469,0
DA:1471,0
DA:1478,0
DA:1484,0
DA:1488,0
DA:1492,0
DA:1493,0
DA:1494,0
DA:1498,0
DA:1499,0
DA:1504,0
DA:1509,0
DA:1513,0
DA:1514,0
DA:1515,0
DA:1516,0
DA:1519,0
DA:1521,0
DA:1523,0
DA:1526,0
DA:1527,0
DA:1530,0
DA:1548,0
DA:1550,0
DA:1594,0
DA:1613,6
DA:1616,6
DA:1617,0
DA:1619,0
DA:1621,0
DA:1622,0
DA:1623,0
DA:1625,0
DA:1626,0
DA:1629,0
DA:1632,0
LF:240
LH:13
BRDA:40,0,0,0
BRDA:40,0,1,0
BRDA:43,1,0,0
BRDA:43,1,1,0
BRDA:70,2,0,0
BRDA:70,2,1,0
BRDA:80,3,0,0
BRDA:80,3,1,0
BRDA:80,4,0,0
BRDA:80,4,1,0
BRDA:81,5,0,0
BRDA:81,5,1,0
BRDA:84,6,0,0
BRDA:84,6,1,0
BRDA:90,7,0,0
BRDA:90,7,1,0
BRDA:90,8,0,0
BRDA:90,8,1,0
BRDA:90,8,2,0
BRDA:92,9,0,0
BRDA:92,9,1,0
BRDA:92,10,0,0
BRDA:92,10,1,0
BRDA:99,11,0,0
BRDA:99,11,1,0
BRDA:136,12,0,0
BRDA:136,12,1,0
BRDA:136,12,2,0
BRDA:168,13,0,0
BRDA:168,13,1,0
BRDA:168,13,2,0
BRDA:209,14,0,0
BRDA:209,14,1,0
BRDA:226,15,0,0
BRDA:226,15,1,0
BRDA:226,15,2,0
BRDA:256,16,0,0
BRDA:256,16,1,0
BRDA:260,17,0,0
BRDA:260,17,1,0
BRDA:260,17,2,0
BRDA:260,17,3,0
BRDA:260,17,4,0
BRDA:271,18,0,0
BRDA:271,18,1,0
BRDA:271,19,0,0
BRDA:271,19,1,0
BRDA:366,20,0,0
BRDA:366,20,1,0
BRDA:372,21,0,0
BRDA:372,21,1,0
BRDA:478,22,0,0
BRDA:478,22,1,0
BRDA:478,23,0,0
BRDA:478,23,1,0
BRDA:483,24,0,0
BRDA:483,24,1,0
BRDA:483,25,0,0
BRDA:483,25,1,0
BRDA:540,26,0,0
BRDA:540,26,1,0
BRDA:540,27,0,0
BRDA:540,27,1,0
BRDA:569,28,0,0
BRDA:569,28,1,0
BRDA:582,29,0,0
BRDA:582,29,1,0
BRDA:582,30,0,0
BRDA:582,30,1,0
BRDA:597,31,0,0
BRDA:597,31,1,0
BRDA:597,32,0,0
BRDA:597,32,1,0
BRDA:605,33,0,0
BRDA:605,33,1,0
BRDA:646,34,0,0
BRDA:646,34,1,0
BRDA:646,35,0,0
BRDA:646,35,1,0
BRDA:646,35,2,0
BRDA:646,35,3,0
BRDA:646,35,4,0
BRDA:659,36,0,0
BRDA:659,36,1,0
BRDA:685,37,0,0
BRDA:685,37,1,0
BRDA:697,38,0,0
BRDA:697,38,1,0
BRDA:697,38,2,0
BRDA:697,38,3,0
BRDA:697,38,4,0
BRDA:697,38,5,0
BRDA:697,38,6,0
[...]
FN:79,(anonymous_1)
FN:83,(anonymous_2)
FN:87,(anonymous_3)
FN:106,(anonymous_4)
FN:110,(anonymous_5)
FN:114,(anonymous_6)
FN:122,(anonymous_7)
FN:131,(anonymous_8)
FN:141,(anonymous_9)
FN:145,(anonymous_10)
FN:149,(anonymous_11)
FN:153,(anonymous_12)
FN:157,(anonymous_13)
FN:162,(anonymous_14)
FN:164,(anonymous_15)
FN:164,(anonymous_16)
FN:175,(anonymous_17)
FN:179,(anonymous_18)
FN:185,(anonymous_19)
FN:191,(anonymous_20)
FN:207,(anonymous_21)
FN:210,(anonymous_22)
FN:212,(anonymous_23)
FN:218,(anonymous_24)
FN:241,(anonymous_25)
FN:245,(anonymous_26)
FN:249,(anonymous_27)
FN:253,(anonymous_28)
FN:259,(anonymous_29)
FN:260,(anonymous_30)
FN:265,(anonymous_31)
FN:269,(anonymous_32)
FN:273,(anonymous_33)
FN:277,(anonymous_34)
FN:285,(anonymous_35)
FN:293,(anonymous_36)
FN:301,(anonymous_37)
FN:308,(anonymous_38)
FN:314,(anonymous_39)
FN:325,(anonymous_40)
FN:344,(anonymous_41)
FN:345,(anonymous_42)
FN:347,(anonymous_43)
FN:350,(anonymous_44)
FN:353,(anonymous_45)
FN:354,(anonymous_46)
FN:356,(anonymous_47)
FN:524,_getInternalCopyOfGetPersonById
FN:545,_updateStoreFromServer
FN:556,(anonymous_50)
FN:560,(anonymous_51)
FN:571,_transformPersonData
FN:579,(anonymous_53)
FN:592,(anonymous_54)
FN:611,(anonymous_55)
FN:654,_updatePersonData
FN:671,(anonymous_57)
FN:678,(anonymous_58)
FN:691,(anonymous_59)
FN:707,_updatePersonsData
FN:708,(anonymous_61)
FN:721,_updateRecordIdByType
FN:731,_updateHouseholdIncome
FN:741,_updateEnrollmentYear
FN:746,_updateViewOnlyModeFlag
FN:757,_updatePersonTotals
FN:781,_updatePAIPersonTotals
FN:799,_addNewMember
FN:809,_removeAvailableAvatar
FN:839,_removeManualPAIEdit
FNF:71
FNH:31
FNDA:0,(anonymous_0)
FNDA:0,(anonymous_1)
FNDA:0,(anonymous_2)
FNDA:0,(anonymous_3)
FNDA:0,(anonymous_4)
FNDA:0,(anonymous_5)
FNDA:33,(anonymous_6)
FNDA:0,(anonymous_7)
FNDA:0,(anonymous_8)
FNDA:0,(anonymous_9)
FNDA:0,(anonymous_10)
FNDA:0,(anonymous_11)
FNDA:0,(anonymous_12)
FNDA:1,(anonymous_13)
FNDA:0,(anonymous_14)
FNDA:0,(anonymous_15)
FNDA:0,(anonymous_16)
FNDA:6,(anonymous_17)
FNDA:0,(anonymous_18)
FNDA:56,(anonymous_19)
FNDA:0,(anonymous_20)
FNDA:5,(anonymous_21)
FNDA:0,(anonymous_22)
FNDA:9,(anonymous_23)
FNDA:1,(anonymous_24)
FNDA:0,(anonymous_25)
FNDA:1,(anonymous_26)
FNDA:0,(anonymous_27)
FNDA:0,(anonymous_28)
FNDA:0,(anonymous_29)
FNDA:0,(anonymous_30)
FNDA:19,(anonymous_31)
FNDA:3,(anonymous_32)
FNDA:0,(anonymous_33)
FNDA:0,(anonymous_34)
FNDA:0,(anonymous_35)
FNDA:0,(anonymous_36)
FNDA:0,(anonymous_37)
FNDA:0,(anonymous_38)
FNDA:0,(anonymous_39)
FNDA:24,(anonymous_40)
FNDA:0,(anonymous_41)
FNDA:0,(anonymous_42)
FNDA:0,(anonymous_43)
FNDA:0,(anonymous_44)
FNDA:0,(anonymous_45)
FNDA:0,(anonymous_46)
FNDA:571,(anonymous_47)
FNDA:197,_getInternalCopyOfGetPersonById
FNDA:5,_updateStoreFromServer
FNDA:2,(anonymous_50)
FNDA:3,(anonymous_51)
FNDA:62,_transformPersonData
FNDA:248,(anonymous_53)
FNDA:0,(anonymous_54)
FNDA:0,(anonymous_55)
FNDA:56,_updatePersonData
FNDA:92,(anonymous_57)
FNDA:165,(anonymous_58)
FNDA:3,(anonymous_59)
FNDA:14,_updatePersonsData
FNDA:14,(anonymous_61)
FNDA:0,_updateRecordIdByType
FNDA:12,_updateHouseholdIncome
FNDA:2,_updateEnrollmentYear
FNDA:2,_updateViewOnlyModeFlag
FNDA:2,_updatePersonTotals
FNDA:1,_updatePAIPersonTotals
FNDA:4,_addNewMember
FNDA:24,_removeAvailableAvatar
FNDA:0,_removeManualPAIEdit
DA:8,203
DA:9,203
DA:10,203
DA:11,203
DA:12,203
DA:14,203
DA:15,203
DA:16,203
DA:17,203
DA:18,203
DA:50,203
DA:51,203
DA:52,203
DA:58,203
DA:59,203
DA:61,203
DA:65,0
DA:67,0
DA:68,0
DA:73,0
DA:75,0
DA:76,0
DA:80,0
DA:84,0
DA:89,0
DA:91,0
DA:93,0
DA:94,0
DA:95,0
DA:96,0
DA:97,0
DA:101,0
DA:102,0
DA:107,0
DA:111,0
DA:115,33
DA:123,0
DA:132,0
DA:142,0
DA:146,0
DA:150,0
DA:154,0
DA:158,1
DA:159,1
DA:163,0
DA:164,0
DA:165,0
DA:166,0
DA:168,0
DA:169,0
DA:171,0
DA:176,6
DA:177,6
DA:179,0
DA:180,0
DA:182,0
DA:187,56
DA:188,56
DA:190,56
DA:191,0
DA:192,0
DA:198,0
DA:201,0
DA:204,56
DA:208,5
DA:210,0
DA:213,9
DA:214,9
DA:215,0
DA:220,1
DA:222,1
DA:223,1
DA:227,1
DA:229,0
DA:231,0
DA:232,0
DA:233,0
DA:234,0
DA:238,0
DA:242,0
DA:246,1
DA:250,0
DA:254,0
DA:260,0
DA:261,0
DA:266,19
DA:270,3
DA:274,0
DA:278,0
DA:279,0
DA:280,0
DA:282,0
DA:283,0
DA:285,0
DA:286,0
DA:290,0
DA:294,0
DA:295,0
DA:296,0
DA:298,0
DA:299,0
DA:301,0
DA:302,0
DA:305,0
DA:309,0
DA:311,0
DA:315,0
DA:316,0
DA:317,0
DA:326,24
DA:327,24
DA:328,24
DA:331,24
DA:334,24
DA:336,24
DA:337,3
DA:340,24
DA:345,0
DA:348,0
DA:351,0
DA:354,0
DA:357,571
DA:361,571
DA:364,3
DA:365,3
DA:366,3
DA:367,3
DA:370,2
DA:371,2
DA:372,2
DA:373,2
DA:374,2
DA:375,2
DA:376,2
DA:381,1
DA:382,0
DA:383,0
DA:385,1
DA:387,2
DA:388,0
DA:389,0
DA:392,2
DA:393,0
DA:394,0
DA:396,2
DA:398,2
DA:399,1
DA:400,1
DA:401,1
DA:402,1
DA:404,1
DA:405,0
DA:406,0
DA:407,0
DA:408,0
DA:410,2
DA:411,2
DA:412,2
DA:413,2
DA:414,2
DA:416,6
DA:417,6
DA:418,0
DA:420,6
DA:421,6
DA:422,6
DA:424,1
DA:425,1
DA:426,0
DA:428,1
DA:429,1
DA:430,1
DA:432,1
DA:433,0
DA:434,0
DA:435,0
DA:436,0
DA:437,0
DA:439,1
DA:440,0
DA:441,0
DA:442,0
DA:443,0
DA:444,0
DA:447,4
DA:448,2
DA:449,2
DA:450,2
DA:451,2
DA:454,3
DA:455,3
DA:456,3
DA:457,3
DA:461,0
DA:462,0
DA:463,0
DA:465,0
DA:466,0
DA:467,0
DA:468,0
DA:469,0
DA:471,1
DA:472,1
DA:473,1
DA:474,1
DA:477,38
DA:478,38
DA:479,38
DA:480,38
DA:483,13
DA:484,12
DA:485,12
DA:486,12
DA:488,2
DA:489,2
DA:490,2
DA:492,2
DA:493,2
DA:494,2
DA:496,2
DA:498,1
DA:499,1
DA:502,0
DA:504,1
DA:505,1
DA:507,2
DA:508,2
DA:509,2
DA:511,0
DA:512,0
DA:513,0
DA:514,0
DA:516,484
DA:525,197
DA:526,197
DA:527,197
DA:530,197
DA:532,197
DA:534,180
DA:535,138
DA:536,138
DA:539,54
DA:542,126
DA:546,5
DA:550,5
DA:551,3
DA:555,5
DA:556,2
DA:560,3
DA:561,3
DA:562,3
DA:563,0
DA:568,5
DA:572,62
DA:574,62
DA:575,62
DA:577,62
DA:579,62
DA:580,248
DA:581,28
DA:586,62
DA:587,0
DA:591,62
DA:592,0
DA:593,0
DA:594,0
DA:599,62
DA:602,0
DA:603,0
DA:610,62
DA:611,0
DA:613,0
DA:614,0
DA:617,0
DA:618,0
DA:619,0
DA:622,0
DA:626,62
DA:627,0
DA:628,0
DA:631,0
DA:632,0
DA:633,0
DA:638,62
DA:639,22
DA:642,40
DA:645,62
DA:655,56
DA:656,56
DA:657,56
DA:659,56
DA:660,33
DA:661,33
DA:665,23
DA:667,23
DA:671,23
DA:672,92
DA:673,0
DA:678,23
DA:679,165
DA:686,1
DA:690,23
DA:691,1
DA:692,3
DA:693,3
DA:698,23
DA:708,14
DA:709,14
DA:722,0
DA:723,0
DA:732,12
DA:733,0
DA:742,2
DA:743,0
DA:747,2
DA:758,2
DA:759,1
DA:760,1
DA:761,1
DA:762,0
DA:764,1
DA:767,0
DA:768,0
DA:774,0
DA:782,1
DA:783,1
DA:784,1
DA:785,1
DA:786,1
DA:788,1
DA:792,0
DA:793,0
DA:796,0
DA:804,4
DA:806,4
DA:810,24
DA:811,24
DA:813,24
DA:814,63
DA:816,63
DA:817,63
DA:818,24
DA:822,63
DA:823,0
DA:824,0
DA:828,63
DA:829,24
DA:834,24
DA:835,0
DA:841,0
DA:842,0
DA:843,0
DA:844,0
DA:845,0
DA:847,0
DA:851,0
LF:356
LH:202
BRDA:65,0,0,0
BRDA:65,0,1,0
BRDA:65,1,0,0
BRDA:65,1,1,0
BRDA:73,2,0,0
BRDA:73,2,1,0
BRDA:89,3,0,0
BRDA:89,3,1,0
BRDA:89,4,0,0
BRDA:89,4,1,0
BRDA:95,5,0,0
BRDA:95,5,1,0
BRDA:101,6,0,0
BRDA:101,6,1,0
BRDA:132,7,0,0
BRDA:132,7,1,0
BRDA:165,8,0,0
BRDA:165,8,1,0
BRDA:168,9,0,0
BRDA:168,9,1,0
BRDA:177,10,0,6
BRDA:177,10,1,0
BRDA:177,11,0,6
BRDA:177,11,1,0
BRDA:190,12,0,0
BRDA:190,12,1,56
BRDA:192,13,0,0
BRDA:192,13,1,0
BRDA:194,14,0,0
BRDA:194,14,1,0
BRDA:194,14,2,0
BRDA:194,14,3,0
BRDA:214,15,0,9
BRDA:214,15,1,0
BRDA:214,16,0,9
BRDA:214,16,1,0
BRDA:220,17,0,0
BRDA:220,17,1,1
BRDA:220,18,0,1
BRDA:220,18,1,1
BRDA:227,19,0,1
BRDA:227,19,1,0
BRDA:227,20,0,1
BRDA:227,20,1,0
BRDA:232,21,0,0
BRDA:232,21,1,0
BRDA:280,22,0,0
BRDA:280,22,1,0
BRDA:282,23,0,0
BRDA:282,23,1,0
BRDA:283,24,0,0
BRDA:283,24,1,0
BRDA:286,25,0,0
BRDA:286,25,1,0
BRDA:296,26,0,0
BRDA:296,26,1,0
BRDA:298,27,0,0
BRDA:298,27,1,0
BRDA:299,28,0,0
BRDA:299,28,1,0
BRDA:302,29,0,0
BRDA:302,29,1,0
BRDA:336,30,0,3
BRDA:336,30,1,21
BRDA:345,31,0,0
BRDA:345,31,1,0
BRDA:345,32,0,0
BRDA:345,32,1,0
BRDA:351,33,0,0
BRDA:351,33,1,0
BRDA:354,34,0,0
BRDA:354,34,1,0
BRDA:361,35,0,3
BRDA:361,35,1,2
BRDA:361,35,2,1
BRDA:361,35,3,2
BRDA:361,35,4,2
BRDA:361,35,5,1
BRDA:361,35,6,2
BRDA:361,35,7,6
BRDA:361,35,8,1
BRDA:361,35,9,1
BRDA:361,35,10,1
BRDA:361,35,11,3
BRDA:361,35,12,4
BRDA:361,35,13,3
BRDA:361,35,14,0
BRDA:361,35,15,1
BRDA:361,35,16,15
BRDA:361,35,17,38
BRDA:361,35,18,10
BRDA:361,35,19,13
BRDA:361,35,20,2
BRDA:361,35,21,2
BRDA:361,35,22,2
BRDA:361,35,23,0
BRDA:361,35,24,484
BRDA:381,36,0,0
BRDA:381,36,1,1
BRDA:387,37,0,0
BRDA:387,37,1,2
BRDA:392,38,0,0
BRDA:392,38,1,2
BRDA:398,39,0,1
BRDA:398,39,1,1
BRDA:404,40,0,1
BRDA:404,40,1,0
BRDA:417,41,0,0
BRDA:417,41,1,6
BRDA:425,42,0,0
BRDA:425,42,1,1
BRDA:432,43,0,1
BRDA:432,43,1,0
BRDA:439,44,0,1
BRDA:439,44,1,0
BRDA:447,45,0,2
BRDA:447,45,1,2
BRDA:454,46,0,0
BRDA:454,46,1,3
BRDA:462,47,0,0
BRDA:462,47,1,0
BRDA:462,48,0,0
BRDA:462,48,1,0
BRDA:466,49,0,0
BRDA:466,49,1,0
BRDA:471,50,0,0
BRDA:471,50,1,1
BRDA:477,51,0,0
BRDA:477,51,1,38
BRDA:483,52,0,1
BRDA:483,52,1,12
BRDA:490,53,0,2
BRDA:490,53,1,0
BRDA:496,54,0,1
BRDA:496,54,1,1
BRDA:496,55,0,2
BRDA:496,55,1,1
BRDA:498,56,0,1
BRDA:498,56,1,0
BRDA:511,57,0,0
BRDA:511,57,1,0
BRDA:532,58,0,17
BRDA:532,58,1,180
BRDA:536,59,0,54
BRDA:536,59,1,84
BRDA:536,60,0,138
BRDA:536,60,1,84
BRDA:536,60,2,60
BRDA:546,61,0,2
BRDA:546,61,1,3
BRDA:550,62,0,3
BRDA:550,62,1,2
BRDA:555,63,0,2
BRDA:555,63,1,3
BRDA:562,64,0,0
BRDA:562,64,1,3
BRDA:580,65,0,28
BRDA:580,65,1,220
BRDA:586,66,0,0
BRDA:586,66,1,62
BRDA:586,67,0,62
BRDA:586,67,1,34
BRDA:591,68,0,0
BRDA:591,68,1,62
BRDA:591,69,0,62
BRDA:591,69,1,0
BRDA:593,70,0,0
BRDA:593,70,1,0
BRDA:599,71,0,0
BRDA:599,71,1,62
BRDA:599,72,0,62
BRDA:599,72,1,37
BRDA:599,72,2,0
BRDA:604,73,0,0
BRDA:604,73,1,0
BRDA:604,74,0,0
BRDA:604,74,1,0
BRDA:610,75,0,0
BRDA:610,75,1,62
BRDA:610,76,0,62
BRDA:610,76,1,28
BRDA:613,77,0,0
BRDA:613,77,1,0
BRDA:617,78,0,0
BRDA:617,78,1,0
BRDA:626,79,0,0
BRDA:626,79,1,62
BRDA:627,80,0,0
BRDA:627,80,1,0
BRDA:638,81,0,22
BRDA:638,81,1,40
BRDA:638,82,0,62
BRDA:638,82,1,35
BRDA:638,82,2,40
BRDA:638,82,3,27
BRDA:638,82,4,0
BRDA:642,83,0,27
BRDA:642,83,1,13
BRDA:642,84,0,40
BRDA:642,84,1,27
BRDA:659,85,0,33
BRDA:659,85,1,23
BRDA:665,86,0,23
BRDA:665,86,1,0
BRDA:665,87,0,23
BRDA:665,87,1,23
BRDA:672,88,0,0
BRDA:672,88,1,92
BRDA:679,89,0,1
BRDA:679,89,1,164
BRDA:681,90,0,165
BRDA:681,90,1,145
BRDA:681,90,2,6
BRDA:681,90,3,6
BRDA:681,90,4,1
BRDA:681,90,5,1
BRDA:690,91,0,1
BRDA:690,91,1,22
BRDA:692,92,0,3
BRDA:692,92,1,0
BRDA:732,93,0,12
BRDA:732,93,1,0
BRDA:742,94,0,2
BRDA:742,94,1,0
BRDA:758,95,0,1
BRDA:758,95,1,1
BRDA:760,96,0,1
BRDA:760,96,1,0
BRDA:761,97,0,0
BRDA:761,97,1,1
BRDA:767,98,0,0
BRDA:767,98,1,0
BRDA:775,99,0,0
BRDA:775,99,1,0
BRDA:776,100,0,0
BRDA:776,100,1,0
BRDA:777,101,0,0
BRDA:777,101,1,0
BRDA:782,102,0,0
BRDA:782,102,1,1
BRDA:784,103,0,1
BRDA:784,103,1,0
BRDA:785,104,0,1
BRDA:785,104,1,0
BRDA:792,105,0,0
BRDA:792,105,1,0
BRDA:814,106,0,0
BRDA:814,106,1,63
BRDA:817,107,0,24
BRDA:817,107,1,39
BRDA:822,108,0,0
BRDA:822,108,1,63
BRDA:828,109,0,24
BRDA:828,109,1,39
BRDA:834,110,0,0
BRDA:834,110,1,24
BRDA:841,111,0,0
BRDA:841,111,1,0
BRDA:843,112,0,0
BRDA:843,112,1,0
BRDA:844,113,0,0
BRDA:844,113,1,0
BRF:262
BRH:129
end_of_record
TN:
SF:C:\Sandbox\WS_17.5\LightWeight_Static\react-app\src\main\resources\app\src\Stores\TribesStore.js
FN:18,(anonymous_0)
FN:20,(anonymous_1)
FN:23,(anonymous_2)
FN:26,(anonymous_3)
FN:29,(anonymous_4)
FN:32,(anonymous_5)
FN:35,(anonymous_6)
FN:50,(anonymous_7)
FNF:8
FNH:6
FNDA:4,(anonymous_0)
FNDA:1,(anonymous_1)
FNDA:0,(anonymous_2)
FNDA:0,(anonymous_3)
FNDA:3,(anonymous_4)
FNDA:4,(anonymous_5)
FNDA:594,(anonymous_6)
FNDA:6,(anonymous_7)
DA:6,219
DA:16,219
DA:18,4
DA:21,1
DA:24,0
DA:26,0
DA:27,0
DA:30,3
DA:32,4
DA:33,2
DA:36,594
DA:39,594
DA:41,6
DA:43,6
DA:44,6
DA:50,219
DA:51,6
DA:53,1
LF:18
LH:15
BRDA:24,0,0,0
BRDA:24,0,1,0
BRDA:24,1,0,0
BRDA:24,1,1,0
BRDA:27,2,0,0
BRDA:27,2,1,0
BRDA:30,3,0,1
BRDA:30,3,1,2
BRDA:30,4,0,3
BRDA:30,4,1,1
BRDA:33,5,0,1
BRDA:33,5,1,1
BRDA:39,6,0,6
BRDA:51,7,0,5
BRDA:51,7,1,1
BRDA:51,8,0,6
BRDA:51,8,1,5
BRF:17
BRH:11
end_of_record
TN:
SF:C:\Sandbox\WS_17.5\LightWeight_Static\react-app\src\main\resources\app\src\Stores\UserHomeStore.js
FN:12,(anonymous_0)
FN:14,(anonymous_1)
FN:16,(anonymous_2)
FN:18,(anonymous_3)
FN:20,(anonymous_4)
FN:22,(anonymous_5)
FN:24,(anonymous_6)
FN:26,(anonymous_7)
FN:28,(anonymous_8)
FN:30,(anonymous_9)
FN:32,(anonymous_10)
FN:34,(anonymous_11)
FN:36,(anonymous_12)
FN:38,(anonymous_13)
FN:40,(anonymous_14)
FN:40,(anonymous_15)
FN:42,(anonymous_16)
FN:44,(anonymous_17)
FN:46,(anonymous_18)
FN:48,(anonymous_19)
FN:50,(anonymous_20)
FN:52,(anonymous_21)
FN:54,(anonymous_22)
FN:56,(anonymous_23)
FN:60,(anonymous_24)
FN:66,(anonymous_25)
FN:69,(anonymous_26)
FN:71,(anonymous_27)
FN:73,(anonymous_28)
FN:90,_transformUserHomeData
FN:102,(anonymous_30)
FN:104,(anonymous_31)
FN:105,(anonymous_32)
FN:116,(anonymous_33)
FNF:34
FNH:30
FNDA:3,(anonymous_0)
FNDA:1,(anonymous_1)
FNDA:3,(anonymous_2)
FNDA:1,(anonymous_3)
FNDA:1,(anonymous_4)
FNDA:1,(anonymous_5)
FNDA:1,(anonymous_6)
FNDA:1,(anonymous_7)
FNDA:1,(anonymous_8)
FNDA:0,(anonymous_9)
FNDA:1,(anonymous_10)
FNDA:1,(anonymous_11)
FNDA:1,(anonymous_12)
FNDA:14,(anonymous_13)
FNDA:1,(anonymous_14)
FNDA:3,(anonymous_15)
FNDA:1,(anonymous_16)
FNDA:314,(anonymous_17)
FNDA:315,(anonymous_18)
FNDA:1,(anonymous_19)
FNDA:1,(anonymous_20)
FNDA:1,(anonymous_21)
FNDA:40,(anonymous_22)
FNDA:2,(anonymous_23)
FNDA:0,(anonymous_24)
FNDA:0,(anonymous_25)
FNDA:14,(anonymous_26)
FNDA:0,(anonymous_27)
FNDA:548,(anonymous_28)
FNDA:2,_transformUserHomeData
FNDA:5,(anonymous_30)
FNDA:2,(anonymous_31)
FNDA:2,(anonymous_32)
FNDA:16,(anonymous_33)
DA:9,218
DA:10,218
DA:12,3
DA:14,1
DA:16,3
DA:18,1
DA:20,1
DA:22,1
DA:24,1
DA:26,1
DA:28,1
DA:30,0
DA:32,1
DA:34,1
DA:36,1
DA:38,14
DA:40,3
DA:42,1
DA:44,314
DA:46,315
DA:48,1
DA:50,1
DA:52,1
DA:54,40
DA:56,2
DA:61,0
DA:64,0
DA:66,0
DA:69,14
DA:71,0
DA:74,548
DA:76,548
DA:78,0
DA:80,2
DA:81,2
DA:82,2
DA:91,2
DA:92,2
DA:102,2
DA:103,5
DA:105,2
DA:106,2
DA:107,2
DA:112,2
DA:116,2
DA:117,16
DA:118,2
DA:121,2
LF:48
LH:42
BRDA:14,0,0,1
BRDA:14,0,1,1
BRDA:16,1,0,3
BRDA:16,1,1,1
BRDA:18,2,0,1
BRDA:18,2,1,1
BRDA:20,3,0,1
BRDA:20,3,1,1
BRDA:22,4,0,1
BRDA:22,4,1,1
BRDA:24,5,0,1
BRDA:24,5,1,1
BRDA:26,6,0,1
BRDA:26,6,1,1
BRDA:28,7,0,1
BRDA:28,7,1,1
BRDA:30,8,0,0
BRDA:30,8,1,0
BRDA:32,9,0,1
BRDA:32,9,1,1
BRDA:34,10,0,1
BRDA:34,10,1,1
BRDA:38,11,0,14
BRDA:38,11,1,1
BRDA:40,12,0,1
BRDA:40,12,1,1
BRDA:42,13,0,1
BRDA:42,13,1,1
BRDA:44,14,0,314
BRDA:44,14,1,0
BRDA:46,15,0,315
BRDA:46,15,1,1
BRDA:48,16,0,1
BRDA:48,16,1,1
BRDA:50,17,0,1
BRDA:50,17,1,1
BRDA:52,18,0,1
BRDA:52,18,1,1
BRDA:54,19,0,40
BRDA:54,19,1,1
BRDA:61,20,0,0
BRDA:61,20,1,0
BRDA:61,21,0,0
BRDA:61,21,1,0
BRDA:61,21,2,0
BRDA:61,21,3,0
BRDA:64,22,0,0
BRDA:64,22,1,0
BRDA:64,23,0,0
BRDA:64,23,1,0
BRDA:64,23,2,0
BRDA:69,24,0,14
BRDA:69,24,1,1
BRDA:71,25,0,0
BRDA:71,25,1,0
BRDA:71,25,2,0
BRDA:76,26,0,0
BRDA:76,26,1,2
BRDA:107,27,0,2
BRDA:107,27,1,0
BRDA:117,28,0,2
BRDA:117,28,1,14
BRF:62
BRH:43
end_of_record
TN:
SF:C:\Sandbox\WS_17.5\LightWeight_Static\react-app\src\main\resources\app\src\Stores\ValidationsStore.js
FN:59,(anonymous_0)
FN:61,(anonymous_1)
FN:63,(anonymous_2)
FNF:3
FNH:3
FNDA:20,(anonymous_0)
FNDA:13,(anonymous_1)
FNDA:37,(anonymous_2)
DA:10,9
DA:25,9
DA:57,9
DA:59,20
DA:61,13
DA:64,37
DA:66,37
DA:71,1
DA:72,1
DA:73,1
DA:78,1
DA:79,1
DA:80,1
LF:13
LH:13
BRDA:66,0,0,1
BRDA:66,0,1,1
BRF:2
BRH:2
end_of_record
TN:
SF:C:\Sandbox\WS_17.5\LightWeight_Static\react-app\src\main\resources\app\src\Stores\VerificationQuestionsStore.js
FN:33,(anonymous_0)
FN:37,(anonymous_1)
FN:40,(anonymous_2)
FN:41,(anonymous_3)
FN:44,(anonymous_4)
FN:49,(anonymous_5)
FN:50,(anonymous_6)
FN:57,(anonymous_7)
FN:62,(anonymous_8)
FN:65,(anonymous_9)
FN:108,(anonymous_10)
FN:131,(anonymous_11)
FNF:12
FNH:8
FNDA:1,(anonymous_0)
FNDA:1,(anonymous_1)
FNDA:0,(anonymous_2)
FNDA:1,(anonymous_3)
FNDA:0,(anonymous_4)
FNDA:1,(anonymous_5)
FNDA:1,(anonymous_6)
FNDA:0,(anonymous_7)
FNDA:0,(anonymous_8)
FNDA:591,(anonymous_9)
FNDA:30,(anonymous_10)
FNDA:18,(anonymous_11)
DA:6,221
DA:29,221
DA:31,221
DA:34,1
DA:35,1
DA:38,1
DA:40,0
DA:42,1
DA:43,0
DA:44,0
DA:45,0
DA:49,1
DA:51,1
DA:52,1
DA:53,0
DA:55,1
DA:58,0
DA:59,0
DA:60,0
DA:62,0
DA:63,0
DA:66,591
DA:69,591
DA:71,9
DA:72,9
DA:73,9
DA:74,9
DA:76,9
DA:77,9
DA:78,9
DA:79,9
DA:80,9
DA:81,9
DA:83,12
DA:84,12
DA:85,12
DA:86,12
DA:87,12
DA:89,2
DA:90,2
DA:91,2
DA:93,1
DA:94,1
DA:95,1
DA:97,558
DA:108,221
DA:109,30
DA:110,30
DA:111,30
DA:112,1
DA:113,1
DA:115,29
DA:116,1
DA:117,1
DA:118,1
DA:120,28
DA:121,3
DA:122,3
DA:123,3
DA:124,3
DA:126,25
DA:127,2
DA:128,2
DA:131,221
DA:132,18
DA:133,0
LF:66
LH:55
BRDA:42,0,0,0
BRDA:42,0,1,1
BRDA:42,1,0,1
BRDA:42,1,1,0
BRDA:42,1,2,0
BRDA:52,2,0,0
BRDA:52,2,1,1
BRDA:52,3,0,1
BRDA:52,3,1,0
BRDA:52,3,2,0
BRDA:60,4,0,0
BRDA:60,4,1,0
BRDA:60,4,2,0
BRDA:62,5,0,0
BRDA:62,5,1,0
BRDA:69,6,0,9
BRDA:69,6,1,9
BRDA:69,6,2,12
BRDA:69,6,3,2
BRDA:69,6,4,1
BRDA:69,6,5,558
BRDA:111,7,0,1
BRDA:111,7,1,29
BRDA:115,8,0,1
BRDA:115,8,1,28
BRDA:120,9,0,3
BRDA:120,9,1,25
BRDA:126,10,0,2
BRDA:126,10,1,23
BRDA:132,11,0,18
BRDA:132,11,1,0
BRDA:132,12,0,18
BRDA:132,12,1,18
BRF:33
BRH:21
end_of_record
TN:
SF:C:\Sandbox\WS_17.5\LightWeight_Static\react-app\src\main\resources\app\src\Stores\VoterRegistrationStore.js
FN:14,(anonymous_0)
FN:15,(anonymous_1)
FN:31,_updateStoreFromServer
FNF:3
FNH:3
FNDA:18,(anonymous_0)
FNDA:17,(anonymous_1)
FNDA:3,_updateStoreFromServer
DA:5,7
DA:12,7
DA:14,18
DA:16,17
DA:18,17
DA:21,3
DA:22,3
DA:23,3
DA:25,14
DA:32,3
LF:10
LH:10
BRDA:18,0,0,2
BRDA:18,0,1,3
BRDA:18,0,2,14
BRF:3
BRH:3
end_of_record
TN:
SF:C:\Sandbox\WS_17.5\LightWeight_Static\react-app\src\main\resources\app\src\Stores\IncomeApp\DeductionCategoriesStore.js
FN:70,(anonymous_0)
FN:83,(anonymous_1)
FN:87,(anonymous_2)
FN:91,(anonymous_3)
FN:103,(anonymous_4)
FN:114,(anonymous_5)
FN:123,(anonymous_6)
FNF:7
FNH:7
FNDA:176,(anonymous_0)
FNDA:7,(anonymous_1)
FNDA:1,(anonymous_2)
FNDA:3,(anonymous_3)
FNDA:3,(anonymous_4)
FNDA:1,(anonymous_5)
FNDA:1,(anonymous_6)
DA:5,11
DA:58,11
DA:70,11
DA:71,176
DA:72,176
DA:81,11
DA:84,7
DA:88,1
DA:92,3
DA:93,3
DA:94,48
DA:95,0
DA:99,3
DA:104,3
DA:105,3
DA:106,48
DA:107,0
DA:111,3
DA:115,1
DA:116,1
DA:117,1
DA:120,0
DA:124,1
DA:125,1
DA:126,0
DA:129,1
LF:26
LH:22
BRDA:71,0,0,176
BRDA:71,0,1,0
BRDA:71,1,0,176
BRDA:71,1,1,0
BRDA:94,2,0,0
BRDA:94,2,1,48
BRDA:106,3,0,0
BRDA:106,3,1,48
BRDA:116,4,0,1
BRDA:116,4,1,0
BRDA:125,5,0,0
BRDA:125,5,1,1
BRF:12
BRH:6
end_of_record
TN:
SF:C:\Sandbox\WS_17.5\LightWeight_Static\react-app\src\main\resources\app\src\Stores\IncomeApp\IncomeCategoriesStore.js
FN:33,(anonymous_0)
FN:37,(anonymous_1)
FN:41,(anonymous_2)
FN:53,(anonymous_3)
FN:64,(anonymous_4)
FN:73,(anonymous_5)
FNF:6
FNH:6
FNDA:6,(anonymous_0)
FNDA:1,(anonymous_1)
FNDA:5,(anonymous_2)
FNDA:15,(anonymous_3)
FNDA:5,(anonymous_4)
FNDA:5,(anonymous_5)
DA:5,12
DA:31,12
DA:34,6
DA:38,1
DA:42,5
DA:43,5
DA:44,25
DA:45,0
DA:49,5
DA:54,15
DA:55,15
DA:56,75
DA:57,0
DA:61,15
DA:65,5
DA:66,5
DA:67,5
DA:70,0
DA:74,5
DA:75,5
DA:76,0
DA:79,5
LF:22
LH:18
BRDA:44,0,0,0
BRDA:44,0,1,25
BRDA:56,1,0,0
BRDA:56,1,1,75
BRDA:66,2,0,5
BRDA:66,2,1,0
BRDA:75,3,0,0
BRDA:75,3,1,5
BRF:8
BRH:4
end_of_record
TN:
SF:C:\Sandbox\WS_17.5\LightWeight_Static\react-app\src\main\resources\app\src\Stores\IncomeApp\IncomeTypesStore.js
FN:182,(anonymous_0)
FN:194,(anonymous_1)
FN:203,(anonymous_2)
FN:212,(anonymous_3)
FN:221,(anonymous_4)
FN:232,(anonymous_5)
FN:236,(anonymous_6)
FN:237,(anonymous_7)
FN:240,(anonymous_8)
FNF:9
FNH:9
FNDA:276,(anonymous_0)
FNDA:276,(anonymous_1)
FNDA:276,(anonymous_2)
FNDA:276,(anonymous_3)
FNDA:276,(anonymous_4)
FNDA:1,(anonymous_5)
FNDA:5,(anonymous_6)
FNDA:115,(anonymous_7)
FNDA:4,(anonymous_8)
DA:5,12
DA:170,12
DA:182,12
DA:183,276
DA:184,216
DA:194,12
DA:195,276
DA:196,60
DA:203,12
DA:204,276
DA:205,48
DA:212,12
DA:213,276
DA:214,24
DA:221,12
DA:222,276
DA:223,96
DA:230,12
DA:233,1
DA:237,115
DA:241,4
DA:242,4
DA:243,92
DA:244,0
DA:248,4
LF:25
LH:24
BRDA:183,0,0,216
BRDA:183,0,1,60
BRDA:183,1,0,276
BRDA:183,1,1,60
BRDA:195,2,0,60
BRDA:195,2,1,216
BRDA:204,3,0,48
BRDA:204,3,1,228
BRDA:213,4,0,24
BRDA:213,4,1,252
BRDA:222,5,0,96
BRDA:222,5,1,180
BRDA:243,6,0,0
BRDA:243,6,1,92
BRF:14
BRH:13
end_of_record
